#
# There is insufficient memory for the Java Runtime Environment to continue.
# Native memory allocation (malloc) failed to allocate 570960 bytes. Error detail: Chunk::new
# Possible reasons:
#   The system is out of physical RAM or swap space
#   This process is running with CompressedOops enabled, and the Java Heap may be blocking the growth of the native heap
# Possible solutions:
#   Reduce memory load on the system
#   Increase physical memory or swap space
#   Check if swap backing store is full
#   Decrease Java heap size (-Xmx/-Xms)
#   Decrease number of Java threads
#   Decrease Java thread stack sizes (-Xss)
#   Set larger code cache with -XX:ReservedCodeCacheSize=
#   JVM is running with Unscaled Compressed Oops mode in which the Java heap is
#     placed in the first 4GB address space. The Java Heap base address is the
#     maximum limit for the native heap growth. Please use -XX:HeapBaseMinAddress
#     to set the Java Heap base and to place the Java Heap above 4GB virtual address.
# This output file may be truncated or incomplete.
#
#  Out of Memory Error (arena.cpp:168), pid=16868, tid=4524
#
# JRE version: OpenJDK Runtime Environment Temurin-21.0.10+7 (21.0.10+7) (build 21.0.10+7-LTS)
# Java VM: OpenJDK 64-Bit Server VM Temurin-21.0.10+7 (21.0.10+7-LTS, mixed mode, sharing, tiered, compressed oops, compressed class ptrs, parallel gc, windows-amd64)
# No core dump will be written. Minidumps are not enabled by default on client versions of Windows
#

---------------  S U M M A R Y ------------

Command Line: --add-modules=ALL-SYSTEM --add-opens=java.base/java.util=ALL-UNNAMED --add-opens=java.base/java.lang=ALL-UNNAMED --add-opens=java.base/sun.nio.fs=ALL-UNNAMED -Declipse.application=org.eclipse.jdt.ls.core.id1 -Dosgi.bundles.defaultStartLevel=4 -Declipse.product=org.eclipse.jdt.ls.core.product -Djava.import.generatesMetadataFilesAtProjectRoot=false -DDetectVMInstallationsJob.disabled=true -Dfile.encoding=utf8 -XX:+UseParallelGC -XX:GCTimeRatio=4 -XX:AdaptiveSizePolicyWeight=90 -Dsun.zip.disableMemoryMapping=true -Xmx2G -Xms100m -Xlog:disable -javaagent:c:\Users\sreyn\.vscode\extensions\redhat.java-1.53.0-win32-x64\lombok\lombok-1.18.39-4050.jar -XX:+HeapDumpOnOutOfMemoryError -XX:HeapDumpPath=c:\Users\sreyn\AppData\Roaming\Code\User\workspaceStorage\a483725c38a89179fd28c241c5e416ec\redhat.java -Daether.dependencyCollector.impl=bf c:\Users\sreyn\.vscode\extensions\redhat.java-1.53.0-win32-x64\server\plugins\org.eclipse.equinox.launcher_1.7.100.v20251111-0406.jar -configuration c:\Users\sreyn\AppData\Roaming\Code\User\globalStorage\redhat.java\1.53.0\config_win -data c:\Users\sreyn\AppData\Roaming\Code\User\workspaceStorage\a483725c38a89179fd28c241c5e416ec\redhat.java\jdt_ws --pipe=\\.\pipe\lsp-5b7478f5e1089955417aaafd9c1bfaca-sock

Host: 11th Gen Intel(R) Core(TM) i3-1115G4 @ 3.00GHz, 4 cores, 11G,  Windows 11 , 64 bit Build 26100 (10.0.26100.7309)
Time: Mon Mar 30 23:14:44 2026 SE Asia Standard Time elapsed time: 66.557809 seconds (0d 0h 1m 6s)

---------------  T H R E A D  ---------------

Current thread (0x0000027ce4e132e0):  JavaThread "C2 CompilerThread0" daemon [_thread_in_native, id=4524, stack(0x000000962e600000,0x000000962e700000) (1024K)]


Current CompileTask:
C2:66557 13825       4       java.lang.Class::getField0 (99 bytes)

Stack: [0x000000962e600000,0x000000962e700000]
Native frames: (J=compiled Java code, j=interpreted, Vv=VM code, C=native code)
V  [jvm.dll+0x6d7a39]
V  [jvm.dll+0x8b4b26]
V  [jvm.dll+0x8b70de]
V  [jvm.dll+0x8b77c3]
V  [jvm.dll+0x284346]
V  [jvm.dll+0xc66ed]
V  [jvm.dll+0xc6c31]
V  [jvm.dll+0x3bec3b]
V  [jvm.dll+0x38b162]
V  [jvm.dll+0x38a5aa]
V  [jvm.dll+0x24c560]
V  [jvm.dll+0x24bb40]
V  [jvm.dll+0x1cb34e]
V  [jvm.dll+0x25b85d]
V  [jvm.dll+0x259dea]
V  [jvm.dll+0x3f857e]
V  [jvm.dll+0x85f59d]
V  [jvm.dll+0x6d626d]
C  [ucrtbase.dll+0x37b0]
C  [KERNEL32.DLL+0x2e8d7]
C  [ntdll.dll+0x8c53c]


---------------  P R O C E S S  ---------------

Threads class SMR info:
_java_thread_list=0x0000027ccfbd04f0, length=46, elements={
0x0000027ce4f1b930, 0x0000027ce4e03350, 0x0000027ce4e06a70, 0x0000027ce4e086e0,
0x0000027ce4e09340, 0x0000027ce4e0d410, 0x0000027ce4e0e0d0, 0x0000027ce4e132e0,
0x0000027ce4e7d310, 0x0000027cfc61ea20, 0x0000027cfc715e60, 0x0000027cfc79cf90,
0x0000027cfd014b60, 0x0000027cfcd34a90, 0x0000027cfcd37520, 0x0000027cfd657850,
0x0000027cfce81460, 0x0000027cfd484a20, 0x0000027cfd98e030, 0x0000027cfd98bf60,
0x0000027cfd98ed50, 0x0000027cfd98d310, 0x0000027cfd98c5f0, 0x0000027cfd98d9a0,
0x0000027cfd98cc80, 0x0000027cfd98e6c0, 0x0000027cc51cc410, 0x0000027cc51cde50,
0x0000027cc51ccaa0, 0x0000027cc51cd130, 0x0000027cc51ca9d0, 0x0000027cc51cb6f0,
0x0000027cc51cd7c0, 0x0000027cc51ce4e0, 0x0000027cc51cb060, 0x0000027cc51ceb70,
0x0000027cc51cf200, 0x0000027cc51cbd80, 0x0000027cc51cf890, 0x0000027cc51d12d0,
0x0000027cc51d1ff0, 0x0000027cc51d1960, 0x0000027cc51cff20, 0x0000027cc51d05b0,
0x0000027cc51d0c40, 0x0000027cca3a5130
}

Java Threads: ( => current thread )
  0x0000027ce4f1b930 JavaThread "main"                              [_thread_blocked, id=16580, stack(0x000000962dc00000,0x000000962dd00000) (1024K)]
  0x0000027ce4e03350 JavaThread "Reference Handler"          daemon [_thread_blocked, id=8344, stack(0x000000962e000000,0x000000962e100000) (1024K)]
  0x0000027ce4e06a70 JavaThread "Finalizer"                  daemon [_thread_blocked, id=16448, stack(0x000000962e100000,0x000000962e200000) (1024K)]
  0x0000027ce4e086e0 JavaThread "Signal Dispatcher"          daemon [_thread_blocked, id=17188, stack(0x000000962e200000,0x000000962e300000) (1024K)]
  0x0000027ce4e09340 JavaThread "Attach Listener"            daemon [_thread_blocked, id=17392, stack(0x000000962e300000,0x000000962e400000) (1024K)]
  0x0000027ce4e0d410 JavaThread "Service Thread"             daemon [_thread_blocked, id=17404, stack(0x000000962e400000,0x000000962e500000) (1024K)]
  0x0000027ce4e0e0d0 JavaThread "Monitor Deflation Thread"   daemon [_thread_blocked, id=17104, stack(0x000000962e500000,0x000000962e600000) (1024K)]
=>0x0000027ce4e132e0 JavaThread "C2 CompilerThread0"         daemon [_thread_in_native, id=4524, stack(0x000000962e600000,0x000000962e700000) (1024K)]
  0x0000027ce4e7d310 JavaThread "C1 CompilerThread0"         daemon [_thread_blocked, id=17252, stack(0x000000962e700000,0x000000962e800000) (1024K)]
  0x0000027cfc61ea20 JavaThread "Common-Cleaner"             daemon [_thread_blocked, id=4024, stack(0x000000962e800000,0x000000962e900000) (1024K)]
  0x0000027cfc715e60 JavaThread "Notification Thread"        daemon [_thread_blocked, id=8764, stack(0x000000962e900000,0x000000962ea00000) (1024K)]
  0x0000027cfc79cf90 JavaThread "Active Thread: Equinox Container: 68601f98-2656-4ccf-87db-0c8a097f5e44"        [_thread_blocked, id=10292, stack(0x000000962ea00000,0x000000962eb00000) (1024K)]
  0x0000027cfd014b60 JavaThread "Refresh Thread: Equinox Container: 68601f98-2656-4ccf-87db-0c8a097f5e44" daemon [_thread_blocked, id=1992, stack(0x000000962ee00000,0x000000962ef00000) (1024K)]
  0x0000027cfcd34a90 JavaThread "Framework Event Dispatcher: Equinox Container: 68601f98-2656-4ccf-87db-0c8a097f5e44" daemon [_thread_blocked, id=7776, stack(0x000000962ef00000,0x000000962f000000) (1024K)]
  0x0000027cfcd37520 JavaThread "Start Level: Equinox Container: 68601f98-2656-4ccf-87db-0c8a097f5e44" daemon [_thread_blocked, id=11768, stack(0x000000962f000000,0x000000962f100000) (1024K)]
  0x0000027cfd657850 JavaThread "Bundle File Closer"         daemon [_thread_blocked, id=9560, stack(0x000000962f200000,0x000000962f300000) (1024K)]
  0x0000027cfce81460 JavaThread "SCR Component Actor"        daemon [_thread_blocked, id=13468, stack(0x000000962f100000,0x000000962f200000) (1024K)]
  0x0000027cfd484a20 JavaThread "Worker-JM"                         [_thread_blocked, id=17304, stack(0x000000962f400000,0x000000962f500000) (1024K)]
  0x0000027cfd98e030 JavaThread "JNA Cleaner"                daemon [_thread_blocked, id=4044, stack(0x000000962f300000,0x000000962f400000) (1024K)]
  0x0000027cfd98bf60 JavaThread "Worker-0"                          [_thread_blocked, id=8640, stack(0x000000962f500000,0x000000962f600000) (1024K)]
  0x0000027cfd98ed50 JavaThread "Worker-1"                          [_thread_blocked, id=17332, stack(0x000000962f600000,0x000000962f700000) (1024K)]
  0x0000027cfd98d310 JavaThread "Worker-2"                          [_thread_blocked, id=2144, stack(0x000000962f800000,0x000000962f900000) (1024K)]
  0x0000027cfd98c5f0 JavaThread "Java indexing"              daemon [_thread_blocked, id=12428, stack(0x000000962f900000,0x000000962fa00000) (1024K)]
  0x0000027cfd98d9a0 JavaThread "Worker-3"                          [_thread_blocked, id=2236, stack(0x000000962fa00000,0x000000962fb00000) (1024K)]
  0x0000027cfd98cc80 JavaThread "Worker-4"                          [_thread_blocked, id=1984, stack(0x000000962fb00000,0x000000962fc00000) (1024K)]
  0x0000027cfd98e6c0 JavaThread "Thread-1"                   daemon [_thread_in_native, id=15492, stack(0x000000962fe00000,0x000000962ff00000) (1024K)]
  0x0000027cc51cc410 JavaThread "Thread-2"                   daemon [_thread_in_native, id=1276, stack(0x000000962ff00000,0x0000009630000000) (1024K)]
  0x0000027cc51cde50 JavaThread "Thread-3"                   daemon [_thread_in_native, id=14792, stack(0x0000009630000000,0x0000009630100000) (1024K)]
  0x0000027cc51ccaa0 JavaThread "Thread-4"                   daemon [_thread_in_native, id=14160, stack(0x0000009630100000,0x0000009630200000) (1024K)]
  0x0000027cc51cd130 JavaThread "Thread-5"                   daemon [_thread_in_native, id=2596, stack(0x0000009630200000,0x0000009630300000) (1024K)]
  0x0000027cc51ca9d0 JavaThread "pool-2-thread-1"                   [_thread_blocked, id=16584, stack(0x0000009630300000,0x0000009630400000) (1024K)]
  0x0000027cc51cb6f0 JavaThread "WorkspaceEventsHandler"            [_thread_blocked, id=15896, stack(0x0000009630400000,0x0000009630500000) (1024K)]
  0x0000027cc51cd7c0 JavaThread "pool-1-thread-1"                   [_thread_blocked, id=10416, stack(0x0000009630500000,0x0000009630600000) (1024K)]
  0x0000027cc51ce4e0 JavaThread "ForkJoinPool.commonPool-worker-1" daemon [_thread_blocked, id=14616, stack(0x0000009630600000,0x0000009630700000) (1024K)]
  0x0000027cc51cb060 JavaThread "ForkJoinPool.commonPool-worker-2" daemon [_thread_blocked, id=6964, stack(0x0000009630700000,0x0000009630800000) (1024K)]
  0x0000027cc51ceb70 JavaThread "ForkJoinPool.commonPool-worker-3" daemon [_thread_blocked, id=15852, stack(0x0000009630800000,0x0000009630900000) (1024K)]
  0x0000027cc51cf200 JavaThread "LocalFile Deleter"          daemon [_thread_blocked, id=2768, stack(0x0000009630900000,0x0000009630a00000) (1024K)]
  0x0000027cc51cbd80 JavaThread "LocalFile Deleter"          daemon [_thread_blocked, id=16884, stack(0x0000009630a00000,0x0000009630b00000) (1024K)]
  0x0000027cc51cf890 JavaThread "LocalFile Deleter"          daemon [_thread_blocked, id=17328, stack(0x0000009630b00000,0x0000009630c00000) (1024K)]
  0x0000027cc51d12d0 JavaThread "LocalFile Deleter"          daemon [_thread_blocked, id=7924, stack(0x0000009630c00000,0x0000009630d00000) (1024K)]
  0x0000027cc51d1ff0 JavaThread "Compiler Source File Reader" daemon [_thread_blocked, id=2968, stack(0x0000009630d00000,0x0000009630e00000) (1024K)]
  0x0000027cc51d1960 JavaThread "Compiler Source File Reader" daemon [_thread_blocked, id=7780, stack(0x0000009630e00000,0x0000009630f00000) (1024K)]
  0x0000027cc51cff20 JavaThread "Compiler Processing Task"   daemon [_thread_blocked, id=17052, stack(0x0000009630f00000,0x0000009631000000) (1024K)]
  0x0000027cc51d05b0 JavaThread "Compiler Class File Writer" daemon [_thread_blocked, id=7724, stack(0x0000009631000000,0x0000009631100000) (1024K)]
  0x0000027cc51d0c40 JavaThread "Compiler Class File Writer" daemon [_thread_blocked, id=9988, stack(0x0000009631100000,0x0000009631200000) (1024K)]
  0x0000027cca3a5130 JavaThread "Cleaner-0"                  daemon [_thread_blocked, id=1660, stack(0x0000009631200000,0x0000009631300000) (1024K)]
Total: 46

Other Threads:
  0x0000027ce4fdc390 VMThread "VM Thread"                           [id=10448, stack(0x000000962df00000,0x000000962e000000) (1024K)]
  0x0000027ce4dac950 WatcherThread "VM Periodic Task Thread"        [id=3164, stack(0x000000962de00000,0x000000962df00000) (1024K)]
  0x0000027ce4f3ac60 WorkerThread "GC Thread#0"                     [id=1472, stack(0x000000962dd00000,0x000000962de00000) (1024K)]
  0x0000027cfd05fa60 WorkerThread "GC Thread#1"                     [id=2028, stack(0x000000962eb00000,0x000000962ec00000) (1024K)]
  0x0000027cfd2cbfb0 WorkerThread "GC Thread#2"                     [id=16964, stack(0x000000962ec00000,0x000000962ed00000) (1024K)]
  0x0000027cfd2cc360 WorkerThread "GC Thread#3"                     [id=6704, stack(0x000000962ed00000,0x000000962ee00000) (1024K)]
Total: 6

Threads with active compile tasks:
C2 CompilerThread0  66570 13825       4       java.lang.Class::getField0 (99 bytes)
Total: 1

VM state: not at safepoint (normal execution)

VM Mutex/Monitor currently owned by a thread: None

Heap address: 0x0000000080000000, size: 2048 MB, Compressed Oops mode: 32-bit

CDS archive(s) mapped at: [0x0000027c80000000-0x0000027c80ba0000-0x0000027c80ba0000), size 12189696, SharedBaseAddress: 0x0000027c80000000, ArchiveRelocationMode: 1.
Compressed class space mapped at: 0x0000027c81000000-0x0000027cc1000000, reserved size: 1073741824
Narrow klass base: 0x0000027c80000000, Narrow klass shift: 0, Narrow klass range: 0x100000000

GC Precious Log:
 CardTable entry size: 512
 CPUs: 4 total, 4 available
 Memory: 11982M
 Large Page Support: Disabled
 NUMA Support: Disabled
 Compressed Oops: Enabled (32-bit)
 Alignments: Space 512K, Generation 512K, Heap 2M
 Heap Min Capacity: 100M
 Heap Initial Capacity: 100M
 Heap Max Capacity: 2G
 Pre-touch: Disabled
 Parallel Workers: 4

Heap:
 PSYoungGen      total 2560K, used 987K [0x00000000d5580000, 0x00000000d5a80000, 0x0000000100000000)
  eden space 1536K, 55% used [0x00000000d5580000,0x00000000d5656c90,0x00000000d5700000)
  from space 1024K, 12% used [0x00000000d5880000,0x00000000d58a0000,0x00000000d5980000)
  to   space 512K, 0% used [0x00000000d5a00000,0x00000000d5a00000,0x00000000d5a80000)
 ParOldGen       total 114176K, used 114005K [0x0000000080000000, 0x0000000086f80000, 0x00000000d5580000)
  object space 114176K, 99% used [0x0000000080000000,0x0000000086f557f0,0x0000000086f80000)
 Metaspace       used 70953K, committed 72512K, reserved 1114112K
  class space    used 7305K, committed 8000K, reserved 1048576K

Card table byte_map: [0x0000027ce48c0000,0x0000027ce4cd0000] _byte_map_base: 0x0000027ce44c0000

Marking Bits: (ParMarkBitMap*) 0x00007ffc838e3450
 Begin Bits: [0x0000027cf73d0000, 0x0000027cf93d0000)
 End Bits:   [0x0000027cf93d0000, 0x0000027cfb3d0000)

Polling page: 0x0000027ce2d00000

Metaspace:

Usage:
  Non-class:     62.16 MB used.
      Class:      7.13 MB used.
       Both:     69.29 MB used.

Virtual space:
  Non-class space:       64.00 MB reserved,      63.00 MB ( 98%) committed,  1 nodes.
      Class space:        1.00 GB reserved,       7.81 MB ( <1%) committed,  1 nodes.
             Both:        1.06 GB reserved,      70.81 MB (  7%) committed. 

Chunk freelists:
   Non-Class:  352.00 KB
       Class:  8.19 MB
        Both:  8.53 MB

MaxMetaspaceSize: unlimited
CompressedClassSpaceSize: 1.00 GB
Initial GC threshold: 21.00 MB
Current GC threshold: 97.31 MB
CDS: on
 - commit_granule_bytes: 65536.
 - commit_granule_words: 8192.
 - virtual_space_node_default_size: 8388608.
 - enlarge_chunks_in_place: 1.
 - use_allocation_guard: 0.


Internal statistics:

num_allocs_failed_limit: 9.
num_arena_births: 1362.
num_arena_deaths: 14.
num_vsnodes_births: 2.
num_vsnodes_deaths: 0.
num_space_committed: 1133.
num_space_uncommitted: 0.
num_chunks_returned_to_freelist: 23.
num_chunks_taken_from_freelist: 4858.
num_chunk_merges: 13.
num_chunk_splits: 2932.
num_chunks_enlarged: 1570.
num_inconsistent_stats: 0.

CodeHeap 'non-profiled nmethods': size=120000Kb used=8642Kb max_used=8642Kb free=111357Kb
 bounds [0x0000027cefbf0000, 0x0000027cf0470000, 0x0000027cf7120000]
CodeHeap 'profiled nmethods': size=120000Kb used=29466Kb max_used=29466Kb free=90533Kb
 bounds [0x0000027ce8120000, 0x0000027ce9df0000, 0x0000027cef650000]
CodeHeap 'non-nmethods': size=5760Kb used=1475Kb max_used=1548Kb free=4284Kb
 bounds [0x0000027cef650000, 0x0000027cef8c0000, 0x0000027cefbf0000]
CodeCache: size=245760Kb, used=39583Kb, max_used=39656Kb, free=206174Kb
 total_blobs=13864, nmethods=13079, adapters=689, full_count=0
Compilation: enabled, stopped_count=0, restarted_count=0

Compilation events (20 events):
Event: 66.442 Thread 0x0000027ce4e7d310 13824       3       org.eclipse.jdt.internal.corext.dom.GenericVisitor::endVisit (6 bytes)
Event: 66.442 Thread 0x0000027ce4e7d310 nmethod 13824 0x0000027ce9dd2d10 code [0x0000027ce9dd2ec0, 0x0000027ce9dd30a0]
Event: 66.443 Thread 0x0000027ce4e7d310 13826       3       org.eclipse.jdt.core.dom.Name::resolveBinding (12 bytes)
Event: 66.443 Thread 0x0000027ce4e7d310 nmethod 13826 0x0000027ce9dd3190 code [0x0000027ce9dd3340, 0x0000027ce9dd3540]
Event: 66.444 Thread 0x0000027ce4e7d310 13827  s!   3       org.eclipse.jdt.core.dom.DefaultBindingResolver::resolveName (1735 bytes)
Event: 66.452 Thread 0x0000027ce4e7d310 nmethod 13827 0x0000027ce9dd3610 code [0x0000027ce9dd4520, 0x0000027ce9de0610]
Event: 66.452 Thread 0x0000027ce4e7d310 13832       3       com.google.gson.internal.GsonTypes::equals (286 bytes)
Event: 66.453 Thread 0x0000027ce4e7d310 nmethod 13832 0x0000027ce9de2a10 code [0x0000027ce9de2ec0, 0x0000027ce9de5968]
Event: 66.453 Thread 0x0000027ce4e7d310 13830       3       org.eclipse.jdt.core.dom.QualifiedName::accept0 (34 bytes)
Event: 66.454 Thread 0x0000027ce4e7d310 nmethod 13830 0x0000027ce9de5f90 code [0x0000027ce9de61a0, 0x0000027ce9de66b0]
Event: 66.454 Thread 0x0000027ce4e7d310 13828       1       org.eclipse.jdt.core.dom.AST::apiLevel (5 bytes)
Event: 66.454 Thread 0x0000027ce4e7d310 nmethod 13828 0x0000027cf0459290 code [0x0000027cf0459420, 0x0000027cf04594e8]
Event: 66.454 Thread 0x0000027ce4e7d310 13829       1       org.eclipse.jdt.core.dom.BodyDeclaration::getJavadoc (5 bytes)
Event: 66.454 Thread 0x0000027ce4e7d310 nmethod 13829 0x0000027cf0459590 code [0x0000027cf0459720, 0x0000027cf04597e8]
Event: 66.454 Thread 0x0000027ce4e7d310 13831       1       org.eclipse.lsp4j.CodeAction::getKind (5 bytes)
Event: 66.454 Thread 0x0000027ce4e7d310 nmethod 13831 0x0000027cf0459890 code [0x0000027cf0459a20, 0x0000027cf0459ae8]
Event: 66.461 Thread 0x0000027ce4e132e0 nmethod 13811% 0x0000027cf0459b90 code [0x0000027cf0459e40, 0x0000027cf045b300]
Event: 66.462 Thread 0x0000027ce4e132e0 13815       4       java.io.WinNTFileSystem::normalize (224 bytes)
Event: 66.532 Thread 0x0000027ce4e132e0 nmethod 13815 0x0000027cf045be90 code [0x0000027cf045c280, 0x0000027cf045f0c8]
Event: 66.532 Thread 0x0000027ce4e132e0 13825       4       java.lang.Class::getField0 (99 bytes)

GC Heap History (20 events):
Event: 19.031 GC heap before
{Heap before GC invocations=295 (full 3):
 PSYoungGen      total 2048K, used 1621K [0x00000000d5580000, 0x00000000d5a80000, 0x0000000100000000)
  eden space 1536K, 99% used [0x00000000d5580000,0x00000000d56fd558,0x00000000d5700000)
  from space 512K, 18% used [0x00000000d5980000,0x00000000d5998000,0x00000000d5a00000)
  to   space 512K, 0% used [0x00000000d5a00000,0x00000000d5a00000,0x00000000d5a80000)
 ParOldGen       total 111616K, used 111178K [0x0000000080000000, 0x0000000086d00000, 0x00000000d5580000)
  object space 111616K, 99% used [0x0000000080000000,0x0000000086c92b90,0x0000000086d00000)
 Metaspace       used 70548K, committed 72064K, reserved 1114112K
  class space    used 7282K, committed 7936K, reserved 1048576K
}
Event: 19.032 GC heap after
{Heap after GC invocations=295 (full 3):
 PSYoungGen      total 2048K, used 178K [0x00000000d5580000, 0x00000000d5a80000, 0x0000000100000000)
  eden space 1536K, 0% used [0x00000000d5580000,0x00000000d5580000,0x00000000d5700000)
  from space 512K, 34% used [0x00000000d5a00000,0x00000000d5a2c8e0,0x00000000d5a80000)
  to   space 512K, 0% used [0x00000000d5980000,0x00000000d5980000,0x00000000d5a00000)
 ParOldGen       total 111616K, used 111258K [0x0000000080000000, 0x0000000086d00000, 0x00000000d5580000)
  object space 111616K, 99% used [0x0000000080000000,0x0000000086ca6b90,0x0000000086d00000)
 Metaspace       used 70548K, committed 72064K, reserved 1114112K
  class space    used 7282K, committed 7936K, reserved 1048576K
}
Event: 19.056 GC heap before
{Heap before GC invocations=296 (full 3):
 PSYoungGen      total 2048K, used 1714K [0x00000000d5580000, 0x00000000d5a80000, 0x0000000100000000)
  eden space 1536K, 100% used [0x00000000d5580000,0x00000000d5700000,0x00000000d5700000)
  from space 512K, 34% used [0x00000000d5a00000,0x00000000d5a2c8e0,0x00000000d5a80000)
  to   space 512K, 0% used [0x00000000d5980000,0x00000000d5980000,0x00000000d5a00000)
 ParOldGen       total 111616K, used 111258K [0x0000000080000000, 0x0000000086d00000, 0x00000000d5580000)
  object space 111616K, 99% used [0x0000000080000000,0x0000000086ca6b90,0x0000000086d00000)
 Metaspace       used 70566K, committed 72064K, reserved 1114112K
  class space    used 7282K, committed 7936K, reserved 1048576K
}
Event: 19.058 GC heap after
{Heap after GC invocations=296 (full 3):
 PSYoungGen      total 2048K, used 483K [0x00000000d5580000, 0x00000000d5a80000, 0x0000000100000000)
  eden space 1536K, 0% used [0x00000000d5580000,0x00000000d5580000,0x00000000d5700000)
  from space 512K, 94% used [0x00000000d5980000,0x00000000d59f8d40,0x00000000d5a00000)
  to   space 512K, 0% used [0x00000000d5a00000,0x00000000d5a00000,0x00000000d5a80000)
 ParOldGen       total 112128K, used 111656K [0x0000000080000000, 0x0000000086d80000, 0x00000000d5580000)
  object space 112128K, 99% used [0x0000000080000000,0x0000000086d0a1a8,0x0000000086d80000)
 Metaspace       used 70566K, committed 72064K, reserved 1114112K
  class space    used 7282K, committed 7936K, reserved 1048576K
}
Event: 19.098 GC heap before
{Heap before GC invocations=297 (full 3):
 PSYoungGen      total 2048K, used 2019K [0x00000000d5580000, 0x00000000d5a80000, 0x0000000100000000)
  eden space 1536K, 100% used [0x00000000d5580000,0x00000000d5700000,0x00000000d5700000)
  from space 512K, 94% used [0x00000000d5980000,0x00000000d59f8d40,0x00000000d5a00000)
  to   space 512K, 0% used [0x00000000d5a00000,0x00000000d5a00000,0x00000000d5a80000)
 ParOldGen       total 112128K, used 111656K [0x0000000080000000, 0x0000000086d80000, 0x00000000d5580000)
  object space 112128K, 99% used [0x0000000080000000,0x0000000086d0a1a8,0x0000000086d80000)
 Metaspace       used 70571K, committed 72064K, reserved 1114112K
  class space    used 7282K, committed 7936K, reserved 1048576K
}
Event: 19.099 GC heap after
{Heap after GC invocations=297 (full 3):
 PSYoungGen      total 2048K, used 192K [0x00000000d5580000, 0x00000000d5a80000, 0x0000000100000000)
  eden space 1536K, 0% used [0x00000000d5580000,0x00000000d5580000,0x00000000d5700000)
  from space 512K, 37% used [0x00000000d5a00000,0x00000000d5a30000,0x00000000d5a80000)
  to   space 512K, 0% used [0x00000000d5980000,0x00000000d5980000,0x00000000d5a00000)
 ParOldGen       total 112640K, used 112157K [0x0000000080000000, 0x0000000086e00000, 0x00000000d5580000)
  object space 112640K, 99% used [0x0000000080000000,0x0000000086d876b8,0x0000000086e00000)
 Metaspace       used 70571K, committed 72064K, reserved 1114112K
  class space    used 7282K, committed 7936K, reserved 1048576K
}
Event: 19.153 GC heap before
{Heap before GC invocations=298 (full 3):
 PSYoungGen      total 2048K, used 1728K [0x00000000d5580000, 0x00000000d5a80000, 0x0000000100000000)
  eden space 1536K, 100% used [0x00000000d5580000,0x00000000d5700000,0x00000000d5700000)
  from space 512K, 37% used [0x00000000d5a00000,0x00000000d5a30000,0x00000000d5a80000)
  to   space 512K, 0% used [0x00000000d5980000,0x00000000d5980000,0x00000000d5a00000)
 ParOldGen       total 112640K, used 112157K [0x0000000080000000, 0x0000000086e00000, 0x00000000d5580000)
  object space 112640K, 99% used [0x0000000080000000,0x0000000086d876b8,0x0000000086e00000)
 Metaspace       used 70587K, committed 72064K, reserved 1114112K
  class space    used 7282K, committed 7936K, reserved 1048576K
}
Event: 19.154 GC heap after
{Heap after GC invocations=298 (full 3):
 PSYoungGen      total 2048K, used 506K [0x00000000d5580000, 0x00000000d5a80000, 0x0000000100000000)
  eden space 1536K, 0% used [0x00000000d5580000,0x00000000d5580000,0x00000000d5700000)
  from space 512K, 98% used [0x00000000d5980000,0x00000000d59fe910,0x00000000d5a00000)
  to   space 512K, 0% used [0x00000000d5a00000,0x00000000d5a00000,0x00000000d5a80000)
 ParOldGen       total 112640K, used 112494K [0x0000000080000000, 0x0000000086e00000, 0x00000000d5580000)
  object space 112640K, 99% used [0x0000000080000000,0x0000000086ddba78,0x0000000086e00000)
 Metaspace       used 70587K, committed 72064K, reserved 1114112K
  class space    used 7282K, committed 7936K, reserved 1048576K
}
Event: 19.166 GC heap before
{Heap before GC invocations=299 (full 3):
 PSYoungGen      total 2048K, used 2042K [0x00000000d5580000, 0x00000000d5a80000, 0x0000000100000000)
  eden space 1536K, 100% used [0x00000000d5580000,0x00000000d5700000,0x00000000d5700000)
  from space 512K, 98% used [0x00000000d5980000,0x00000000d59fe910,0x00000000d5a00000)
  to   space 512K, 0% used [0x00000000d5a00000,0x00000000d5a00000,0x00000000d5a80000)
 ParOldGen       total 112640K, used 112494K [0x0000000080000000, 0x0000000086e00000, 0x00000000d5580000)
  object space 112640K, 99% used [0x0000000080000000,0x0000000086ddba78,0x0000000086e00000)
 Metaspace       used 70587K, committed 72064K, reserved 1114112K
  class space    used 7282K, committed 7936K, reserved 1048576K
}
Event: 19.167 GC heap after
{Heap after GC invocations=299 (full 3):
 PSYoungGen      total 2048K, used 160K [0x00000000d5580000, 0x00000000d5a80000, 0x0000000100000000)
  eden space 1536K, 0% used [0x00000000d5580000,0x00000000d5580000,0x00000000d5700000)
  from space 512K, 31% used [0x00000000d5a00000,0x00000000d5a28000,0x00000000d5a80000)
  to   space 512K, 0% used [0x00000000d5980000,0x00000000d5980000,0x00000000d5a00000)
 ParOldGen       total 113152K, used 113117K [0x0000000080000000, 0x0000000086e80000, 0x00000000d5580000)
  object space 113152K, 99% used [0x0000000080000000,0x0000000086e777c0,0x0000000086e80000)
 Metaspace       used 70587K, committed 72064K, reserved 1114112K
  class space    used 7282K, committed 7936K, reserved 1048576K
}
Event: 19.197 GC heap before
{Heap before GC invocations=300 (full 3):
 PSYoungGen      total 2048K, used 1696K [0x00000000d5580000, 0x00000000d5a80000, 0x0000000100000000)
  eden space 1536K, 100% used [0x00000000d5580000,0x00000000d5700000,0x00000000d5700000)
  from space 512K, 31% used [0x00000000d5a00000,0x00000000d5a28000,0x00000000d5a80000)
  to   space 512K, 0% used [0x00000000d5980000,0x00000000d5980000,0x00000000d5a00000)
 ParOldGen       total 113152K, used 113117K [0x0000000080000000, 0x0000000086e80000, 0x00000000d5580000)
  object space 113152K, 99% used [0x0000000080000000,0x0000000086e777c0,0x0000000086e80000)
 Metaspace       used 70746K, committed 72256K, reserved 1114112K
  class space    used 7291K, committed 7936K, reserved 1048576K
}
Event: 19.197 GC heap after
{Heap after GC invocations=300 (full 3):
 PSYoungGen      total 2048K, used 193K [0x00000000d5580000, 0x00000000d5a80000, 0x0000000100000000)
  eden space 1536K, 0% used [0x00000000d5580000,0x00000000d5580000,0x00000000d5700000)
  from space 512K, 37% used [0x00000000d5980000,0x00000000d59b0760,0x00000000d5a00000)
  to   space 512K, 0% used [0x00000000d5a00000,0x00000000d5a00000,0x00000000d5a80000)
 ParOldGen       total 113664K, used 113205K [0x0000000080000000, 0x0000000086f00000, 0x00000000d5580000)
  object space 113664K, 99% used [0x0000000080000000,0x0000000086e8d7c0,0x0000000086f00000)
 Metaspace       used 70746K, committed 72256K, reserved 1114112K
  class space    used 7291K, committed 7936K, reserved 1048576K
}
Event: 19.334 GC heap before
{Heap before GC invocations=301 (full 3):
 PSYoungGen      total 2048K, used 1729K [0x00000000d5580000, 0x00000000d5a80000, 0x0000000100000000)
  eden space 1536K, 100% used [0x00000000d5580000,0x00000000d5700000,0x00000000d5700000)
  from space 512K, 37% used [0x00000000d5980000,0x00000000d59b0760,0x00000000d5a00000)
  to   space 512K, 0% used [0x00000000d5a00000,0x00000000d5a00000,0x00000000d5a80000)
 ParOldGen       total 113664K, used 113205K [0x0000000080000000, 0x0000000086f00000, 0x00000000d5580000)
  object space 113664K, 99% used [0x0000000080000000,0x0000000086e8d7c0,0x0000000086f00000)
 Metaspace       used 70818K, committed 72384K, reserved 1114112K
  class space    used 7302K, committed 8000K, reserved 1048576K
}
Event: 19.335 GC heap after
{Heap after GC invocations=301 (full 3):
 PSYoungGen      total 2048K, used 224K [0x00000000d5580000, 0x00000000d5a80000, 0x0000000100000000)
  eden space 1536K, 0% used [0x00000000d5580000,0x00000000d5580000,0x00000000d5700000)
  from space 512K, 43% used [0x00000000d5a00000,0x00000000d5a38000,0x00000000d5a80000)
  to   space 512K, 0% used [0x00000000d5980000,0x00000000d5980000,0x00000000d5a00000)
 ParOldGen       total 113664K, used 113269K [0x0000000080000000, 0x0000000086f00000, 0x00000000d5580000)
  object space 113664K, 99% used [0x0000000080000000,0x0000000086e9d7c0,0x0000000086f00000)
 Metaspace       used 70818K, committed 72384K, reserved 1114112K
  class space    used 7302K, committed 8000K, reserved 1048576K
}
Event: 31.912 GC heap before
{Heap before GC invocations=302 (full 3):
 PSYoungGen      total 2048K, used 1760K [0x00000000d5580000, 0x00000000d5a80000, 0x0000000100000000)
  eden space 1536K, 100% used [0x00000000d5580000,0x00000000d5700000,0x00000000d5700000)
  from space 512K, 43% used [0x00000000d5a00000,0x00000000d5a38000,0x00000000d5a80000)
  to   space 512K, 0% used [0x00000000d5980000,0x00000000d5980000,0x00000000d5a00000)
 ParOldGen       total 113664K, used 113269K [0x0000000080000000, 0x0000000086f00000, 0x00000000d5580000)
  object space 113664K, 99% used [0x0000000080000000,0x0000000086e9d7c0,0x0000000086f00000)
 Metaspace       used 70857K, committed 72448K, reserved 1114112K
  class space    used 7303K, committed 8000K, reserved 1048576K
}
Event: 31.913 GC heap after
{Heap after GC invocations=302 (full 3):
 PSYoungGen      total 2048K, used 224K [0x00000000d5580000, 0x00000000d5a80000, 0x0000000100000000)
  eden space 1536K, 0% used [0x00000000d5580000,0x00000000d5580000,0x00000000d5700000)
  from space 512K, 43% used [0x00000000d5980000,0x00000000d59b8000,0x00000000d5a00000)
  to   space 512K, 0% used [0x00000000d5a00000,0x00000000d5a00000,0x00000000d5a80000)
 ParOldGen       total 113664K, used 113349K [0x0000000080000000, 0x0000000086f00000, 0x00000000d5580000)
  object space 113664K, 99% used [0x0000000080000000,0x0000000086eb17c0,0x0000000086f00000)
 Metaspace       used 70857K, committed 72448K, reserved 1114112K
  class space    used 7303K, committed 8000K, reserved 1048576K
}
Event: 31.951 GC heap before
{Heap before GC invocations=303 (full 3):
 PSYoungGen      total 2048K, used 1760K [0x00000000d5580000, 0x00000000d5a80000, 0x0000000100000000)
  eden space 1536K, 100% used [0x00000000d5580000,0x00000000d5700000,0x00000000d5700000)
  from space 512K, 43% used [0x00000000d5980000,0x00000000d59b8000,0x00000000d5a00000)
  to   space 512K, 0% used [0x00000000d5a00000,0x00000000d5a00000,0x00000000d5a80000)
 ParOldGen       total 113664K, used 113349K [0x0000000080000000, 0x0000000086f00000, 0x00000000d5580000)
  object space 113664K, 99% used [0x0000000080000000,0x0000000086eb17c0,0x0000000086f00000)
 Metaspace       used 70875K, committed 72448K, reserved 1114112K
  class space    used 7303K, committed 8000K, reserved 1048576K
}
Event: 31.954 GC heap after
{Heap after GC invocations=303 (full 3):
 PSYoungGen      total 2048K, used 480K [0x00000000d5580000, 0x00000000d5a80000, 0x0000000100000000)
  eden space 1536K, 0% used [0x00000000d5580000,0x00000000d5580000,0x00000000d5700000)
  from space 512K, 93% used [0x00000000d5a00000,0x00000000d5a78030,0x00000000d5a80000)
  to   space 1024K, 0% used [0x00000000d5880000,0x00000000d5880000,0x00000000d5980000)
 ParOldGen       total 114176K, used 113701K [0x0000000080000000, 0x0000000086f80000, 0x00000000d5580000)
  object space 114176K, 99% used [0x0000000080000000,0x0000000086f097d0,0x0000000086f80000)
 Metaspace       used 70875K, committed 72448K, reserved 1114112K
  class space    used 7303K, committed 8000K, reserved 1048576K
}
Event: 66.432 GC heap before
{Heap before GC invocations=304 (full 3):
 PSYoungGen      total 2048K, used 2016K [0x00000000d5580000, 0x00000000d5a80000, 0x0000000100000000)
  eden space 1536K, 100% used [0x00000000d5580000,0x00000000d5700000,0x00000000d5700000)
  from space 512K, 93% used [0x00000000d5a00000,0x00000000d5a78030,0x00000000d5a80000)
  to   space 1024K, 0% used [0x00000000d5880000,0x00000000d5880000,0x00000000d5980000)
 ParOldGen       total 114176K, used 113701K [0x0000000080000000, 0x0000000086f80000, 0x00000000d5580000)
  object space 114176K, 99% used [0x0000000080000000,0x0000000086f097d0,0x0000000086f80000)
 Metaspace       used 70913K, committed 72448K, reserved 1114112K
  class space    used 7305K, committed 8000K, reserved 1048576K
}
Event: 66.433 GC heap after
{Heap after GC invocations=304 (full 3):
 PSYoungGen      total 2560K, used 128K [0x00000000d5580000, 0x00000000d5a80000, 0x0000000100000000)
  eden space 1536K, 0% used [0x00000000d5580000,0x00000000d5580000,0x00000000d5700000)
  from space 1024K, 12% used [0x00000000d5880000,0x00000000d58a0000,0x00000000d5980000)
  to   space 512K, 0% used [0x00000000d5a00000,0x00000000d5a00000,0x00000000d5a80000)
 ParOldGen       total 114176K, used 114005K [0x0000000080000000, 0x0000000086f80000, 0x00000000d5580000)
  object space 114176K, 99% used [0x0000000080000000,0x0000000086f557f0,0x0000000086f80000)
 Metaspace       used 70913K, committed 72448K, reserved 1114112K
  class space    used 7305K, committed 8000K, reserved 1048576K
}

Dll operation events (10 events):
Event: 0.016 Loaded shared library c:\Users\sreyn\.vscode\extensions\redhat.java-1.53.0-win32-x64\jre\21.0.10-win32-x86_64\bin\java.dll
Event: 0.053 Loaded shared library c:\Users\sreyn\.vscode\extensions\redhat.java-1.53.0-win32-x64\jre\21.0.10-win32-x86_64\bin\zip.dll
Event: 0.242 Loaded shared library C:\Users\sreyn\.vscode\extensions\redhat.java-1.53.0-win32-x64\jre\21.0.10-win32-x86_64\bin\instrument.dll
Event: 0.248 Loaded shared library C:\Users\sreyn\.vscode\extensions\redhat.java-1.53.0-win32-x64\jre\21.0.10-win32-x86_64\bin\net.dll
Event: 0.249 Loaded shared library C:\Users\sreyn\.vscode\extensions\redhat.java-1.53.0-win32-x64\jre\21.0.10-win32-x86_64\bin\nio.dll
Event: 0.257 Loaded shared library C:\Users\sreyn\.vscode\extensions\redhat.java-1.53.0-win32-x64\jre\21.0.10-win32-x86_64\bin\zip.dll
Event: 0.340 Loaded shared library C:\Users\sreyn\.vscode\extensions\redhat.java-1.53.0-win32-x64\jre\21.0.10-win32-x86_64\bin\jimage.dll
Event: 0.442 Loaded shared library c:\Users\sreyn\.vscode\extensions\redhat.java-1.53.0-win32-x64\jre\21.0.10-win32-x86_64\bin\verify.dll
Event: 2.506 Loaded shared library C:\Users\sreyn\AppData\Roaming\Code\User\globalStorage\redhat.java\1.53.0\config_win\org.eclipse.equinox.launcher\org.eclipse.equinox.launcher.win32.win32.x86_64_1.3.0.v20260203-2149\eclipse_11919.dll
Event: 4.361 Loaded shared library C:\Users\sreyn\AppData\Local\Temp\jna-109702011\jna2264317140902092910.dll

Deoptimization events (20 events):
Event: 19.348 Thread 0x0000027cc51cb060 DEOPT PACKING pc=0x0000027ce9998320 sp=0x00000096307fe740
Event: 19.348 Thread 0x0000027cc51cb060 DEOPT UNPACKING pc=0x0000027cef6a78e2 sp=0x00000096307fdc48 mode 3
Event: 31.918 Thread 0x0000027cfc79cf90 Uncommon trap: trap_request=0xffffff45 fr.pc=0x0000027cf023cd38 relative=0x00000000000005b8
Event: 31.918 Thread 0x0000027cfc79cf90 Uncommon trap: reason=unstable_if action=reinterpret pc=0x0000027cf023cd38 method=java.util.HashMap.removeNode(ILjava/lang/Object;Ljava/lang/Object;ZZ)Ljava/util/HashMap$Node; @ 62 c2
Event: 31.918 Thread 0x0000027cfc79cf90 DEOPT PACKING pc=0x0000027cf023cd38 sp=0x000000962eafea70
Event: 31.918 Thread 0x0000027cfc79cf90 DEOPT UNPACKING pc=0x0000027cef6a6da2 sp=0x000000962eafe970 mode 2
Event: 66.430 Thread 0x0000027cc51ceb70 Uncommon trap: trap_request=0xffffff45 fr.pc=0x0000027cf01c1300 relative=0x0000000000000220
Event: 66.430 Thread 0x0000027cc51ceb70 Uncommon trap: reason=unstable_if action=reinterpret pc=0x0000027cf01c1300 method=java.util.concurrent.locks.ReentrantReadWriteLock$Sync.tryAcquireShared(I)I @ 55 c2
Event: 66.430 Thread 0x0000027cc51ceb70 DEOPT PACKING pc=0x0000027cf01c1300 sp=0x00000096308fdff0
Event: 66.430 Thread 0x0000027cc51cb060 Uncommon trap: trap_request=0xffffff45 fr.pc=0x0000027cefdba2dc relative=0x000000000000027c
Event: 66.430 Thread 0x0000027cc51cb060 Uncommon trap: reason=unstable_if action=reinterpret pc=0x0000027cefdba2dc method=java.util.concurrent.locks.ReentrantReadWriteLock$Sync.tryAcquireShared(I)I @ 55 c2
Event: 66.430 Thread 0x0000027cc51cb060 DEOPT PACKING pc=0x0000027cefdba2dc sp=0x00000096307fe350
Event: 66.430 Thread 0x0000027cc51ceb70 DEOPT UNPACKING pc=0x0000027cef6a6da2 sp=0x00000096308fdeb0 mode 2
Event: 66.430 Thread 0x0000027cc51cb060 DEOPT UNPACKING pc=0x0000027cef6a6da2 sp=0x00000096307fe288 mode 2
Event: 66.435 Thread 0x0000027cc51ce4e0 DEOPT PACKING pc=0x0000027ce9936cb9 sp=0x00000096306fe120
Event: 66.435 Thread 0x0000027cc51ce4e0 DEOPT UNPACKING pc=0x0000027cef6a78e2 sp=0x00000096306fd620 mode 0
Event: 66.445 Thread 0x0000027cc51ceb70 Uncommon trap: trap_request=0xffffffde fr.pc=0x0000027cf01f0398 relative=0x0000000000000078
Event: 66.445 Thread 0x0000027cc51ceb70 Uncommon trap: reason=class_check action=maybe_recompile pc=0x0000027cf01f0398 method=java.util.LinkedHashMap.afterNodeInsertion(Z)V @ 15 c2
Event: 66.445 Thread 0x0000027cc51ceb70 DEOPT PACKING pc=0x0000027cf01f0398 sp=0x00000096308fea70
Event: 66.445 Thread 0x0000027cc51ceb70 DEOPT UNPACKING pc=0x0000027cef6a6da2 sp=0x00000096308fe9e8 mode 2

Classes loaded (20 events):
Event: 13.389 Loading class java/util/concurrent/CompletableFuture$UniApply
Event: 13.389 Loading class java/util/concurrent/CompletableFuture$UniApply done
Event: 13.389 Loading class java/util/concurrent/CompletableFuture$UniExceptionally
Event: 13.389 Loading class java/util/concurrent/CompletableFuture$UniExceptionally done
Event: 14.067 Loading class java/util/Hashtable$KeySet
Event: 14.068 Loading class java/util/Hashtable$KeySet done
Event: 14.322 Loading class java/lang/UnsupportedClassVersionError
Event: 14.322 Loading class java/lang/UnsupportedClassVersionError done
Event: 14.343 Loading class java/lang/invoke/MethodHandleImpl$CountingWrapper$1
Event: 14.344 Loading class java/lang/invoke/MethodHandleImpl$CountingWrapper$1 done
Event: 17.202 Loading class java/util/HashMap$EntrySpliterator
Event: 17.202 Loading class java/util/HashMap$EntrySpliterator done
Event: 18.676 Loading class jdk/internal/ref/CleanerImpl$InnocuousThreadFactory
Event: 18.686 Loading class jdk/internal/ref/CleanerImpl$InnocuousThreadFactory done
Event: 31.980 Loading class sun/nio/cs/ISO_8859_1$Encoder
Event: 31.980 Loading class sun/nio/cs/ISO_8859_1$Encoder done
Event: 31.980 Loading class sun/nio/cs/Surrogate$Parser
Event: 31.980 Loading class sun/nio/cs/Surrogate$Parser done
Event: 31.980 Loading class sun/nio/cs/Surrogate
Event: 31.980 Loading class sun/nio/cs/Surrogate done

Classes unloaded (7 events):
Event: 5.111 Thread 0x0000027ce4fdc390 Unloading class 0x0000027c811aa800 'java/lang/invoke/LambdaForm$MH+0x0000027c811aa800'
Event: 5.111 Thread 0x0000027ce4fdc390 Unloading class 0x0000027c811aa400 'java/lang/invoke/LambdaForm$MH+0x0000027c811aa400'
Event: 5.111 Thread 0x0000027ce4fdc390 Unloading class 0x0000027c811aa000 'java/lang/invoke/LambdaForm$MH+0x0000027c811aa000'
Event: 5.111 Thread 0x0000027ce4fdc390 Unloading class 0x0000027c811a9c00 'java/lang/invoke/LambdaForm$MH+0x0000027c811a9c00'
Event: 5.111 Thread 0x0000027ce4fdc390 Unloading class 0x0000027c811a9800 'java/lang/invoke/LambdaForm$BMH+0x0000027c811a9800'
Event: 5.111 Thread 0x0000027ce4fdc390 Unloading class 0x0000027c811a9400 'java/lang/invoke/LambdaForm$DMH+0x0000027c811a9400'
Event: 5.111 Thread 0x0000027ce4fdc390 Unloading class 0x0000027c811a8400 'java/lang/invoke/LambdaForm$DMH+0x0000027c811a8400'

Classes redefined (0 events):
No events

Internal exceptions (20 events):
Event: 18.454 Thread 0x0000027cc51cb060 Exception <a 'sun/nio/fs/WindowsException'{0x00000000d55861d0}> (0x00000000d55861d0) 
thrown [s\src\hotspot\share\prims\jni.cpp, line 520]
Event: 18.455 Thread 0x0000027cc51cb060 Exception <a 'sun/nio/fs/WindowsException'{0x00000000d5586f38}> (0x00000000d5586f38) 
thrown [s\src\hotspot\share\prims\jni.cpp, line 520]
Event: 18.455 Thread 0x0000027cc51cb060 Exception <a 'sun/nio/fs/WindowsException'{0x00000000d55893c8}> (0x00000000d55893c8) 
thrown [s\src\hotspot\share\prims\jni.cpp, line 520]
Event: 18.455 Thread 0x0000027cc51cb060 Exception <a 'sun/nio/fs/WindowsException'{0x00000000d558a148}> (0x00000000d558a148) 
thrown [s\src\hotspot\share\prims\jni.cpp, line 520]
Event: 18.467 Thread 0x0000027cc51cb060 Exception <a 'sun/nio/fs/WindowsException'{0x00000000d55dd468}> (0x00000000d55dd468) 
thrown [s\src\hotspot\share\prims\jni.cpp, line 520]
Event: 18.467 Thread 0x0000027cc51cb060 Exception <a 'sun/nio/fs/WindowsException'{0x00000000d55de028}> (0x00000000d55de028) 
thrown [s\src\hotspot\share\prims\jni.cpp, line 520]
Event: 18.467 Thread 0x0000027cc51cb060 Exception <a 'sun/nio/fs/WindowsException'{0x00000000d55df970}> (0x00000000d55df970) 
thrown [s\src\hotspot\share\prims\jni.cpp, line 520]
Event: 18.467 Thread 0x0000027cc51cb060 Exception <a 'sun/nio/fs/WindowsException'{0x00000000d55e06f0}> (0x00000000d55e06f0) 
thrown [s\src\hotspot\share\prims\jni.cpp, line 520]
Event: 18.488 Thread 0x0000027cc51cb060 Exception <a 'sun/nio/fs/WindowsException'{0x00000000d562d638}> (0x00000000d562d638) 
thrown [s\src\hotspot\share\prims\jni.cpp, line 520]
Event: 18.488 Thread 0x0000027cc51cb060 Exception <a 'sun/nio/fs/WindowsException'{0x00000000d562e6b0}> (0x00000000d562e6b0) 
thrown [s\src\hotspot\share\prims\jni.cpp, line 520]
Event: 18.488 Thread 0x0000027cc51cb060 Exception <a 'sun/nio/fs/WindowsException'{0x00000000d562fff0}> (0x00000000d562fff0) 
thrown [s\src\hotspot\share\prims\jni.cpp, line 520]
Event: 18.488 Thread 0x0000027cc51cb060 Exception <a 'sun/nio/fs/WindowsException'{0x00000000d5630be0}> (0x00000000d5630be0) 
thrown [s\src\hotspot\share\prims\jni.cpp, line 520]
Event: 18.488 Thread 0x0000027cc51cb060 Exception <a 'sun/nio/fs/WindowsException'{0x00000000d5632450}> (0x00000000d5632450) 
thrown [s\src\hotspot\share\prims\jni.cpp, line 520]
Event: 18.489 Thread 0x0000027cc51cb060 Exception <a 'sun/nio/fs/WindowsException'{0x00000000d56334b8}> (0x00000000d56334b8) 
thrown [s\src\hotspot\share\prims\jni.cpp, line 520]
Event: 18.498 Thread 0x0000027cc51cb060 Exception <a 'sun/nio/fs/WindowsException'{0x00000000d564de70}> (0x00000000d564de70) 
thrown [s\src\hotspot\share\prims\jni.cpp, line 520]
Event: 18.498 Thread 0x0000027cc51cb060 Exception <a 'sun/nio/fs/WindowsException'{0x00000000d564ebf0}> (0x00000000d564ebf0) 
thrown [s\src\hotspot\share\prims\jni.cpp, line 520]
Event: 18.499 Thread 0x0000027cc51cb060 Exception <a 'sun/nio/fs/WindowsException'{0x00000000d5650520}> (0x00000000d5650520) 
thrown [s\src\hotspot\share\prims\jni.cpp, line 520]
Event: 18.499 Thread 0x0000027cc51cb060 Exception <a 'sun/nio/fs/WindowsException'{0x00000000d56510e8}> (0x00000000d56510e8) 
thrown [s\src\hotspot\share\prims\jni.cpp, line 520]
Event: 18.939 Thread 0x0000027cc51ceb70 Exception <a 'java/lang/NoSuchMethodError'{0x00000000d55ab5e8}: 'java.lang.Object java.lang.invoke.DirectMethodHandle$Holder.newInvokeSpecial(java.lang.Object, java.lang.Object, int, java.lang.Object, java.lang.Object, java.lang.Object, java.lang.Object)'> (0x00000000d55ab5e8) 
thrown [s\src\hotspot\share\interpreter\linkResolver.cpp, line 773]
Event: 18.945 Thread 0x0000027cc51ceb70 Exception <a 'java/lang/NoSuchMethodError'{0x00000000d560eae0}: 'java.lang.Object java.lang.invoke.Invokers$Holder.linkToTargetMethod(java.lang.Object, int, java.lang.Object, java.lang.Object, java.lang.Object, java.lang.Object, java.lang.Object)'> (0x00000000d560eae0) 
thrown [s\src\hotspot\share\interpreter\linkResolver.cpp, line 773]

ZGC Phase Switch (0 events):
No events

VM Operations (20 events):
Event: 19.197 Executing safepoint VM operation: ParallelGCFailedAllocation (Allocation Failure)
Event: 19.198 Executing safepoint VM operation: ParallelGCFailedAllocation (Allocation Failure) done
Event: 19.334 Executing safepoint VM operation: ParallelGCFailedAllocation (Allocation Failure)
Event: 19.335 Executing safepoint VM operation: ParallelGCFailedAllocation (Allocation Failure) done
Event: 19.345 Executing non-safepoint VM operation: HandshakeAllThreads (Deoptimize)
Event: 19.345 Executing non-safepoint VM operation: HandshakeAllThreads (Deoptimize) done
Event: 20.353 Executing safepoint VM operation: Cleanup
Event: 20.353 Executing safepoint VM operation: Cleanup done
Event: 31.912 Executing safepoint VM operation: ParallelGCFailedAllocation (Allocation Failure)
Event: 31.913 Executing safepoint VM operation: ParallelGCFailedAllocation (Allocation Failure) done
Event: 31.951 Executing safepoint VM operation: ParallelGCFailedAllocation (Allocation Failure)
Event: 31.954 Executing safepoint VM operation: ParallelGCFailedAllocation (Allocation Failure) done
Event: 32.964 Executing safepoint VM operation: Cleanup
Event: 32.964 Executing safepoint VM operation: Cleanup done
Event: 60.270 Executing non-safepoint VM operation: HandshakeAllThreads (HandshakeForDeflation)
Event: 60.270 Executing non-safepoint VM operation: HandshakeAllThreads (HandshakeForDeflation) done
Event: 60.270 Executing non-safepoint VM operation: RendezvousGCThreads
Event: 60.270 Executing non-safepoint VM operation: RendezvousGCThreads done
Event: 66.432 Executing safepoint VM operation: ParallelGCFailedAllocation (Allocation Failure)
Event: 66.433 Executing safepoint VM operation: ParallelGCFailedAllocation (Allocation Failure) done

Memory protections (0 events):
No events

Nmethod flushes (20 events):
Event: 10.806 Thread 0x0000027ce4fdc390 flushing osr nmethod 0x0000027ce89c8090
Event: 10.806 Thread 0x0000027ce4fdc390 flushing osr nmethod 0x0000027ce89cbc90
Event: 10.806 Thread 0x0000027ce4fdc390 flushing osr nmethod 0x0000027ce8a10110
Event: 10.806 Thread 0x0000027ce4fdc390 flushing  nmethod 0x0000027ce8a24d10
Event: 10.806 Thread 0x0000027ce4fdc390 flushing  nmethod 0x0000027ce8a37910
Event: 10.806 Thread 0x0000027ce4fdc390 flushing  nmethod 0x0000027ce8a46610
Event: 10.806 Thread 0x0000027ce4fdc390 flushing  nmethod 0x0000027ce8a46f90
Event: 10.806 Thread 0x0000027ce4fdc390 flushing  nmethod 0x0000027ce8a49110
Event: 10.806 Thread 0x0000027ce4fdc390 flushing  nmethod 0x0000027ce8a49490
Event: 10.806 Thread 0x0000027ce4fdc390 flushing  nmethod 0x0000027ce8a49810
Event: 10.806 Thread 0x0000027ce4fdc390 flushing  nmethod 0x0000027ce8a4db10
Event: 10.806 Thread 0x0000027ce4fdc390 flushing  nmethod 0x0000027ce8a89890
Event: 10.806 Thread 0x0000027ce4fdc390 flushing  nmethod 0x0000027ce8ab2590
Event: 10.806 Thread 0x0000027ce4fdc390 flushing  nmethod 0x0000027ce8ab2b90
Event: 10.806 Thread 0x0000027ce4fdc390 flushing  nmethod 0x0000027ce8ab3a10
Event: 10.806 Thread 0x0000027ce4fdc390 flushing  nmethod 0x0000027ce8abde10
Event: 10.806 Thread 0x0000027ce4fdc390 flushing  nmethod 0x0000027ce8ac0610
Event: 10.806 Thread 0x0000027ce4fdc390 flushing  nmethod 0x0000027ce8b03910
Event: 10.806 Thread 0x0000027ce4fdc390 flushing  nmethod 0x0000027ce8b07310
Event: 10.806 Thread 0x0000027ce4fdc390 flushing  nmethod 0x0000027ce8b3fe90

Events (20 events):
Event: 12.760 Thread 0x0000027ccee9b910 Thread exited: 0x0000027ccee9b910
Event: 12.761 Thread 0x0000027ccee9b280 Thread exited: 0x0000027ccee9b280
Event: 12.984 Thread 0x0000027cfd98ed50 Thread added: 0x0000027ccd4db400
Event: 12.985 Thread 0x0000027cfd98ed50 Thread added: 0x0000027ccd4d7f80
Event: 12.985 Thread 0x0000027cfd98ed50 Thread added: 0x0000027ccd4d8610
Event: 12.985 Thread 0x0000027cfd98ed50 Thread added: 0x0000027ccd4d8ca0
Event: 12.985 Thread 0x0000027cfd98ed50 Thread added: 0x0000027ccd4d99c0
Event: 13.034 Thread 0x0000027ccd4d8610 Thread exited: 0x0000027ccd4d8610
Event: 13.035 Thread 0x0000027ccd4d8ca0 Thread exited: 0x0000027ccd4d8ca0
Event: 13.035 Thread 0x0000027ccd4db400 Thread exited: 0x0000027ccd4db400
Event: 13.035 Thread 0x0000027ccd4d7f80 Thread exited: 0x0000027ccd4d7f80
Event: 13.035 Thread 0x0000027ccd4d99c0 Thread exited: 0x0000027ccd4d99c0
Event: 15.911 Thread 0x0000027cfdb37ba0 Thread exited: 0x0000027cfdb37ba0
Event: 16.327 Thread 0x0000027ce4e7d310 Thread added: 0x0000027ccf809440
Event: 17.034 Thread 0x0000027ccf809440 Thread exited: 0x0000027ccf809440
Event: 17.080 Thread 0x0000027ce4e7d310 Thread added: 0x0000027ccf80bd20
Event: 18.686 Thread 0x0000027cc51ceb70 Thread added: 0x0000027cca3a5130
Event: 20.309 Thread 0x0000027ccf80bd20 Thread exited: 0x0000027ccf80bd20
Event: 31.939 Thread 0x0000027ce4e7d310 Thread added: 0x0000027ccf809b10
Event: 36.865 Thread 0x0000027ccf809b10 Thread exited: 0x0000027ccf809b10


Dynamic libraries:
0x00007ff79b930000 - 0x00007ff79b93e000 	c:\Users\sreyn\.vscode\extensions\redhat.java-1.53.0-win32-x64\jre\21.0.10-win32-x86_64\bin\java.exe
0x00007ffd26160000 - 0x00007ffd263c7000 	C:\WINDOWS\SYSTEM32\ntdll.dll
0x00007ffd245a0000 - 0x00007ffd24669000 	C:\WINDOWS\System32\KERNEL32.DLL
0x00007ffd23b00000 - 0x00007ffd23eef000 	C:\WINDOWS\System32\KERNELBASE.dll
0x00007ffd232b0000 - 0x00007ffd233fb000 	C:\WINDOWS\System32\ucrtbase.dll
0x00007ffcbbe00000 - 0x00007ffcbbe18000 	c:\Users\sreyn\.vscode\extensions\redhat.java-1.53.0-win32-x64\jre\21.0.10-win32-x86_64\bin\jli.dll
0x00007ffd25a20000 - 0x00007ffd25be5000 	C:\WINDOWS\System32\USER32.dll
0x00007ffd23ad0000 - 0x00007ffd23af7000 	C:\WINDOWS\System32\win32u.dll
0x00007ffd02ea0000 - 0x00007ffd02ebe000 	c:\Users\sreyn\.vscode\extensions\redhat.java-1.53.0-win32-x64\jre\21.0.10-win32-x86_64\bin\VCRUNTIME140.dll
0x00007ffd25790000 - 0x00007ffd257bb000 	C:\WINDOWS\System32\GDI32.dll
0x00007ffd236f0000 - 0x00007ffd2381c000 	C:\WINDOWS\System32\gdi32full.dll
0x00007ffd08f80000 - 0x00007ffd09213000 	C:\WINDOWS\WinSxS\amd64_microsoft.windows.common-controls_6595b64144ccf1df_6.0.26100.7309_none_3e05feeae336a044\COMCTL32.dll
0x00007ffd25020000 - 0x00007ffd250c9000 	C:\WINDOWS\System32\msvcrt.dll
0x00007ffd23970000 - 0x00007ffd23a13000 	C:\WINDOWS\System32\msvcp_win.dll
0x00007ffd247c0000 - 0x00007ffd247f1000 	C:\WINDOWS\System32\IMM32.DLL
0x00007ffd081b0000 - 0x00007ffd081bc000 	c:\Users\sreyn\.vscode\extensions\redhat.java-1.53.0-win32-x64\jre\21.0.10-win32-x86_64\bin\vcruntime140_1.dll
0x00007ffca6800000 - 0x00007ffca688d000 	c:\Users\sreyn\.vscode\extensions\redhat.java-1.53.0-win32-x64\jre\21.0.10-win32-x86_64\bin\msvcp140.dll
0x00007ffc82c20000 - 0x00007ffc839c1000 	c:\Users\sreyn\.vscode\extensions\redhat.java-1.53.0-win32-x64\jre\21.0.10-win32-x86_64\bin\server\jvm.dll
0x00007ffd24070000 - 0x00007ffd24124000 	C:\WINDOWS\System32\ADVAPI32.dll
0x00007ffd24670000 - 0x00007ffd24716000 	C:\WINDOWS\System32\sechost.dll
0x00007ffd250d0000 - 0x00007ffd251e8000 	C:\WINDOWS\System32\RPCRT4.dll
0x00007ffd24520000 - 0x00007ffd24594000 	C:\WINDOWS\System32\WS2_32.dll
0x00007ffd23110000 - 0x00007ffd2316e000 	C:\WINDOWS\SYSTEM32\POWRPROF.dll
0x00007ffd18550000 - 0x00007ffd18585000 	C:\WINDOWS\SYSTEM32\WINMM.dll
0x00007ffd0f250000 - 0x00007ffd0f25b000 	C:\WINDOWS\SYSTEM32\VERSION.dll
0x00007ffd230f0000 - 0x00007ffd23104000 	C:\WINDOWS\SYSTEM32\UMPDC.dll
0x00007ffd22060000 - 0x00007ffd2207b000 	C:\WINDOWS\SYSTEM32\kernel.appcore.dll
0x00007ffce8d60000 - 0x00007ffce8d6a000 	c:\Users\sreyn\.vscode\extensions\redhat.java-1.53.0-win32-x64\jre\21.0.10-win32-x86_64\bin\jimage.dll
0x00007ffd20b40000 - 0x00007ffd20d82000 	C:\WINDOWS\SYSTEM32\DBGHELP.DLL
0x00007ffd25d90000 - 0x00007ffd26115000 	C:\WINDOWS\System32\combase.dll
0x00007ffd258c0000 - 0x00007ffd25996000 	C:\WINDOWS\System32\OLEAUT32.dll
0x00007ffd03260000 - 0x00007ffd0329c000 	C:\WINDOWS\SYSTEM32\dbgcore.DLL
0x00007ffd23a20000 - 0x00007ffd23ac5000 	C:\WINDOWS\System32\bcryptPrimitives.dll
0x00007ffcddc40000 - 0x00007ffcddc4f000 	c:\Users\sreyn\.vscode\extensions\redhat.java-1.53.0-win32-x64\jre\21.0.10-win32-x86_64\bin\instrument.dll
0x00007ffcba8f0000 - 0x00007ffcba910000 	c:\Users\sreyn\.vscode\extensions\redhat.java-1.53.0-win32-x64\jre\21.0.10-win32-x86_64\bin\java.dll
0x00007ffd248c0000 - 0x00007ffd25013000 	C:\WINDOWS\System32\SHELL32.dll
0x00007ffd23580000 - 0x00007ffd236ea000 	C:\WINDOWS\System32\wintypes.dll
0x00007ffd20eb0000 - 0x00007ffd2170e000 	C:\WINDOWS\SYSTEM32\windows.storage.dll
0x00007ffd257c0000 - 0x00007ffd258b5000 	C:\WINDOWS\System32\SHCORE.dll
0x00007ffd24410000 - 0x00007ffd24476000 	C:\WINDOWS\System32\shlwapi.dll
0x00007ffd231d0000 - 0x00007ffd231f9000 	C:\WINDOWS\SYSTEM32\profapi.dll
0x00007ffcba8d0000 - 0x00007ffcba8e8000 	c:\Users\sreyn\.vscode\extensions\redhat.java-1.53.0-win32-x64\jre\21.0.10-win32-x86_64\bin\zip.dll
0x00007ffcba8c0000 - 0x00007ffcba8d0000 	C:\Users\sreyn\.vscode\extensions\redhat.java-1.53.0-win32-x64\jre\21.0.10-win32-x86_64\bin\net.dll
0x00007ffd13210000 - 0x00007ffd13338000 	C:\WINDOWS\SYSTEM32\WINHTTP.dll
0x00007ffd225d0000 - 0x00007ffd2263b000 	C:\WINDOWS\system32\mswsock.dll
0x00007ffcba8a0000 - 0x00007ffcba8b6000 	C:\Users\sreyn\.vscode\extensions\redhat.java-1.53.0-win32-x64\jre\21.0.10-win32-x86_64\bin\nio.dll
0x00007ffcba890000 - 0x00007ffcba8a0000 	c:\Users\sreyn\.vscode\extensions\redhat.java-1.53.0-win32-x64\jre\21.0.10-win32-x86_64\bin\verify.dll
0x00007ffcad310000 - 0x00007ffcad355000 	C:\Users\sreyn\AppData\Roaming\Code\User\globalStorage\redhat.java\1.53.0\config_win\org.eclipse.equinox.launcher\org.eclipse.equinox.launcher.win32.win32.x86_64_1.3.0.v20260203-2149\eclipse_11919.dll
0x00007ffd25bf0000 - 0x00007ffd25d87000 	C:\WINDOWS\System32\ole32.dll
0x00007ffd22890000 - 0x00007ffd228ab000 	C:\WINDOWS\SYSTEM32\CRYPTSP.dll
0x00007ffd21fc0000 - 0x00007ffd21ffa000 	C:\WINDOWS\system32\rsaenh.dll
0x00007ffd22680000 - 0x00007ffd226ab000 	C:\WINDOWS\SYSTEM32\USERENV.dll
0x00007ffd231a0000 - 0x00007ffd231ca000 	C:\WINDOWS\SYSTEM32\bcrypt.dll
0x00007ffd228b0000 - 0x00007ffd228bc000 	C:\WINDOWS\SYSTEM32\CRYPTBASE.dll
0x00007ffd21b00000 - 0x00007ffd21b34000 	C:\WINDOWS\SYSTEM32\IPHLPAPI.DLL
0x00007ffd25a10000 - 0x00007ffd25a1a000 	C:\WINDOWS\System32\NSI.dll
0x00007ffca6290000 - 0x00007ffca62d9000 	C:\Users\sreyn\AppData\Local\Temp\jna-109702011\jna2264317140902092910.dll
0x00007ffd259a0000 - 0x00007ffd259a8000 	C:\WINDOWS\System32\PSAPI.DLL
0x00007ffd13370000 - 0x00007ffd1338e000 	C:\WINDOWS\SYSTEM32\dhcpcsvc6.DLL
0x00007ffd13340000 - 0x00007ffd13363000 	C:\WINDOWS\SYSTEM32\dhcpcsvc.DLL

JVMTI agents:
c:\Users\sreyn\.vscode\extensions\redhat.java-1.53.0-win32-x64\lombok\lombok-1.18.39-4050.jar path:c:\Users\sreyn\.vscode\extensions\redhat.java-1.53.0-win32-x64\jre\21.0.10-win32-x86_64\bin\instrument.dll, loaded, initialized, instrumentlib options:none

dbghelp: loaded successfully - version: 4.0.5 - missing functions: none
symbol engine: initialized successfully - sym options: 0x614 - pdb path: .;c:\Users\sreyn\.vscode\extensions\redhat.java-1.53.0-win32-x64\jre\21.0.10-win32-x86_64\bin;C:\WINDOWS\SYSTEM32;C:\WINDOWS\WinSxS\amd64_microsoft.windows.common-controls_6595b64144ccf1df_6.0.26100.7309_none_3e05feeae336a044;c:\Users\sreyn\.vscode\extensions\redhat.java-1.53.0-win32-x64\jre\21.0.10-win32-x86_64\bin\server;C:\Users\sreyn\AppData\Roaming\Code\User\globalStorage\redhat.java\1.53.0\config_win\org.eclipse.equinox.launcher\org.eclipse.equinox.launcher.win32.win32.x86_64_1.3.0.v20260203-2149;C:\Users\sreyn\AppData\Local\Temp\jna-109702011

VM Arguments:
jvm_args: --add-modules=ALL-SYSTEM --add-opens=java.base/java.util=ALL-UNNAMED --add-opens=java.base/java.lang=ALL-UNNAMED --add-opens=java.base/sun.nio.fs=ALL-UNNAMED -Declipse.application=org.eclipse.jdt.ls.core.id1 -Dosgi.bundles.defaultStartLevel=4 -Declipse.product=org.eclipse.jdt.ls.core.product -Djava.import.generatesMetadataFilesAtProjectRoot=false -DDetectVMInstallationsJob.disabled=true -Dfile.encoding=utf8 -XX:+UseParallelGC -XX:GCTimeRatio=4 -XX:AdaptiveSizePolicyWeight=90 -Dsun.zip.disableMemoryMapping=true -Xmx2G -Xms100m -Xlog:disable -javaagent:c:\Users\sreyn\.vscode\extensions\redhat.java-1.53.0-win32-x64\lombok\lombok-1.18.39-4050.jar -XX:+HeapDumpOnOutOfMemoryError -XX:HeapDumpPath=c:\Users\sreyn\AppData\Roaming\Code\User\workspaceStorage\a483725c38a89179fd28c241c5e416ec\redhat.java -Daether.dependencyCollector.impl=bf 
java_command: c:\Users\sreyn\.vscode\extensions\redhat.java-1.53.0-win32-x64\server\plugins\org.eclipse.equinox.launcher_1.7.100.v20251111-0406.jar -configuration c:\Users\sreyn\AppData\Roaming\Code\User\globalStorage\redhat.java\1.53.0\config_win -data c:\Users\sreyn\AppData\Roaming\Code\User\workspaceStorage\a483725c38a89179fd28c241c5e416ec\redhat.java\jdt_ws --pipe=\\.\pipe\lsp-5b7478f5e1089955417aaafd9c1bfaca-sock
java_class_path (initial): c:\Users\sreyn\.vscode\extensions\redhat.java-1.53.0-win32-x64\server\plugins\org.eclipse.equinox.launcher_1.7.100.v20251111-0406.jar
Launcher Type: SUN_STANDARD

[Global flags]
    uintx AdaptiveSizePolicyWeight                 = 90                                        {product} {command line}
     intx CICompilerCount                          = 3                                         {product} {ergonomic}
    uintx GCTimeRatio                              = 4                                         {product} {command line}
     bool HeapDumpOnOutOfMemoryError               = true                                   {manageable} {command line}
    ccstr HeapDumpPath                             = c:\Users\sreyn\AppData\Roaming\Code\User\workspaceStorage\a483725c38a89179fd28c241c5e416ec\redhat.java         {manageable} {command line}
   size_t InitialHeapSize                          = 104857600                                 {product} {command line}
   size_t MaxHeapSize                              = 2147483648                                {product} {command line}
   size_t MaxNewSize                               = 715653120                                 {product} {ergonomic}
   size_t MinHeapDeltaBytes                        = 524288                                    {product} {ergonomic}
   size_t MinHeapSize                              = 104857600                                 {product} {command line}
   size_t NewSize                                  = 34603008                                  {product} {ergonomic}
    uintx NonNMethodCodeHeapSize                   = 5832780                                {pd product} {ergonomic}
    uintx NonProfiledCodeHeapSize                  = 122912730                              {pd product} {ergonomic}
   size_t OldSize                                  = 70254592                                  {product} {ergonomic}
    uintx ProfiledCodeHeapSize                     = 122912730                              {pd product} {ergonomic}
    uintx ReservedCodeCacheSize                    = 251658240                              {pd product} {ergonomic}
     bool SegmentedCodeCache                       = true                                      {product} {ergonomic}
   size_t SoftMaxHeapSize                          = 2147483648                             {manageable} {ergonomic}
     bool UseCompressedOops                        = true                           {product lp64_product} {ergonomic}
     bool UseLargePagesIndividualAllocation        = false                                  {pd product} {ergonomic}
     bool UseParallelGC                            = true                                      {product} {command line}

Logging:
Log output configuration:
 #0: stdout all=off uptime,level,tags foldmultilines=false
 #1: stderr all=off uptime,level,tags foldmultilines=false

Release file:
JAVA_VERSION="21.0.10" 
MODULES="java.base java.compiler java.datatransfer java.xml java.prefs java.desktop java.instrument java.logging java.management java.security.sasl java.naming java.rmi java.management.rmi java.net.http java.scripting java.security.jgss java.transaction.xa java.sql java.sql.rowset java.xml.crypto java.se java.smartcardio jdk.accessibility jdk.internal.jvmstat jdk.attach jdk.charsets jdk.internal.opt jdk.zipfs jdk.compiler jdk.crypto.ec jdk.crypto.cryptoki jdk.crypto.mscapi jdk.dynalink jdk.internal.ed jdk.editpad jdk.hotspot.agent jdk.httpserver jdk.internal.le jdk.internal.vm.ci jdk.internal.vm.compiler jdk.internal.vm.compiler.management jdk.jartool jdk.javadoc jdk.jcmd jdk.management jdk.management.agent jdk.jconsole jdk.jdeps jdk.jdwp.agent jdk.jdi jdk.jfr jdk.jshell jdk.jsobject jdk.jstatd jdk.localedata jdk.management.jfr jdk.naming.dns jdk.naming.rmi jdk.net jdk.nio.mapmode jdk.random jdk.sctp jdk.security.auth jdk.security.jgss jdk.unsupported jdk.unsupported.desktop jdk.xml.dom" 

Environment Variables:
JAVA_HOME=C:\Program Files\Amazon Corretto\jdk21.0.9_10
PATH=C:\Users\sreyn\AppData\Local\Programs\Microsoft VS Code;C:\Program Files\Amazon Corretto\jdk21.0.9_10\bin;C:\WINDOWS\system32;C:\WINDOWS;C:\WINDOWS\System32\Wbem;C:\WINDOWS\System32\WindowsPowerShell\v1.0\;C:\WINDOWS\System32\OpenSSH\;C:\Program Files\Git\cmd;C:\Users\sreyn\Downloads\php-8.4.5-nts-Win32-vs17-x64;C:\Program Files\nodejs\;C:\Program Files\PostgreSQL\18\bin;C:\Program Files\Docker\Docker\resources\bin;C:\Program Files\Apache\Maven\apache-maven-3.9.9\bin;C:\Users\sreyn\.local\bin;C:\Users\sreyn\AppData\Local\Microsoft\WindowsApps;C:\Users\sreyn\AppData\Local\Programs\Microsoft VS Code\bin;C:\Users\sreyn\AppData\Roaming\npm;C:\Users\sreyn\AppData\Local\ComposerSetup\bin;C:\Users\sreyn\AppData\Roaming\Composer\vendor\bin;C:\Program Files\JetBrains\DataGrip 2025.3.3\bin;C:\Program Files\JetBrains\IntelliJ IDEA 2025.3.2\bin
USERNAME=sreyn
OS=Windows_NT
PROCESSOR_IDENTIFIER=Intel64 Family 6 Model 140 Stepping 1, GenuineIntel
TMP=C:\Users\sreyn\AppData\Local\Temp
TEMP=C:\Users\sreyn\AppData\Local\Temp




Periodic native trim disabled

---------------  S Y S T E M  ---------------

OS:
 Windows 11 , 64 bit Build 26100 (10.0.26100.7309)
OS uptime: 0 days 0:13 hours
Hyper-V role detected

CPU: total 4 (initial active 4) (2 cores per cpu, 2 threads per core) family 6 model 140 stepping 1 microcode 0xa6, cx8, cmov, fxsr, ht, mmx, 3dnowpref, sse, sse2, sse3, ssse3, sse4.1, sse4.2, popcnt, lzcnt, tsc, tscinvbit, avx, avx2, aes, erms, clmul, bmi1, bmi2, adx, avx512f, avx512dq, avx512cd, avx512bw, avx512vl, sha, fma, vzeroupper, avx512_vpopcntdq, avx512_vpclmulqdq, avx512_vaes, avx512_vnni, clflush, clflushopt, clwb, avx512_vbmi2, avx512_vbmi, hv, rdtscp, rdpid, fsrm, gfni, avx512_bitalg, f16c, cet_ibt, cet_ss, avx512_ifma
Processor Information for the first 4 processors :
  Max Mhz: 2995, Current Mhz: 2995, Mhz Limit: 2995

Memory: 4k page, system-wide physical 11982M (848M free)
TotalPageFile size 14645M (AvailPageFile size 4M)
current process WorkingSet (physical memory assigned to process): 331M, peak: 421M
current process commit charge ("private bytes"): 388M, peak: 477M

vm_info: OpenJDK 64-Bit Server VM (21.0.10+7-LTS) for windows-amd64 JRE (21.0.10+7-LTS), built on 2026-01-20T00:00:00Z by "admin" with MS VC++ 17.12 (VS2022)

END.
