#
# There is insufficient memory for the Java Runtime Environment to continue.
# Native memory allocation (malloc) failed to allocate 46896 bytes. Error detail: Chunk::new
# Possible reasons:
#   The system is out of physical RAM or swap space
#   This process is running with CompressedOops enabled, and the Java Heap may be blocking the growth of the native heap
# Possible solutions:
#   Reduce memory load on the system
#   Increase physical memory or swap space
#   Check if swap backing store is full
#   Decrease Java heap size (-Xmx/-Xms)
#   Decrease number of Java threads
#   Decrease Java thread stack sizes (-Xss)
#   Set larger code cache with -XX:ReservedCodeCacheSize=
#   JVM is running with Unscaled Compressed Oops mode in which the Java heap is
#     placed in the first 4GB address space. The Java Heap base address is the
#     maximum limit for the native heap growth. Please use -XX:HeapBaseMinAddress
#     to set the Java Heap base and to place the Java Heap above 4GB virtual address.
# This output file may be truncated or incomplete.
#
#  Out of Memory Error (arena.cpp:168), pid=6624, tid=4328
#
# JRE version: OpenJDK Runtime Environment Temurin-21.0.10+7 (21.0.10+7) (build 21.0.10+7-LTS)
# Java VM: OpenJDK 64-Bit Server VM Temurin-21.0.10+7 (21.0.10+7-LTS, mixed mode, sharing, tiered, compressed oops, compressed class ptrs, parallel gc, windows-amd64)
# No core dump will be written. Minidumps are not enabled by default on client versions of Windows
#

---------------  S U M M A R Y ------------

Command Line: --add-modules=ALL-SYSTEM --add-opens=java.base/java.util=ALL-UNNAMED --add-opens=java.base/java.lang=ALL-UNNAMED --add-opens=java.base/sun.nio.fs=ALL-UNNAMED -Declipse.application=org.eclipse.jdt.ls.core.id1 -Dosgi.bundles.defaultStartLevel=4 -Declipse.product=org.eclipse.jdt.ls.core.product -Djava.import.generatesMetadataFilesAtProjectRoot=false -DDetectVMInstallationsJob.disabled=true -Dfile.encoding=utf8 -XX:+UseParallelGC -XX:GCTimeRatio=4 -XX:AdaptiveSizePolicyWeight=90 -Dsun.zip.disableMemoryMapping=true -Xmx2G -Xms100m -Xlog:disable -javaagent:c:\Users\sreyn\.vscode\extensions\redhat.java-1.53.0-win32-x64\lombok\lombok-1.18.39-4050.jar -XX:+HeapDumpOnOutOfMemoryError -XX:HeapDumpPath=c:\Users\sreyn\AppData\Roaming\Code\User\workspaceStorage\a483725c38a89179fd28c241c5e416ec\redhat.java -Daether.dependencyCollector.impl=bf c:\Users\sreyn\.vscode\extensions\redhat.java-1.53.0-win32-x64\server\plugins\org.eclipse.equinox.launcher_1.7.100.v20251111-0406.jar -configuration c:\Users\sreyn\AppData\Roaming\Code\User\globalStorage\redhat.java\1.53.0\config_win -data c:\Users\sreyn\AppData\Roaming\Code\User\workspaceStorage\a483725c38a89179fd28c241c5e416ec\redhat.java\jdt_ws --pipe=\\.\pipe\lsp-16349d882b4f33da7d935738983924d0-sock

Host: 11th Gen Intel(R) Core(TM) i3-1115G4 @ 3.00GHz, 4 cores, 11G,  Windows 11 , 64 bit Build 26100 (10.0.26100.7309)
Time: Mon Mar 30 23:44:43 2026 SE Asia Standard Time elapsed time: 0.112587 seconds (0d 0h 0m 0s)

---------------  T H R E A D  ---------------

Current thread (0x000001d8e15fda30):  JavaThread "C2 CompilerThread0" daemon [_thread_in_native, id=4328, stack(0x0000003894100000,0x0000003894200000) (1024K)]


Current CompileTask:
C2:112  160       4       java.lang.StringLatin1::equals (36 bytes)

Stack: [0x0000003894100000,0x0000003894200000]
Native frames: (J=compiled Java code, j=interpreted, Vv=VM code, C=native code)
V  [jvm.dll+0x6d7a39]
V  [jvm.dll+0x8b4b26]
V  [jvm.dll+0x8b70de]
V  [jvm.dll+0x8b77c3]
V  [jvm.dll+0x284346]
V  [jvm.dll+0xc66ed]
V  [jvm.dll+0xc6c31]
V  [jvm.dll+0x2fb29e]
V  [DBGHELP.DLL+0x5fe884]
V  [jvm.dll+0x255b17]
V  [jvm.dll+0x24e21f]
V  [jvm.dll+0x24ba42]
V  [jvm.dll+0x1cb34e]
V  [jvm.dll+0x25b85d]
V  [jvm.dll+0x259dea]
V  [jvm.dll+0x3f857e]
V  [jvm.dll+0x85f59d]
V  [jvm.dll+0x6d626d]
C  [ucrtbase.dll+0x37b0]
C  [KERNEL32.DLL+0x2e8d7]
C  [ntdll.dll+0x8c53c]


---------------  P R O C E S S  ---------------

Threads class SMR info:
_java_thread_list=0x000001d8f8c65f40, length=10, elements={
0x000001d8e153bd20, 0x000001d8f7f2ffd0, 0x000001d8f7f33150, 0x000001d8f7f36780,
0x000001d8f7f373e0, 0x000001d8f7f37f40, 0x000001d8e15f8fc0, 0x000001d8e15fda30,
0x000001d8f7fab000, 0x000001d8f8c8ea50
}

Java Threads: ( => current thread )
  0x000001d8e153bd20 JavaThread "main"                              [_thread_in_native, id=7744, stack(0x0000003893700000,0x0000003893800000) (1024K)]
  0x000001d8f7f2ffd0 JavaThread "Reference Handler"          daemon [_thread_blocked, id=2888, stack(0x0000003893b00000,0x0000003893c00000) (1024K)]
  0x000001d8f7f33150 JavaThread "Finalizer"                  daemon [_thread_blocked, id=7128, stack(0x0000003893c00000,0x0000003893d00000) (1024K)]
  0x000001d8f7f36780 JavaThread "Signal Dispatcher"          daemon [_thread_blocked, id=13904, stack(0x0000003893d00000,0x0000003893e00000) (1024K)]
  0x000001d8f7f373e0 JavaThread "Attach Listener"            daemon [_thread_blocked, id=15692, stack(0x0000003893e00000,0x0000003893f00000) (1024K)]
  0x000001d8f7f37f40 JavaThread "Service Thread"             daemon [_thread_blocked, id=12516, stack(0x0000003893f00000,0x0000003894000000) (1024K)]
  0x000001d8e15f8fc0 JavaThread "Monitor Deflation Thread"   daemon [_thread_blocked, id=2940, stack(0x0000003894000000,0x0000003894100000) (1024K)]
=>0x000001d8e15fda30 JavaThread "C2 CompilerThread0"         daemon [_thread_in_native, id=4328, stack(0x0000003894100000,0x0000003894200000) (1024K)]
  0x000001d8f7fab000 JavaThread "C1 CompilerThread0"         daemon [_thread_in_native, id=16628, stack(0x0000003894200000,0x0000003894300000) (1024K)]
  0x000001d8f8c8ea50 JavaThread "Common-Cleaner"             daemon [_thread_blocked, id=12916, stack(0x0000003894300000,0x0000003894400000) (1024K)]
Total: 10

Other Threads:
  0x000001d8e15de6a0 VMThread "VM Thread"                           [id=15540, stack(0x0000003893a00000,0x0000003893b00000) (1024K)]
  0x000001d8f7ecc950 WatcherThread "VM Periodic Task Thread"        [id=15856, stack(0x0000003893900000,0x0000003893a00000) (1024K)]
  0x000001d8e155b450 WorkerThread "GC Thread#0"                     [id=9504, stack(0x0000003893800000,0x0000003893900000) (1024K)]
Total: 3

Threads with active compile tasks:
C2 CompilerThread0  125  160       4       java.lang.StringLatin1::equals (36 bytes)
C1 CompilerThread0  125  164   !   3       java.util.concurrent.ConcurrentHashMap::putVal (432 bytes)
Total: 2

VM state: not at safepoint (normal execution)

VM Mutex/Monitor currently owned by a thread: None

Heap address: 0x0000000080000000, size: 2048 MB, Compressed Oops mode: 32-bit

CDS archive(s) mapped at: [0x000001d880000000-0x000001d880ba0000-0x000001d880ba0000), size 12189696, SharedBaseAddress: 0x000001d880000000, ArchiveRelocationMode: 1.
Compressed class space mapped at: 0x000001d881000000-0x000001d8c1000000, reserved size: 1073741824
Narrow klass base: 0x000001d880000000, Narrow klass shift: 0, Narrow klass range: 0x100000000

GC Precious Log:
 CardTable entry size: 512
 CPUs: 4 total, 4 available
 Memory: 11982M
 Large Page Support: Disabled
 NUMA Support: Disabled
 Compressed Oops: Enabled (32-bit)
 Alignments: Space 512K, Generation 512K, Heap 2M
 Heap Min Capacity: 100M
 Heap Initial Capacity: 100M
 Heap Max Capacity: 2G
 Pre-touch: Disabled
 Parallel Workers: 4

Heap:
 PSYoungGen      total 29696K, used 3584K [0x00000000d5580000, 0x00000000d7680000, 0x0000000100000000)
  eden space 25600K, 14% used [0x00000000d5580000,0x00000000d5900218,0x00000000d6e80000)
  from space 4096K, 0% used [0x00000000d7280000,0x00000000d7280000,0x00000000d7680000)
  to   space 4096K, 0% used [0x00000000d6e80000,0x00000000d6e80000,0x00000000d7280000)
 ParOldGen       total 68608K, used 0K [0x0000000080000000, 0x0000000084300000, 0x00000000d5580000)
  object space 68608K, 0% used [0x0000000080000000,0x0000000080000000,0x0000000084300000)
 Metaspace       used 294K, committed 512K, reserved 1114112K
  class space    used 19K, committed 128K, reserved 1048576K

Card table byte_map: [0x000001d8e0ee0000,0x000001d8e12f0000] _byte_map_base: 0x000001d8e0ae0000

Marking Bits: (ParMarkBitMap*) 0x00007ffc89483450
 Begin Bits: [0x000001d8f39f0000, 0x000001d8f59f0000)
 End Bits:   [0x000001d8f59f0000, 0x000001d8f79f0000)

Polling page: 0x000001d8df400000

Metaspace:

Usage:
  Non-class:    275.60 KB used.
      Class:     19.20 KB used.
       Both:    294.80 KB used.

Virtual space:
  Non-class space:       64.00 MB reserved,     384.00 KB ( <1%) committed,  1 nodes.
      Class space:        1.00 GB reserved,     128.00 KB ( <1%) committed,  1 nodes.
             Both:        1.06 GB reserved,     512.00 KB ( <1%) committed. 

Chunk freelists:
   Non-Class:  11.99 MB
       Class:  15.75 MB
        Both:  27.74 MB

MaxMetaspaceSize: unlimited
CompressedClassSpaceSize: 1.00 GB
Initial GC threshold: 21.00 MB
Current GC threshold: 21.00 MB
CDS: on
 - commit_granule_bytes: 65536.
 - commit_granule_words: 8192.
 - virtual_space_node_default_size: 8388608.
 - enlarge_chunks_in_place: 1.
 - use_allocation_guard: 0.


Internal statistics:

num_allocs_failed_limit: 0.
num_arena_births: 8.
num_arena_deaths: 0.
num_vsnodes_births: 2.
num_vsnodes_deaths: 0.
num_space_committed: 8.
num_space_uncommitted: 0.
num_chunks_returned_to_freelist: 0.
num_chunks_taken_from_freelist: 9.
num_chunk_merges: 0.
num_chunk_splits: 6.
num_chunks_enlarged: 3.
num_inconsistent_stats: 0.

CodeHeap 'non-profiled nmethods': size=120000Kb used=53Kb max_used=53Kb free=119946Kb
 bounds [0x000001d8ec210000, 0x000001d8ec480000, 0x000001d8f3740000]
CodeHeap 'profiled nmethods': size=120000Kb used=166Kb max_used=166Kb free=119834Kb
 bounds [0x000001d8e4740000, 0x000001d8e49b0000, 0x000001d8ebc70000]
CodeHeap 'non-nmethods': size=5760Kb used=1143Kb max_used=1143Kb free=4616Kb
 bounds [0x000001d8ebc70000, 0x000001d8ebee0000, 0x000001d8ec210000]
CodeCache: size=245760Kb, used=1362Kb, max_used=1362Kb, free=244396Kb
 total_blobs=542, nmethods=165, adapters=284, full_count=0
Compilation: enabled, stopped_count=0, restarted_count=0

Compilation events (20 events):
Event: 0.107 Thread 0x000001d8f7fab000 nmethod 154 0x000001d8ec21ae10 code [0x000001d8ec21afa0, 0x000001d8ec21b068]
Event: 0.107 Thread 0x000001d8f7fab000  155       1       java.util.HashMap$Node::getKey (5 bytes)
Event: 0.107 Thread 0x000001d8f7fab000 nmethod 155 0x000001d8ec21b110 code [0x000001d8ec21b2a0, 0x000001d8ec21b368]
Event: 0.107 Thread 0x000001d8f7fab000  156       1       java.util.HashMap$Node::getValue (5 bytes)
Event: 0.107 Thread 0x000001d8f7fab000 nmethod 156 0x000001d8ec21b410 code [0x000001d8ec21b5a0, 0x000001d8ec21b668]
Event: 0.108 Thread 0x000001d8f7fab000  158       3       java.lang.StringLatin1::lastIndexOf (125 bytes)
Event: 0.108 Thread 0x000001d8e15fda30 nmethod 151 0x000001d8ec21b710 code [0x000001d8ec21b8a0, 0x000001d8ec21b9d8]
Event: 0.108 Thread 0x000001d8e15fda30  153       4       java.lang.module.ModuleDescriptor$Exports::isQualified (18 bytes)
Event: 0.108 Thread 0x000001d8f7fab000 nmethod 158 0x000001d8e4768690 code [0x000001d8e4768860, 0x000001d8e4768ca8]
Event: 0.108 Thread 0x000001d8f7fab000  159       3       java.lang.String::<init> (15 bytes)
Event: 0.108 Thread 0x000001d8f7fab000 nmethod 159 0x000001d8e4768f10 code [0x000001d8e47690c0, 0x000001d8e4769248]
Event: 0.108 Thread 0x000001d8f7fab000  161       1       java.util.KeyValueHolder::getKey (5 bytes)
Event: 0.108 Thread 0x000001d8f7fab000 nmethod 161 0x000001d8ec21bb10 code [0x000001d8ec21bca0, 0x000001d8ec21bd68]
Event: 0.108 Thread 0x000001d8f7fab000  162       1       java.util.KeyValueHolder::getValue (5 bytes)
Event: 0.108 Thread 0x000001d8f7fab000 nmethod 162 0x000001d8ec21be10 code [0x000001d8ec21bfa0, 0x000001d8ec21c068]
Event: 0.108 Thread 0x000001d8f7fab000  163       3       java.util.Optional::ofNullable (19 bytes)
Event: 0.108 Thread 0x000001d8e15fda30 nmethod 153 0x000001d8ec21c110 code [0x000001d8ec21c2a0, 0x000001d8ec21c380]
Event: 0.108 Thread 0x000001d8e15fda30  160       4       java.lang.StringLatin1::equals (36 bytes)
Event: 0.109 Thread 0x000001d8f7fab000 nmethod 163 0x000001d8e4769310 code [0x000001d8e47694c0, 0x000001d8e4769738]
Event: 0.109 Thread 0x000001d8f7fab000  164   !   3       java.util.concurrent.ConcurrentHashMap::putVal (432 bytes)

GC Heap History (0 events):
No events

Dll operation events (2 events):
Event: 0.015 Loaded shared library c:\Users\sreyn\.vscode\extensions\redhat.java-1.53.0-win32-x64\jre\21.0.10-win32-x86_64\bin\java.dll
Event: 0.049 Loaded shared library c:\Users\sreyn\.vscode\extensions\redhat.java-1.53.0-win32-x64\jre\21.0.10-win32-x86_64\bin\zip.dll

Deoptimization events (0 events):
No events

Classes loaded (4 events):
Event: 0.049 Loading class sun/nio/cs/UTF_8$Encoder
Event: 0.049 Loading class sun/nio/cs/UTF_8$Encoder done
Event: 0.098 Loading class jdk/internal/module/ModuleReferenceImpl$CachedHash
Event: 0.098 Loading class jdk/internal/module/ModuleReferenceImpl$CachedHash done

Classes unloaded (0 events):
No events

Classes redefined (0 events):
No events

Internal exceptions (1 events):
Event: 0.094 Thread 0x000001d8e153bd20 Exception <a 'java/lang/NoSuchMethodError'{0x00000000d579e708}: 'void java.lang.invoke.DirectMethodHandle$Holder.invokeStatic(java.lang.Object, java.lang.Object, java.lang.Object)'> (0x00000000d579e708) 
thrown [s\src\hotspot\share\interpreter\linkResolver.cpp, line 773]

ZGC Phase Switch (0 events):
No events

VM Operations (2 events):
Event: 0.098 Executing non-safepoint VM operation: HandshakeAllThreads (Deoptimize)
Event: 0.098 Executing non-safepoint VM operation: HandshakeAllThreads (Deoptimize) done

Memory protections (0 events):
No events

Nmethod flushes (0 events):
No events

Events (9 events):
Event: 0.036 Thread 0x000001d8e153bd20 Thread added: 0x000001d8e153bd20
Event: 0.050 Thread 0x000001d8e153bd20 Thread added: 0x000001d8f7f2ffd0
Event: 0.051 Thread 0x000001d8e153bd20 Thread added: 0x000001d8f7f33150
Event: 0.051 Thread 0x000001d8e153bd20 Thread added: 0x000001d8f7f36780
Event: 0.052 Thread 0x000001d8e153bd20 Thread added: 0x000001d8f7f373e0
Event: 0.053 Thread 0x000001d8e153bd20 Thread added: 0x000001d8f7f37f40
Event: 0.053 Thread 0x000001d8e153bd20 Thread added: 0x000001d8e15f8fc0
Event: 0.053 Thread 0x000001d8e153bd20 Thread added: 0x000001d8e15fda30
Event: 0.058 Thread 0x000001d8e153bd20 Thread added: 0x000001d8f7fab000


Dynamic libraries:
0x00007ff79b930000 - 0x00007ff79b93e000 	c:\Users\sreyn\.vscode\extensions\redhat.java-1.53.0-win32-x64\jre\21.0.10-win32-x86_64\bin\java.exe
0x00007ffd26160000 - 0x00007ffd263c7000 	C:\WINDOWS\SYSTEM32\ntdll.dll
0x00007ffd245a0000 - 0x00007ffd24669000 	C:\WINDOWS\System32\KERNEL32.DLL
0x00007ffd23b00000 - 0x00007ffd23eef000 	C:\WINDOWS\System32\KERNELBASE.dll
0x00007ffd232b0000 - 0x00007ffd233fb000 	C:\WINDOWS\System32\ucrtbase.dll
0x00007ffd1b3a0000 - 0x00007ffd1b3be000 	c:\Users\sreyn\.vscode\extensions\redhat.java-1.53.0-win32-x64\jre\21.0.10-win32-x86_64\bin\VCRUNTIME140.dll
0x00007ffd1b380000 - 0x00007ffd1b398000 	c:\Users\sreyn\.vscode\extensions\redhat.java-1.53.0-win32-x64\jre\21.0.10-win32-x86_64\bin\jli.dll
0x00007ffd25a20000 - 0x00007ffd25be5000 	C:\WINDOWS\System32\USER32.dll
0x00007ffd23ad0000 - 0x00007ffd23af7000 	C:\WINDOWS\System32\win32u.dll
0x00007ffd08f80000 - 0x00007ffd09213000 	C:\WINDOWS\WinSxS\amd64_microsoft.windows.common-controls_6595b64144ccf1df_6.0.26100.7309_none_3e05feeae336a044\COMCTL32.dll
0x00007ffd25790000 - 0x00007ffd257bb000 	C:\WINDOWS\System32\GDI32.dll
0x00007ffd25020000 - 0x00007ffd250c9000 	C:\WINDOWS\System32\msvcrt.dll
0x00007ffd236f0000 - 0x00007ffd2381c000 	C:\WINDOWS\System32\gdi32full.dll
0x00007ffd23970000 - 0x00007ffd23a13000 	C:\WINDOWS\System32\msvcp_win.dll
0x00007ffd247c0000 - 0x00007ffd247f1000 	C:\WINDOWS\System32\IMM32.DLL
0x00007ffd1d690000 - 0x00007ffd1d69c000 	c:\Users\sreyn\.vscode\extensions\redhat.java-1.53.0-win32-x64\jre\21.0.10-win32-x86_64\bin\vcruntime140_1.dll
0x00007ffd08e00000 - 0x00007ffd08e8d000 	c:\Users\sreyn\.vscode\extensions\redhat.java-1.53.0-win32-x64\jre\21.0.10-win32-x86_64\bin\msvcp140.dll
0x00007ffc887c0000 - 0x00007ffc89561000 	c:\Users\sreyn\.vscode\extensions\redhat.java-1.53.0-win32-x64\jre\21.0.10-win32-x86_64\bin\server\jvm.dll
0x00007ffd24070000 - 0x00007ffd24124000 	C:\WINDOWS\System32\ADVAPI32.dll
0x00007ffd24670000 - 0x00007ffd24716000 	C:\WINDOWS\System32\sechost.dll
0x00007ffd250d0000 - 0x00007ffd251e8000 	C:\WINDOWS\System32\RPCRT4.dll
0x00007ffd24520000 - 0x00007ffd24594000 	C:\WINDOWS\System32\WS2_32.dll
0x00007ffd23110000 - 0x00007ffd2316e000 	C:\WINDOWS\SYSTEM32\POWRPROF.dll
0x00007ffd18550000 - 0x00007ffd18585000 	C:\WINDOWS\SYSTEM32\WINMM.dll
0x00007ffd0f250000 - 0x00007ffd0f25b000 	C:\WINDOWS\SYSTEM32\VERSION.dll
0x00007ffd230f0000 - 0x00007ffd23104000 	C:\WINDOWS\SYSTEM32\UMPDC.dll
0x00007ffd22060000 - 0x00007ffd2207b000 	C:\WINDOWS\SYSTEM32\kernel.appcore.dll
0x00007ffd1d680000 - 0x00007ffd1d68a000 	c:\Users\sreyn\.vscode\extensions\redhat.java-1.53.0-win32-x64\jre\21.0.10-win32-x86_64\bin\jimage.dll
0x00007ffd20b40000 - 0x00007ffd20d82000 	C:\WINDOWS\SYSTEM32\DBGHELP.DLL
0x00007ffd25d90000 - 0x00007ffd26115000 	C:\WINDOWS\System32\combase.dll
0x00007ffd258c0000 - 0x00007ffd25996000 	C:\WINDOWS\System32\OLEAUT32.dll
0x00007ffd03260000 - 0x00007ffd0329c000 	C:\WINDOWS\SYSTEM32\dbgcore.DLL
0x00007ffd23a20000 - 0x00007ffd23ac5000 	C:\WINDOWS\System32\bcryptPrimitives.dll
0x00007ffd1b440000 - 0x00007ffd1b44f000 	c:\Users\sreyn\.vscode\extensions\redhat.java-1.53.0-win32-x64\jre\21.0.10-win32-x86_64\bin\instrument.dll
0x00007ffd1b420000 - 0x00007ffd1b440000 	c:\Users\sreyn\.vscode\extensions\redhat.java-1.53.0-win32-x64\jre\21.0.10-win32-x86_64\bin\java.dll
0x00007ffd248c0000 - 0x00007ffd25013000 	C:\WINDOWS\System32\SHELL32.dll
0x00007ffd23580000 - 0x00007ffd236ea000 	C:\WINDOWS\System32\wintypes.dll
0x00007ffd20eb0000 - 0x00007ffd2170e000 	C:\WINDOWS\SYSTEM32\windows.storage.dll
0x00007ffd257c0000 - 0x00007ffd258b5000 	C:\WINDOWS\System32\SHCORE.dll
0x00007ffd24410000 - 0x00007ffd24476000 	C:\WINDOWS\System32\shlwapi.dll
0x00007ffd231d0000 - 0x00007ffd231f9000 	C:\WINDOWS\SYSTEM32\profapi.dll
0x00007ffd1b3e0000 - 0x00007ffd1b3f8000 	c:\Users\sreyn\.vscode\extensions\redhat.java-1.53.0-win32-x64\jre\21.0.10-win32-x86_64\bin\zip.dll
0x00007ffd1b3d0000 - 0x00007ffd1b3e0000 	C:\Users\sreyn\.vscode\extensions\redhat.java-1.53.0-win32-x64\jre\21.0.10-win32-x86_64\bin\net.dll
0x00007ffd13210000 - 0x00007ffd13338000 	C:\WINDOWS\SYSTEM32\WINHTTP.dll

JVMTI agents:
c:\Users\sreyn\.vscode\extensions\redhat.java-1.53.0-win32-x64\lombok\lombok-1.18.39-4050.jar path:C:\WINDOWS\WinSxS\amd64_microsoft.windows.common-controls_6595b64144ccf1df_6.0.26100.7309_none_3e05feeae336a044\COMCTL32.dll, loaded, initialized, instrumentlib options:none

dbghelp: loaded successfully - version: 4.0.5 - missing functions: none
symbol engine: initialized successfully - sym options: 0x614 - pdb path: .;c:\Users\sreyn\.vscode\extensions\redhat.java-1.53.0-win32-x64\jre\21.0.10-win32-x86_64\bin;C:\WINDOWS\SYSTEM32;C:\WINDOWS\WinSxS\amd64_microsoft.windows.common-controls_6595b64144ccf1df_6.0.26100.7309_none_3e05feeae336a044;c:\Users\sreyn\.vscode\extensions\redhat.java-1.53.0-win32-x64\jre\21.0.10-win32-x86_64\bin\server

VM Arguments:
jvm_args: --add-modules=ALL-SYSTEM --add-opens=java.base/java.util=ALL-UNNAMED --add-opens=java.base/java.lang=ALL-UNNAMED --add-opens=java.base/sun.nio.fs=ALL-UNNAMED -Declipse.application=org.eclipse.jdt.ls.core.id1 -Dosgi.bundles.defaultStartLevel=4 -Declipse.product=org.eclipse.jdt.ls.core.product -Djava.import.generatesMetadataFilesAtProjectRoot=false -DDetectVMInstallationsJob.disabled=true -Dfile.encoding=utf8 -XX:+UseParallelGC -XX:GCTimeRatio=4 -XX:AdaptiveSizePolicyWeight=90 -Dsun.zip.disableMemoryMapping=true -Xmx2G -Xms100m -Xlog:disable -javaagent:c:\Users\sreyn\.vscode\extensions\redhat.java-1.53.0-win32-x64\lombok\lombok-1.18.39-4050.jar -XX:+HeapDumpOnOutOfMemoryError -XX:HeapDumpPath=c:\Users\sreyn\AppData\Roaming\Code\User\workspaceStorage\a483725c38a89179fd28c241c5e416ec\redhat.java -Daether.dependencyCollector.impl=bf 
java_command: c:\Users\sreyn\.vscode\extensions\redhat.java-1.53.0-win32-x64\server\plugins\org.eclipse.equinox.launcher_1.7.100.v20251111-0406.jar -configuration c:\Users\sreyn\AppData\Roaming\Code\User\globalStorage\redhat.java\1.53.0\config_win -data c:\Users\sreyn\AppData\Roaming\Code\User\workspaceStorage\a483725c38a89179fd28c241c5e416ec\redhat.java\jdt_ws --pipe=\\.\pipe\lsp-16349d882b4f33da7d935738983924d0-sock
java_class_path (initial): c:\Users\sreyn\.vscode\extensions\redhat.java-1.53.0-win32-x64\server\plugins\org.eclipse.equinox.launcher_1.7.100.v20251111-0406.jar
Launcher Type: SUN_STANDARD

[Global flags]
    uintx AdaptiveSizePolicyWeight                 = 90                                        {product} {command line}
     intx CICompilerCount                          = 3                                         {product} {ergonomic}
    uintx GCTimeRatio                              = 4                                         {product} {command line}
     bool HeapDumpOnOutOfMemoryError               = true                                   {manageable} {command line}
    ccstr HeapDumpPath                             = c:\Users\sreyn\AppData\Roaming\Code\User\workspaceStorage\a483725c38a89179fd28c241c5e416ec\redhat.java         {manageable} {command line}
   size_t InitialHeapSize                          = 104857600                                 {product} {command line}
   size_t MaxHeapSize                              = 2147483648                                {product} {command line}
   size_t MaxNewSize                               = 715653120                                 {product} {ergonomic}
   size_t MinHeapDeltaBytes                        = 524288                                    {product} {ergonomic}
   size_t MinHeapSize                              = 104857600                                 {product} {command line}
   size_t NewSize                                  = 34603008                                  {product} {ergonomic}
    uintx NonNMethodCodeHeapSize                   = 5832780                                {pd product} {ergonomic}
    uintx NonProfiledCodeHeapSize                  = 122912730                              {pd product} {ergonomic}
   size_t OldSize                                  = 70254592                                  {product} {ergonomic}
    uintx ProfiledCodeHeapSize                     = 122912730                              {pd product} {ergonomic}
    uintx ReservedCodeCacheSize                    = 251658240                              {pd product} {ergonomic}
     bool SegmentedCodeCache                       = true                                      {product} {ergonomic}
   size_t SoftMaxHeapSize                          = 2147483648                             {manageable} {ergonomic}
     bool UseCompressedOops                        = true                           {product lp64_product} {ergonomic}
     bool UseLargePagesIndividualAllocation        = false                                  {pd product} {ergonomic}
     bool UseParallelGC                            = true                                      {product} {command line}

Logging:
Log output configuration:
 #0: stdout all=off uptime,level,tags foldmultilines=false
 #1: stderr all=off uptime,level,tags foldmultilines=false

Release file:
<release file has not been read>
Environment Variables:
JAVA_HOME=C:\Program Files\Amazon Corretto\jdk21.0.9_10
PATH=C:\Users\sreyn\AppData\Local\Programs\Microsoft VS Code;C:\Program Files\Amazon Corretto\jdk21.0.9_10\bin;C:\WINDOWS\system32;C:\WINDOWS;C:\WINDOWS\System32\Wbem;C:\WINDOWS\System32\WindowsPowerShell\v1.0\;C:\WINDOWS\System32\OpenSSH\;C:\Program Files\Git\cmd;C:\Users\sreyn\Downloads\php-8.4.5-nts-Win32-vs17-x64;C:\Program Files\nodejs\;C:\Program Files\PostgreSQL\18\bin;C:\Program Files\Docker\Docker\resources\bin;C:\Program Files\Apache\Maven\apache-maven-3.9.9\bin;C:\Users\sreyn\.local\bin;C:\Users\sreyn\AppData\Local\Microsoft\WindowsApps;C:\Users\sreyn\AppData\Local\Programs\Microsoft VS Code\bin;C:\Users\sreyn\AppData\Roaming\npm;C:\Users\sreyn\AppData\Local\ComposerSetup\bin;C:\Users\sreyn\AppData\Roaming\Composer\vendor\bin;C:\Program Files\JetBrains\DataGrip 2025.3.3\bin;C:\Program Files\JetBrains\IntelliJ IDEA 2025.3.2\bin
USERNAME=sreyn
OS=Windows_NT
PROCESSOR_IDENTIFIER=Intel64 Family 6 Model 140 Stepping 1, GenuineIntel
TMP=C:\Users\sreyn\AppData\Local\Temp
TEMP=C:\Users\sreyn\AppData\Local\Temp




Periodic native trim disabled

---------------  S Y S T E M  ---------------

OS:
 Windows 11 , 64 bit Build 26100 (10.0.26100.7309)
OS uptime: 0 days 0:43 hours
Hyper-V role detected

CPU: total 4 (initial active 4) (2 cores per cpu, 2 threads per core) family 6 model 140 stepping 1 microcode 0xa6, cx8, cmov, fxsr, ht, mmx, 3dnowpref, sse, sse2, sse3, ssse3, sse4.1, sse4.2, popcnt, lzcnt, tsc, tscinvbit, avx, avx2, aes, erms, clmul, bmi1, bmi2, adx, avx512f, avx512dq, avx512cd, avx512bw, avx512vl, sha, fma, vzeroupper, avx512_vpopcntdq, avx512_vpclmulqdq, avx512_vaes, avx512_vnni, clflush, clflushopt, clwb, avx512_vbmi2, avx512_vbmi, hv, rdtscp, rdpid, fsrm, gfni, avx512_bitalg, f16c, cet_ibt, cet_ss, avx512_ifma
Processor Information for the first 4 processors :
  Max Mhz: 2995, Current Mhz: 2995, Mhz Limit: 2995

Memory: 4k page, system-wide physical 11982M (2036M free)
TotalPageFile size 14645M (AvailPageFile size 4M)
current process WorkingSet (physical memory assigned to process): 36M, peak: 36M
current process commit charge ("private bytes"): 208M, peak: 208M

vm_info: OpenJDK 64-Bit Server VM (21.0.10+7-LTS) for windows-amd64 JRE (21.0.10+7-LTS), built on 2026-01-20T00:00:00Z by "admin" with MS VC++ 17.12 (VS2022)

END.
