#
# There is insufficient memory for the Java Runtime Environment to continue.
# Native memory allocation (malloc) failed to allocate 118336 bytes. Error detail: Chunk::new
# Possible reasons:
#   The system is out of physical RAM or swap space
#   This process is running with CompressedOops enabled, and the Java Heap may be blocking the growth of the native heap
# Possible solutions:
#   Reduce memory load on the system
#   Increase physical memory or swap space
#   Check if swap backing store is full
#   Decrease Java heap size (-Xmx/-Xms)
#   Decrease number of Java threads
#   Decrease Java thread stack sizes (-Xss)
#   Set larger code cache with -XX:ReservedCodeCacheSize=
#   JVM is running with Unscaled Compressed Oops mode in which the Java heap is
#     placed in the first 4GB address space. The Java Heap base address is the
#     maximum limit for the native heap growth. Please use -XX:HeapBaseMinAddress
#     to set the Java Heap base and to place the Java Heap above 4GB virtual address.
# This output file may be truncated or incomplete.
#
#  Out of Memory Error (arena.cpp:168), pid=3060, tid=13480
#
# JRE version: OpenJDK Runtime Environment Temurin-21.0.10+7 (21.0.10+7) (build 21.0.10+7-LTS)
# Java VM: OpenJDK 64-Bit Server VM Temurin-21.0.10+7 (21.0.10+7-LTS, mixed mode, sharing, tiered, compressed oops, compressed class ptrs, parallel gc, windows-amd64)
# No core dump will be written. Minidumps are not enabled by default on client versions of Windows
#

---------------  S U M M A R Y ------------

Command Line: --add-modules=ALL-SYSTEM --add-opens=java.base/java.util=ALL-UNNAMED --add-opens=java.base/java.lang=ALL-UNNAMED --add-opens=java.base/sun.nio.fs=ALL-UNNAMED -Declipse.application=org.eclipse.jdt.ls.core.id1 -Dosgi.bundles.defaultStartLevel=4 -Declipse.product=org.eclipse.jdt.ls.core.product -Djava.import.generatesMetadataFilesAtProjectRoot=false -DDetectVMInstallationsJob.disabled=true -Dfile.encoding=utf8 -XX:+UseParallelGC -XX:GCTimeRatio=4 -XX:AdaptiveSizePolicyWeight=90 -Dsun.zip.disableMemoryMapping=true -Xmx2G -Xms100m -Xlog:disable -javaagent:c:\Users\sreyn\.vscode\extensions\redhat.java-1.53.0-win32-x64\lombok\lombok-1.18.39-4050.jar c:\Users\sreyn\.vscode\extensions\redhat.java-1.53.0-win32-x64\server\plugins\org.eclipse.equinox.launcher_1.7.100.v20251111-0406.jar -configuration c:\Users\sreyn\AppData\Roaming\Code\User\globalStorage\redhat.java\1.53.0\config_ss_win -data c:\Users\sreyn\AppData\Roaming\Code\User\workspaceStorage\a483725c38a89179fd28c241c5e416ec\redhat.java\ss_ws --pipe=\\.\pipe\lsp-2a3cc15fb6bd6639e9d0319aa70d72d3-sock

Host: 11th Gen Intel(R) Core(TM) i3-1115G4 @ 3.00GHz, 4 cores, 11G,  Windows 11 , 64 bit Build 26100 (10.0.26100.7309)
Time: Tue Mar 31 21:14:28 2026 SE Asia Standard Time elapsed time: 2.264825 seconds (0d 0h 0m 2s)

---------------  T H R E A D  ---------------

Current thread (0x00000241fcbc1830):  JavaThread "C2 CompilerThread0" daemon [_thread_in_native, id=13480, stack(0x000000caf2f00000,0x000000caf3000000) (1024K)]


Current CompileTask:
C2:2264 2626       4       org.lombokweb.asm.ClassReader::readUtf (44 bytes)

Stack: [0x000000caf2f00000,0x000000caf3000000]
Native frames: (J=compiled Java code, j=interpreted, Vv=VM code, C=native code)
V  [jvm.dll+0x6d7a39]
V  [jvm.dll+0x8b4b26]
V  [jvm.dll+0x8b70de]
V  [jvm.dll+0x8b77c3]
V  [jvm.dll+0x284346]
V  [jvm.dll+0xc66ed]
V  [jvm.dll+0xc6c31]
V  [jvm.dll+0x2fb29e]
V  [jvm.dll+0x5fe884]
V  [jvm.dll+0x255b17]
V  [jvm.dll+0x255edd]
V  [jvm.dll+0x24e500]
V  [jvm.dll+0x24ba42]
V  [jvm.dll+0x1cb34e]
V  [jvm.dll+0x25b85d]
V  [jvm.dll+0x259dea]
V  [jvm.dll+0x3f857e]
V  [jvm.dll+0x85f59d]
V  [jvm.dll+0x6d626d]
C  [ucrtbase.dll+0x37b0]
C  [KERNEL32.DLL+0x2e8d7]
C  [ntdll.dll+0x8c53c]


---------------  P R O C E S S  ---------------

Threads class SMR info:
_java_thread_list=0x00000241fe8e8e40, length=20, elements={
0x00000241f35c9c50, 0x00000241fcbb1aa0, 0x00000241fcbb4e30, 0x00000241fcbb89a0,
0x00000241fcbbb510, 0x00000241fcbbbf70, 0x00000241fcbbe9e0, 0x00000241fcbc1830,
0x00000241fcbfc6f0, 0x00000241fdaa1fd0, 0x00000241fdaf1ae0, 0x00000241fdc09c50,
0x00000241fe37bf60, 0x00000241fe35ea20, 0x00000241fe35f090, 0x00000241fe440d40,
0x00000241fe6dd220, 0x00000241feabdd10, 0x00000241feabf190, 0x00000241fe92be00
}

Java Threads: ( => current thread )
  0x00000241f35c9c50 JavaThread "main"                              [_thread_blocked, id=8688, stack(0x000000caf2500000,0x000000caf2600000) (1024K)]
  0x00000241fcbb1aa0 JavaThread "Reference Handler"          daemon [_thread_blocked, id=13872, stack(0x000000caf2900000,0x000000caf2a00000) (1024K)]
  0x00000241fcbb4e30 JavaThread "Finalizer"                  daemon [_thread_blocked, id=10036, stack(0x000000caf2a00000,0x000000caf2b00000) (1024K)]
  0x00000241fcbb89a0 JavaThread "Signal Dispatcher"          daemon [_thread_blocked, id=13184, stack(0x000000caf2b00000,0x000000caf2c00000) (1024K)]
  0x00000241fcbbb510 JavaThread "Attach Listener"            daemon [_thread_blocked, id=17636, stack(0x000000caf2c00000,0x000000caf2d00000) (1024K)]
  0x00000241fcbbbf70 JavaThread "Service Thread"             daemon [_thread_blocked, id=4556, stack(0x000000caf2d00000,0x000000caf2e00000) (1024K)]
  0x00000241fcbbe9e0 JavaThread "Monitor Deflation Thread"   daemon [_thread_blocked, id=9412, stack(0x000000caf2e00000,0x000000caf2f00000) (1024K)]
=>0x00000241fcbc1830 JavaThread "C2 CompilerThread0"         daemon [_thread_in_native, id=13480, stack(0x000000caf2f00000,0x000000caf3000000) (1024K)]
  0x00000241fcbfc6f0 JavaThread "C1 CompilerThread0"         daemon [_thread_blocked, id=18224, stack(0x000000caf3000000,0x000000caf3100000) (1024K)]
  0x00000241fdaa1fd0 JavaThread "Common-Cleaner"             daemon [_thread_blocked, id=2032, stack(0x000000caf3100000,0x000000caf3200000) (1024K)]
  0x00000241fdaf1ae0 JavaThread "C2 CompilerThread1"         daemon [_thread_in_native, id=18216, stack(0x000000caf3200000,0x000000caf3300000) (1024K)]
  0x00000241fdc09c50 JavaThread "Notification Thread"        daemon [_thread_blocked, id=9660, stack(0x000000caf3300000,0x000000caf3400000) (1024K)]
  0x00000241fe37bf60 JavaThread "Active Thread: Equinox Container: d6cd642b-000b-45de-a029-8389ac0730d1"        [_thread_blocked, id=15760, stack(0x000000caf3700000,0x000000caf3800000) (1024K)]
  0x00000241fe35ea20 JavaThread "Framework Event Dispatcher: Equinox Container: d6cd642b-000b-45de-a029-8389ac0730d1" daemon [_thread_blocked, id=4132, stack(0x000000caf3800000,0x000000caf3900000) (1024K)]
  0x00000241fe35f090 JavaThread "Start Level: Equinox Container: d6cd642b-000b-45de-a029-8389ac0730d1" daemon [_thread_in_vm, id=96, stack(0x000000caf3900000,0x000000caf3a00000) (1024K)]
  0x00000241fe440d40 JavaThread "SCR Component Actor"        daemon [_thread_blocked, id=8856, stack(0x000000caf3a00000,0x000000caf3b00000) (1024K)]
  0x00000241fe6dd220 JavaThread "Worker-JM"                         [_thread_blocked, id=15816, stack(0x000000caf3b00000,0x000000caf3c00000) (1024K)]
  0x00000241feabdd10 JavaThread "JNA Cleaner"                daemon [_thread_blocked, id=16624, stack(0x000000caf3c00000,0x000000caf3d00000) (1024K)]
  0x00000241feabf190 JavaThread "Worker-0"                          [_thread_blocked, id=2040, stack(0x000000caf3d00000,0x000000caf3e00000) (1024K)]
  0x00000241fe92be00 JavaThread "Worker-1"                          [_thread_blocked, id=11192, stack(0x000000caf3e00000,0x000000caf3f00000) (1024K)]
Total: 20

Other Threads:
  0x00000241f368cf10 VMThread "VM Thread"                           [id=15348, stack(0x000000caf2800000,0x000000caf2900000) (1024K)]
  0x00000241fcb5c950 WatcherThread "VM Periodic Task Thread"        [id=17684, stack(0x000000caf2700000,0x000000caf2800000) (1024K)]
  0x00000241f35e9c90 WorkerThread "GC Thread#0"                     [id=13476, stack(0x000000caf2600000,0x000000caf2700000) (1024K)]
  0x00000241fe133ff0 WorkerThread "GC Thread#1"                     [id=11572, stack(0x000000caf3400000,0x000000caf3500000) (1024K)]
  0x00000241fe20ccd0 WorkerThread "GC Thread#2"                     [id=11296, stack(0x000000caf3500000,0x000000caf3600000) (1024K)]
  0x00000241fe20d080 WorkerThread "GC Thread#3"                     [id=15468, stack(0x000000caf3600000,0x000000caf3700000) (1024K)]
Total: 6

Threads with active compile tasks:
C2 CompilerThread0  2282 2626       4       org.lombokweb.asm.ClassReader::readUtf (44 bytes)
C2 CompilerThread1  2282 2605       4       java.lang.invoke.MethodType::makeImpl (109 bytes)
Total: 2

VM state: not at safepoint (normal execution)

VM Mutex/Monitor currently owned by a thread: None

Heap address: 0x0000000080000000, size: 2048 MB, Compressed Oops mode: 32-bit

CDS archive(s) mapped at: [0x000002418f000000-0x000002418fba0000-0x000002418fba0000), size 12189696, SharedBaseAddress: 0x000002418f000000, ArchiveRelocationMode: 1.
Compressed class space mapped at: 0x0000024190000000-0x00000241d0000000, reserved size: 1073741824
Narrow klass base: 0x000002418f000000, Narrow klass shift: 0, Narrow klass range: 0x100000000

GC Precious Log:
 CardTable entry size: 512
 CPUs: 4 total, 4 available
 Memory: 11982M
 Large Page Support: Disabled
 NUMA Support: Disabled
 Compressed Oops: Enabled (32-bit)
 Alignments: Space 512K, Generation 512K, Heap 2M
 Heap Min Capacity: 100M
 Heap Initial Capacity: 100M
 Heap Max Capacity: 2G
 Pre-touch: Disabled
 Parallel Workers: 4

Heap:
 PSYoungGen      total 29696K, used 28174K [0x00000000d5580000, 0x00000000d7680000, 0x0000000100000000)
  eden space 25600K, 94% used [0x00000000d5580000,0x00000000d6d07998,0x00000000d6e80000)
  from space 4096K, 99% used [0x00000000d6e80000,0x00000000d727c190,0x00000000d7280000)
  to   space 4096K, 0% used [0x00000000d7280000,0x00000000d7280000,0x00000000d7680000)
 ParOldGen       total 68608K, used 2856K [0x0000000080000000, 0x0000000084300000, 0x00000000d5580000)
  object space 68608K, 4% used [0x0000000080000000,0x00000000802ca3b8,0x0000000084300000)
 Metaspace       used 16692K, committed 17344K, reserved 1114112K
  class space    used 1754K, committed 2048K, reserved 1048576K

Card table byte_map: [0x00000241f7fc0000,0x00000241f83d0000] _byte_map_base: 0x00000241f7bc0000

Marking Bits: (ParMarkBitMap*) 0x00007ffc94e33450
 Begin Bits: [0x00000241f8680000, 0x00000241fa680000)
 End Bits:   [0x00000241fa680000, 0x00000241fc680000)

Polling page: 0x00000241f3010000

Metaspace:

Usage:
  Non-class:     14.59 MB used.
      Class:      1.71 MB used.
       Both:     16.30 MB used.

Virtual space:
  Non-class space:       64.00 MB reserved,      14.94 MB ( 23%) committed,  1 nodes.
      Class space:        1.00 GB reserved,       2.00 MB ( <1%) committed,  1 nodes.
             Both:        1.06 GB reserved,      16.94 MB (  2%) committed. 

Chunk freelists:
   Non-Class:  672.00 KB
       Class:  13.94 MB
        Both:  14.60 MB

MaxMetaspaceSize: unlimited
CompressedClassSpaceSize: 1.00 GB
Initial GC threshold: 21.00 MB
Current GC threshold: 21.00 MB
CDS: on
 - commit_granule_bytes: 65536.
 - commit_granule_words: 8192.
 - virtual_space_node_default_size: 8388608.
 - enlarge_chunks_in_place: 1.
 - use_allocation_guard: 0.


Internal statistics:

num_allocs_failed_limit: 0.
num_arena_births: 500.
num_arena_deaths: 0.
num_vsnodes_births: 2.
num_vsnodes_deaths: 0.
num_space_committed: 271.
num_space_uncommitted: 0.
num_chunks_returned_to_freelist: 0.
num_chunks_taken_from_freelist: 1124.
num_chunk_merges: 0.
num_chunk_splits: 700.
num_chunks_enlarged: 436.
num_inconsistent_stats: 0.

CodeHeap 'non-profiled nmethods': size=120000Kb used=1111Kb max_used=1111Kb free=118888Kb
 bounds [0x0000024187ad0000, 0x0000024187d40000, 0x000002418f000000]
CodeHeap 'profiled nmethods': size=120000Kb used=5001Kb max_used=5001Kb free=114998Kb
 bounds [0x0000024180000000, 0x00000241804f0000, 0x0000024187530000]
CodeHeap 'non-nmethods': size=5760Kb used=1284Kb max_used=1300Kb free=4475Kb
 bounds [0x0000024187530000, 0x00000241877a0000, 0x0000024187ad0000]
CodeCache: size=245760Kb, used=7396Kb, max_used=7412Kb, free=238361Kb
 total_blobs=3183, nmethods=2633, adapters=456, full_count=0
Compilation: enabled, stopped_count=0, restarted_count=0

Compilation events (20 events):
Event: 2.246 Thread 0x00000241fcbfc6f0 nmethod 2620 0x00000241804d4010 code [0x00000241804d41e0, 0x00000241804d4420]
Event: 2.246 Thread 0x00000241fcbfc6f0 2621       3       jdk.internal.math.FloatingDecimal::parseDouble (10 bytes)
Event: 2.246 Thread 0x00000241fcbfc6f0 nmethod 2621 0x00000241804d4510 code [0x00000241804d46c0, 0x00000241804d48a8]
Event: 2.246 Thread 0x00000241fcbfc6f0 2622       3       org.eclipse.jdt.core.JavaCore$$Lambda/0x0000024190207200::applyAsDouble (8 bytes)
Event: 2.247 Thread 0x00000241fcbfc6f0 nmethod 2622 0x00000241804d4990 code [0x00000241804d4b40, 0x00000241804d4d70]
Event: 2.247 Thread 0x00000241fcbfc6f0 2623       3       java.lang.invoke.MethodHandles$Lookup::getDirectConstructorCommon (69 bytes)
Event: 2.247 Thread 0x00000241fcbfc6f0 nmethod 2623 0x00000241804d4e10 code [0x00000241804d5020, 0x00000241804d5540]
Event: 2.247 Thread 0x00000241fcbfc6f0 2624       3       java.lang.invoke.MemberName::asConstructor (58 bytes)
Event: 2.248 Thread 0x00000241fcbfc6f0 nmethod 2624 0x00000241804d5790 code [0x00000241804d59c0, 0x00000241804d5fc8]
Event: 2.255 Thread 0x00000241fcbc1830 2625       4       java.util.HashSet::contains (9 bytes)
Event: 2.259 Thread 0x00000241fcbfc6f0 2627       3       org.lombokweb.asm.SymbolTable$Entry::<init> (18 bytes)
Event: 2.259 Thread 0x00000241fcbfc6f0 nmethod 2627 0x00000241804d6210 code [0x00000241804d63c0, 0x00000241804d6538]
Event: 2.259 Thread 0x00000241fcbc1830 nmethod 2625 0x0000024187be5590 code [0x0000024187be5760, 0x0000024187be5ac8]
Event: 2.259 Thread 0x00000241fcbc1830 2626       4       org.lombokweb.asm.ClassReader::readUtf (44 bytes)
Event: 2.259 Thread 0x00000241fcbfc6f0 2628       3       java.util.regex.Pattern$$Lambda/0x800000031::is (9 bytes)
Event: 2.260 Thread 0x00000241fcbfc6f0 nmethod 2628 0x00000241804d6610 code [0x00000241804d67c0, 0x00000241804d6a40]
Event: 2.260 Thread 0x00000241fcbfc6f0 2629       3       java.util.regex.Pattern::lambda$negate$7 (16 bytes)
Event: 2.260 Thread 0x00000241fcbfc6f0 nmethod 2629 0x00000241804d6b10 code [0x00000241804d6cc0, 0x00000241804d6ec8]
Event: 2.260 Thread 0x00000241fcbfc6f0 2630       3       org.lombokweb.asm.ByteVector::putByteArray (49 bytes)
Event: 2.261 Thread 0x00000241fcbfc6f0 nmethod 2630 0x00000241804d6f90 code [0x00000241804d7160, 0x00000241804d7428]

GC Heap History (6 events):
Event: 0.823 GC heap before
{Heap before GC invocations=1 (full 0):
 PSYoungGen      total 29696K, used 25600K [0x00000000d5580000, 0x00000000d7680000, 0x0000000100000000)
  eden space 25600K, 100% used [0x00000000d5580000,0x00000000d6e80000,0x00000000d6e80000)
  from space 4096K, 0% used [0x00000000d7280000,0x00000000d7280000,0x00000000d7680000)
  to   space 4096K, 0% used [0x00000000d6e80000,0x00000000d6e80000,0x00000000d7280000)
 ParOldGen       total 68608K, used 0K [0x0000000080000000, 0x0000000084300000, 0x00000000d5580000)
  object space 68608K, 0% used [0x0000000080000000,0x0000000080000000,0x0000000084300000)
 Metaspace       used 4370K, committed 4608K, reserved 1114112K
  class space    used 475K, committed 576K, reserved 1048576K
}
Event: 0.832 GC heap after
{Heap after GC invocations=1 (full 0):
 PSYoungGen      total 29696K, used 3287K [0x00000000d5580000, 0x00000000d7680000, 0x0000000100000000)
  eden space 25600K, 0% used [0x00000000d5580000,0x00000000d5580000,0x00000000d6e80000)
  from space 4096K, 80% used [0x00000000d6e80000,0x00000000d71b5e88,0x00000000d7280000)
  to   space 4096K, 0% used [0x00000000d7280000,0x00000000d7280000,0x00000000d7680000)
 ParOldGen       total 68608K, used 16K [0x0000000080000000, 0x0000000084300000, 0x00000000d5580000)
  object space 68608K, 0% used [0x0000000080000000,0x0000000080004000,0x0000000084300000)
 Metaspace       used 4370K, committed 4608K, reserved 1114112K
  class space    used 475K, committed 576K, reserved 1048576K
}
Event: 1.390 GC heap before
{Heap before GC invocations=2 (full 0):
 PSYoungGen      total 29696K, used 28887K [0x00000000d5580000, 0x00000000d7680000, 0x0000000100000000)
  eden space 25600K, 100% used [0x00000000d5580000,0x00000000d6e80000,0x00000000d6e80000)
  from space 4096K, 80% used [0x00000000d6e80000,0x00000000d71b5e88,0x00000000d7280000)
  to   space 4096K, 0% used [0x00000000d7280000,0x00000000d7280000,0x00000000d7680000)
 ParOldGen       total 68608K, used 16K [0x0000000080000000, 0x0000000084300000, 0x00000000d5580000)
  object space 68608K, 0% used [0x0000000080000000,0x0000000080004000,0x0000000084300000)
 Metaspace       used 8156K, committed 8448K, reserved 1114112K
  class space    used 864K, committed 960K, reserved 1048576K
}
Event: 1.396 GC heap after
{Heap after GC invocations=2 (full 0):
 PSYoungGen      total 29696K, used 4075K [0x00000000d5580000, 0x00000000d7680000, 0x0000000100000000)
  eden space 25600K, 0% used [0x00000000d5580000,0x00000000d5580000,0x00000000d6e80000)
  from space 4096K, 99% used [0x00000000d7280000,0x00000000d767aff8,0x00000000d7680000)
  to   space 4096K, 0% used [0x00000000d6e80000,0x00000000d6e80000,0x00000000d7280000)
 ParOldGen       total 68608K, used 1135K [0x0000000080000000, 0x0000000084300000, 0x00000000d5580000)
  object space 68608K, 1% used [0x0000000080000000,0x000000008011be28,0x0000000084300000)
 Metaspace       used 8156K, committed 8448K, reserved 1114112K
  class space    used 864K, committed 960K, reserved 1048576K
}
Event: 1.831 GC heap before
{Heap before GC invocations=3 (full 0):
 PSYoungGen      total 29696K, used 29675K [0x00000000d5580000, 0x00000000d7680000, 0x0000000100000000)
  eden space 25600K, 100% used [0x00000000d5580000,0x00000000d6e80000,0x00000000d6e80000)
  from space 4096K, 99% used [0x00000000d7280000,0x00000000d767aff8,0x00000000d7680000)
  to   space 4096K, 0% used [0x00000000d6e80000,0x00000000d6e80000,0x00000000d7280000)
 ParOldGen       total 68608K, used 1135K [0x0000000080000000, 0x0000000084300000, 0x00000000d5580000)
  object space 68608K, 1% used [0x0000000080000000,0x000000008011be28,0x0000000084300000)
 Metaspace       used 12980K, committed 13504K, reserved 1114112K
  class space    used 1376K, committed 1600K, reserved 1048576K
}
Event: 1.835 GC heap after
{Heap after GC invocations=3 (full 0):
 PSYoungGen      total 29696K, used 4080K [0x00000000d5580000, 0x00000000d7680000, 0x0000000100000000)
  eden space 25600K, 0% used [0x00000000d5580000,0x00000000d5580000,0x00000000d6e80000)
  from space 4096K, 99% used [0x00000000d6e80000,0x00000000d727c190,0x00000000d7280000)
  to   space 4096K, 0% used [0x00000000d7280000,0x00000000d7280000,0x00000000d7680000)
 ParOldGen       total 68608K, used 2856K [0x0000000080000000, 0x0000000084300000, 0x00000000d5580000)
  object space 68608K, 4% used [0x0000000080000000,0x00000000802ca3b8,0x0000000084300000)
 Metaspace       used 12980K, committed 13504K, reserved 1114112K
  class space    used 1376K, committed 1600K, reserved 1048576K
}

Dll operation events (10 events):
Event: 0.012 Loaded shared library c:\Users\sreyn\.vscode\extensions\redhat.java-1.53.0-win32-x64\jre\21.0.10-win32-x86_64\bin\java.dll
Event: 0.042 Loaded shared library c:\Users\sreyn\.vscode\extensions\redhat.java-1.53.0-win32-x64\jre\21.0.10-win32-x86_64\bin\zip.dll
Event: 0.097 Loaded shared library C:\Users\sreyn\.vscode\extensions\redhat.java-1.53.0-win32-x64\jre\21.0.10-win32-x86_64\bin\instrument.dll
Event: 0.102 Loaded shared library C:\Users\sreyn\.vscode\extensions\redhat.java-1.53.0-win32-x64\jre\21.0.10-win32-x86_64\bin\net.dll
Event: 0.105 Loaded shared library C:\Users\sreyn\.vscode\extensions\redhat.java-1.53.0-win32-x64\jre\21.0.10-win32-x86_64\bin\nio.dll
Event: 0.108 Loaded shared library C:\Users\sreyn\.vscode\extensions\redhat.java-1.53.0-win32-x64\jre\21.0.10-win32-x86_64\bin\zip.dll
Event: 0.128 Loaded shared library C:\Users\sreyn\.vscode\extensions\redhat.java-1.53.0-win32-x64\jre\21.0.10-win32-x86_64\bin\jimage.dll
Event: 0.208 Loaded shared library c:\Users\sreyn\.vscode\extensions\redhat.java-1.53.0-win32-x64\jre\21.0.10-win32-x86_64\bin\verify.dll
Event: 1.377 Loaded shared library C:\Users\sreyn\AppData\Roaming\Code\User\globalStorage\redhat.java\1.53.0\config_ss_win\org.eclipse.equinox.launcher\org.eclipse.equinox.launcher.win32.win32.x86_64_1.3.0.v20260203-2149\eclipse_11919.dll
Event: 2.098 Loaded shared library C:\Users\sreyn\AppData\Local\Temp\jna-109702011\jna15972744986807813249.dll

Deoptimization events (20 events):
Event: 2.244 Thread 0x00000241fe35f090 Uncommon trap: trap_request=0xffffff45 fr.pc=0x0000024187bceb54 relative=0x0000000000000b94
Event: 2.244 Thread 0x00000241fe35f090 Uncommon trap: reason=unstable_if action=reinterpret pc=0x0000024187bceb54 method=jdk.internal.org.objectweb.asm.Frame.execute(IILjdk/internal/org/objectweb/asm/Symbol;Ljdk/internal/org/objectweb/asm/SymbolTable;)V @ 1 c2
Event: 2.244 Thread 0x00000241fe35f090 DEOPT PACKING pc=0x0000024187bceb54 sp=0x000000caf39f7d60
Event: 2.244 Thread 0x00000241fe35f090 DEOPT UNPACKING pc=0x0000024187586da2 sp=0x000000caf39f7ce8 mode 2
Event: 2.259 Thread 0x00000241fe35f090 Uncommon trap: trap_request=0xffffffde fr.pc=0x0000024187bc1cbc relative=0x00000000000001fc
Event: 2.259 Thread 0x00000241fe35f090 Uncommon trap: reason=class_check action=maybe_recompile pc=0x0000024187bc1cbc method=java.util.regex.Pattern$BmpCharPropertyGreedy.match(Ljava/util/regex/Matcher;ILjava/lang/CharSequence;)Z @ 70 c2
Event: 2.259 Thread 0x00000241fe35f090 DEOPT PACKING pc=0x0000024187bc1cbc sp=0x000000caf39ef4d0
Event: 2.259 Thread 0x00000241fe35f090 DEOPT UNPACKING pc=0x0000024187586da2 sp=0x000000caf39ef478 mode 2
Event: 2.259 Thread 0x00000241fe35f090 Uncommon trap: trap_request=0xffffffde fr.pc=0x0000024187bc1cbc relative=0x00000000000001fc
Event: 2.259 Thread 0x00000241fe35f090 Uncommon trap: reason=class_check action=maybe_recompile pc=0x0000024187bc1cbc method=java.util.regex.Pattern$BmpCharPropertyGreedy.match(Ljava/util/regex/Matcher;ILjava/lang/CharSequence;)Z @ 70 c2
Event: 2.259 Thread 0x00000241fe35f090 DEOPT PACKING pc=0x0000024187bc1cbc sp=0x000000caf39ef320
Event: 2.259 Thread 0x00000241fe35f090 DEOPT UNPACKING pc=0x0000024187586da2 sp=0x000000caf39ef2c8 mode 2
Event: 2.259 Thread 0x00000241fe35f090 Uncommon trap: trap_request=0xffffffde fr.pc=0x0000024187bc1cbc relative=0x00000000000001fc
Event: 2.259 Thread 0x00000241fe35f090 Uncommon trap: reason=class_check action=maybe_recompile pc=0x0000024187bc1cbc method=java.util.regex.Pattern$BmpCharPropertyGreedy.match(Ljava/util/regex/Matcher;ILjava/lang/CharSequence;)Z @ 70 c2
Event: 2.259 Thread 0x00000241fe35f090 DEOPT PACKING pc=0x0000024187bc1cbc sp=0x000000caf39ef4e0
Event: 2.260 Thread 0x00000241fe35f090 DEOPT UNPACKING pc=0x0000024187586da2 sp=0x000000caf39ef488 mode 2
Event: 2.260 Thread 0x00000241fe35f090 Uncommon trap: trap_request=0xffffffde fr.pc=0x0000024187bc1cbc relative=0x00000000000001fc
Event: 2.260 Thread 0x00000241fe35f090 Uncommon trap: reason=class_check action=maybe_recompile pc=0x0000024187bc1cbc method=java.util.regex.Pattern$BmpCharPropertyGreedy.match(Ljava/util/regex/Matcher;ILjava/lang/CharSequence;)Z @ 70 c2
Event: 2.260 Thread 0x00000241fe35f090 DEOPT PACKING pc=0x0000024187bc1cbc sp=0x000000caf39ef330
Event: 2.260 Thread 0x00000241fe35f090 DEOPT UNPACKING pc=0x0000024187586da2 sp=0x000000caf39ef2d8 mode 2

Classes loaded (20 events):
Event: 2.129 Loading class jdk/internal/reflect/MethodHandleShortFieldAccessorImpl
Event: 2.130 Loading class jdk/internal/reflect/MethodHandleShortFieldAccessorImpl done
Event: 2.130 Loading class java/lang/Short$ShortCache
Event: 2.130 Loading class java/lang/Short$ShortCache done
Event: 2.165 Loading class java/util/function/LongUnaryOperator
Event: 2.165 Loading class java/util/function/LongUnaryOperator done
Event: 2.166 Loading class java/lang/ThreadDeath
Event: 2.166 Loading class java/lang/ThreadDeath done
Event: 2.176 Loading class java/util/stream/SortedOps$SizedRefSortingSink
Event: 2.176 Loading class java/util/stream/SortedOps$SizedRefSortingSink done
Event: 2.199 Loading class java/util/concurrent/atomic/Striped64$1
Event: 2.199 Loading class java/util/concurrent/atomic/Striped64$1 done
Event: 2.247 Loading class java/util/Collections$UnmodifiableSortedSet
Event: 2.247 Loading class java/util/Collections$UnmodifiableSortedSet done
Event: 2.252 Loading class java/util/zip/GZIPOutputStream
Event: 2.253 Loading class java/util/zip/GZIPOutputStream done
Event: 2.254 Loading class java/util/zip/GZIPInputStream
Event: 2.254 Loading class java/util/zip/GZIPInputStream done
Event: 2.262 Loading class java/io/StringReader
Event: 2.262 Loading class java/io/StringReader done

Classes unloaded (0 events):
No events

Classes redefined (0 events):
No events

Internal exceptions (20 events):
Event: 2.116 Thread 0x00000241fe35f090 Exception <a 'java/lang/NoSuchMethodError'{0x00000000d63f3a78}: 'void java.lang.invoke.DirectMethodHandle$Holder.invokeSpecial(java.lang.Object, java.lang.Object, java.lang.Object, int)'> (0x00000000d63f3a78) 
thrown [s\src\hotspot\share\interpreter\linkResolver.cpp, line 773]
Event: 2.116 Thread 0x00000241fe35f090 Exception <a 'java/lang/NoSuchMethodError'{0x00000000d63f7408}: 'void java.lang.invoke.DelegatingMethodHandle$Holder.reinvoke_L(java.lang.Object, java.lang.Object, int)'> (0x00000000d63f7408) 
thrown [s\src\hotspot\share\interpreter\linkResolver.cpp, line 773]
Event: 2.117 Thread 0x00000241fe35f090 Exception <a 'java/lang/NoSuchMethodError'{0x00000000d63fe0f0}: 'int java.lang.invoke.Invokers$Holder.invokeExact_MT(java.lang.Object, java.lang.Object, java.lang.Object)'> (0x00000000d63fe0f0) 
thrown [s\src\hotspot\share\interpreter\linkResolver.cpp, line 773]
Event: 2.141 Thread 0x00000241fe35f090 Exception <a 'java/lang/NoSuchMethodError'{0x00000000d6509cf8}: 'void java.lang.invoke.Invokers$Holder.invokeExact_MT(java.lang.Object, java.lang.Object, int, java.lang.Object)'> (0x00000000d6509cf8) 
thrown [s\src\hotspot\share\interpreter\linkResolver.cpp, line 773]
Event: 2.162 Thread 0x00000241fe35f090 Exception <a 'java/lang/NoSuchMethodError'{0x00000000d660d8b0}: 'java.lang.Object java.lang.invoke.DirectMethodHandle$Holder.invokeSpecial(java.lang.Object, java.lang.Object, java.lang.Object, long, java.lang.Object)'> (0x00000000d660d8b0) 
thrown [s\src\hotspot\share\interpreter\linkResolver.cpp, line 773]
Event: 2.164 Thread 0x00000241fe35f090 Exception <a 'java/lang/NoSuchMethodError'{0x00000000d66150f8}: 'java.lang.Object java.lang.invoke.DirectMethodHandle$Holder.newInvokeSpecial(java.lang.Object, java.lang.Object, java.lang.Object, long)'> (0x00000000d66150f8) 
thrown [s\src\hotspot\share\interpreter\linkResolver.cpp, line 773]
Event: 2.165 Thread 0x00000241fe35f090 Exception <a 'java/lang/NoSuchMethodError'{0x00000000d66194a8}: 'java.lang.Object java.lang.invoke.DirectMethodHandle$Holder.invokeSpecial(java.lang.Object, java.lang.Object, java.lang.Object, java.lang.Object, long)'> (0x00000000d66194a8) 
thrown [s\src\hotspot\share\interpreter\linkResolver.cpp, line 773]
Event: 2.165 Thread 0x00000241fe35f090 Exception <a 'java/lang/NoSuchMethodError'{0x00000000d661d310}: 'java.lang.Object java.lang.invoke.Invokers$Holder.linkToTargetMethod(java.lang.Object, java.lang.Object, long, java.lang.Object)'> (0x00000000d661d310) 
thrown [s\src\hotspot\share\interpreter\linkResolver.cpp, line 773]
Event: 2.172 Thread 0x00000241fe35f090 Exception <a 'java/lang/NoSuchMethodError'{0x00000000d66756b8}: 'int java.lang.invoke.DirectMethodHandle$Holder.invokeStaticInit(java.lang.Object, java.lang.Object, java.lang.Object)'> (0x00000000d66756b8) 
thrown [s\src\hotspot\share\interpreter\linkResolver.cpp, line 773]
Event: 2.182 Thread 0x00000241fe35f090 Exception <a 'java/lang/IncompatibleClassChangeError'{0x00000000d671e100}: Found class java.lang.Object, but interface was expected> (0x00000000d671e100) 
thrown [s\src\hotspot\share\interpreter\linkResolver.cpp, line 840]
Event: 2.187 Thread 0x00000241fe35f090 Exception <a 'java/lang/NoSuchMethodError'{0x00000000d67311d8}: 'java.lang.Object java.lang.invoke.DirectMethodHandle$Holder.invokeSpecial(java.lang.Object, java.lang.Object, java.lang.Object, int, java.lang.Object, java.lang.Object)'> (0x00000000d67311d8) 
thrown [s\src\hotspot\share\interpreter\linkResolver.cpp, line 773]
Event: 2.187 Thread 0x00000241fe35f090 Exception <a 'java/lang/NoSuchMethodError'{0x00000000d6738cb0}: 'java.lang.Object java.lang.invoke.DirectMethodHandle$Holder.newInvokeSpecial(java.lang.Object, java.lang.Object, java.lang.Object, int, java.lang.Object)'> (0x00000000d6738cb0) 
thrown [s\src\hotspot\share\interpreter\linkResolver.cpp, line 773]
Event: 2.187 Thread 0x00000241fe35f090 Exception <a 'java/lang/NoSuchMethodError'{0x00000000d673cc30}: 'java.lang.Object java.lang.invoke.DirectMethodHandle$Holder.invokeSpecial(java.lang.Object, java.lang.Object, java.lang.Object, java.lang.Object, int, java.lang.Object)'> (0x00000000d673cc30) 
thrown [s\src\hotspot\share\interpreter\linkResolver.cpp, line 773]
Event: 2.188 Thread 0x00000241fe35f090 Exception <a 'java/lang/NoSuchMethodError'{0x00000000d6740770}: 'java.lang.Object java.lang.invoke.Invokers$Holder.linkToTargetMethod(java.lang.Object, java.lang.Object, int, java.lang.Object, java.lang.Object)'> (0x00000000d6740770) 
thrown [s\src\hotspot\share\interpreter\linkResolver.cpp, line 773]
Event: 2.188 Thread 0x00000241feabf190 Exception <a 'java/lang/NoSuchMethodError'{0x00000000d6692ba8}: 'java.lang.Object java.lang.invoke.DirectMethodHandle$Holder.invokeSpecial(java.lang.Object, java.lang.Object, int, java.lang.Object, java.lang.Object)'> (0x00000000d6692ba8) 
thrown [s\src\hotspot\share\interpreter\linkResolver.cpp, line 773]
Event: 2.188 Thread 0x00000241feabf190 Exception <a 'java/lang/NoSuchMethodError'{0x00000000d66998e0}: 'java.lang.Object java.lang.invoke.DirectMethodHandle$Holder.newInvokeSpecial(java.lang.Object, java.lang.Object, int, java.lang.Object)'> (0x00000000d66998e0) 
thrown [s\src\hotspot\share\interpreter\linkResolver.cpp, line 773]
Event: 2.189 Thread 0x00000241feabf190 Exception <a 'java/lang/NoSuchMethodError'{0x00000000d669d1c0}: 'java.lang.Object java.lang.invoke.DirectMethodHandle$Holder.invokeSpecial(java.lang.Object, java.lang.Object, java.lang.Object, int, java.lang.Object)'> (0x00000000d669d1c0) 
thrown [s\src\hotspot\share\interpreter\linkResolver.cpp, line 773]
Event: 2.203 Thread 0x00000241fe35f090 Exception <a 'java/lang/NoSuchMethodError'{0x00000000d685f540}: 'void java.lang.invoke.DirectMethodHandle$Holder.invokeSpecial(java.lang.Object, java.lang.Object, java.lang.Object, java.lang.Object, java.lang.Object)'> (0x00000000d685f540) 
thrown [s\src\hotspot\share\interpreter\linkResolver.cpp, line 773]
Event: 2.244 Thread 0x00000241fe35f090 Exception <a 'java/lang/NoSuchMethodError'{0x00000000d6a8a368}: 'double java.lang.invoke.DirectMethodHandle$Holder.invokeStatic(java.lang.Object, java.lang.Object)'> (0x00000000d6a8a368) 
thrown [s\src\hotspot\share\interpreter\linkResolver.cpp, line 773]
Event: 2.244 Thread 0x00000241fe35f090 Exception <a 'java/lang/NoSuchMethodError'{0x00000000d6a8da28}: 'double java.lang.invoke.DirectMethodHandle$Holder.invokeStaticInit(java.lang.Object, java.lang.Object)'> (0x00000000d6a8da28) 
thrown [s\src\hotspot\share\interpreter\linkResolver.cpp, line 773]

ZGC Phase Switch (0 events):
No events

VM Operations (20 events):
Event: 1.231 Executing non-safepoint VM operation: HandshakeAllThreads (Deoptimize)
Event: 1.231 Executing non-safepoint VM operation: HandshakeAllThreads (Deoptimize) done
Event: 1.373 Executing safepoint VM operation: ICBufferFull
Event: 1.373 Executing safepoint VM operation: ICBufferFull done
Event: 1.390 Executing safepoint VM operation: ParallelGCFailedAllocation (Allocation Failure)
Event: 1.396 Executing safepoint VM operation: ParallelGCFailedAllocation (Allocation Failure) done
Event: 1.508 Executing non-safepoint VM operation: HandshakeAllThreads (Deoptimize)
Event: 1.508 Executing non-safepoint VM operation: HandshakeAllThreads (Deoptimize) done
Event: 1.709 Executing non-safepoint VM operation: HandshakeAllThreads (Deoptimize)
Event: 1.709 Executing non-safepoint VM operation: HandshakeAllThreads (Deoptimize) done
Event: 1.831 Executing safepoint VM operation: ParallelGCFailedAllocation (Allocation Failure)
Event: 1.835 Executing safepoint VM operation: ParallelGCFailedAllocation (Allocation Failure) done
Event: 1.883 Executing non-safepoint VM operation: HandshakeAllThreads (Deoptimize)
Event: 1.883 Executing non-safepoint VM operation: HandshakeAllThreads (Deoptimize) done
Event: 1.887 Executing non-safepoint VM operation: HandshakeAllThreads (Deoptimize)
Event: 1.887 Executing non-safepoint VM operation: HandshakeAllThreads (Deoptimize) done
Event: 1.900 Executing non-safepoint VM operation: HandshakeAllThreads (Deoptimize)
Event: 1.900 Executing non-safepoint VM operation: HandshakeAllThreads (Deoptimize) done
Event: 2.104 Executing non-safepoint VM operation: HandshakeAllThreads (Deoptimize)
Event: 2.105 Executing non-safepoint VM operation: HandshakeAllThreads (Deoptimize) done

Memory protections (0 events):
No events

Nmethod flushes (0 events):
No events

Events (20 events):
Event: 0.029 Thread 0x00000241f35c9c50 Thread added: 0x00000241f35c9c50
Event: 0.044 Thread 0x00000241f35c9c50 Thread added: 0x00000241fcbb1aa0
Event: 0.044 Thread 0x00000241f35c9c50 Thread added: 0x00000241fcbb4e30
Event: 0.044 Thread 0x00000241f35c9c50 Thread added: 0x00000241fcbb89a0
Event: 0.044 Thread 0x00000241f35c9c50 Thread added: 0x00000241fcbbb510
Event: 0.044 Thread 0x00000241f35c9c50 Thread added: 0x00000241fcbbbf70
Event: 0.044 Thread 0x00000241f35c9c50 Thread added: 0x00000241fcbbe9e0
Event: 0.044 Thread 0x00000241f35c9c50 Thread added: 0x00000241fcbc1830
Event: 0.046 Thread 0x00000241f35c9c50 Thread added: 0x00000241fcbfc6f0
Event: 0.099 Thread 0x00000241f35c9c50 Thread added: 0x00000241fdaa1fd0
Event: 0.206 Thread 0x00000241fcbc1830 Thread added: 0x00000241fdaf1ae0
Event: 0.331 Thread 0x00000241f35c9c50 Thread added: 0x00000241fdc09c50
Event: 1.174 Thread 0x00000241f35c9c50 Thread added: 0x00000241fe37bf60
Event: 1.365 Thread 0x00000241f35c9c50 Thread added: 0x00000241fe35ea20
Event: 1.370 Thread 0x00000241f35c9c50 Thread added: 0x00000241fe35f090
Event: 1.496 Thread 0x00000241fe35f090 Thread added: 0x00000241fe440d40
Event: 1.745 Thread 0x00000241fe35f090 Thread added: 0x00000241fe6dd220
Event: 2.123 Thread 0x00000241fe35f090 Thread added: 0x00000241feabdd10
Event: 2.167 Thread 0x00000241fe35f090 Thread added: 0x00000241feabf190
Event: 2.189 Thread 0x00000241fe35f090 Thread added: 0x00000241fe92be00


Dynamic libraries:
0x00007ff696fa0000 - 0x00007ff696fae000 	c:\Users\sreyn\.vscode\extensions\redhat.java-1.53.0-win32-x64\jre\21.0.10-win32-x86_64\bin\java.exe
0x00007ffd26160000 - 0x00007ffd263c7000 	C:\WINDOWS\SYSTEM32\ntdll.dll
0x00007ffd245a0000 - 0x00007ffd24669000 	C:\WINDOWS\System32\KERNEL32.DLL
0x00007ffd23b00000 - 0x00007ffd23eef000 	C:\WINDOWS\System32\KERNELBASE.dll
0x00007ffd232b0000 - 0x00007ffd233fb000 	C:\WINDOWS\System32\ucrtbase.dll
0x00007ffd0da90000 - 0x00007ffd0daae000 	c:\Users\sreyn\.vscode\extensions\redhat.java-1.53.0-win32-x64\jre\21.0.10-win32-x86_64\bin\VCRUNTIME140.dll
0x00007ffd10f40000 - 0x00007ffd10f58000 	c:\Users\sreyn\.vscode\extensions\redhat.java-1.53.0-win32-x64\jre\21.0.10-win32-x86_64\bin\jli.dll
0x00007ffd25a20000 - 0x00007ffd25be5000 	C:\WINDOWS\System32\USER32.dll
0x00007ffd23ad0000 - 0x00007ffd23af7000 	C:\WINDOWS\System32\win32u.dll
0x00007ffd08f80000 - 0x00007ffd09213000 	C:\WINDOWS\WinSxS\amd64_microsoft.windows.common-controls_6595b64144ccf1df_6.0.26100.7309_none_3e05feeae336a044\COMCTL32.dll
0x00007ffd25790000 - 0x00007ffd257bb000 	C:\WINDOWS\System32\GDI32.dll
0x00007ffd25020000 - 0x00007ffd250c9000 	C:\WINDOWS\System32\msvcrt.dll
0x00007ffd236f0000 - 0x00007ffd2381c000 	C:\WINDOWS\System32\gdi32full.dll
0x00007ffd23970000 - 0x00007ffd23a13000 	C:\WINDOWS\System32\msvcp_win.dll
0x00007ffd247c0000 - 0x00007ffd247f1000 	C:\WINDOWS\System32\IMM32.DLL
0x00007ffd11190000 - 0x00007ffd1119c000 	c:\Users\sreyn\.vscode\extensions\redhat.java-1.53.0-win32-x64\jre\21.0.10-win32-x86_64\bin\vcruntime140_1.dll
0x00007ffccd730000 - 0x00007ffccd7bd000 	c:\Users\sreyn\.vscode\extensions\redhat.java-1.53.0-win32-x64\jre\21.0.10-win32-x86_64\bin\msvcp140.dll
0x00007ffc94170000 - 0x00007ffc94f11000 	c:\Users\sreyn\.vscode\extensions\redhat.java-1.53.0-win32-x64\jre\21.0.10-win32-x86_64\bin\server\jvm.dll
0x00007ffd24070000 - 0x00007ffd24124000 	C:\WINDOWS\System32\ADVAPI32.dll
0x00007ffd24670000 - 0x00007ffd24716000 	C:\WINDOWS\System32\sechost.dll
0x00007ffd250d0000 - 0x00007ffd251e8000 	C:\WINDOWS\System32\RPCRT4.dll
0x00007ffd24520000 - 0x00007ffd24594000 	C:\WINDOWS\System32\WS2_32.dll
0x00007ffd23110000 - 0x00007ffd2316e000 	C:\WINDOWS\SYSTEM32\POWRPROF.dll
0x00007ffd18550000 - 0x00007ffd18585000 	C:\WINDOWS\SYSTEM32\WINMM.dll
0x00007ffd0f250000 - 0x00007ffd0f25b000 	C:\WINDOWS\SYSTEM32\VERSION.dll
0x00007ffd230f0000 - 0x00007ffd23104000 	C:\WINDOWS\SYSTEM32\UMPDC.dll
0x00007ffd22060000 - 0x00007ffd2207b000 	C:\WINDOWS\SYSTEM32\kernel.appcore.dll
0x00007ffd10110000 - 0x00007ffd1011a000 	c:\Users\sreyn\.vscode\extensions\redhat.java-1.53.0-win32-x64\jre\21.0.10-win32-x86_64\bin\jimage.dll
0x00007ffd20b40000 - 0x00007ffd20d82000 	C:\WINDOWS\SYSTEM32\DBGHELP.DLL
0x00007ffd25d90000 - 0x00007ffd26115000 	C:\WINDOWS\System32\combase.dll
0x00007ffd258c0000 - 0x00007ffd25996000 	C:\WINDOWS\System32\OLEAUT32.dll
0x00007ffd03260000 - 0x00007ffd0329c000 	C:\WINDOWS\SYSTEM32\dbgcore.DLL
0x00007ffd23a20000 - 0x00007ffd23ac5000 	C:\WINDOWS\System32\bcryptPrimitives.dll
0x00007ffd0fcc0000 - 0x00007ffd0fccf000 	c:\Users\sreyn\.vscode\extensions\redhat.java-1.53.0-win32-x64\jre\21.0.10-win32-x86_64\bin\instrument.dll
0x00007ffd0da30000 - 0x00007ffd0da50000 	c:\Users\sreyn\.vscode\extensions\redhat.java-1.53.0-win32-x64\jre\21.0.10-win32-x86_64\bin\java.dll
0x00007ffd248c0000 - 0x00007ffd25013000 	C:\WINDOWS\System32\SHELL32.dll
0x00007ffd23580000 - 0x00007ffd236ea000 	C:\WINDOWS\System32\wintypes.dll
0x00007ffd20eb0000 - 0x00007ffd2170e000 	C:\WINDOWS\SYSTEM32\windows.storage.dll
0x00007ffd257c0000 - 0x00007ffd258b5000 	C:\WINDOWS\System32\SHCORE.dll
0x00007ffd24410000 - 0x00007ffd24476000 	C:\WINDOWS\System32\shlwapi.dll
0x00007ffd231d0000 - 0x00007ffd231f9000 	C:\WINDOWS\SYSTEM32\profapi.dll
0x00007ffcfb610000 - 0x00007ffcfb628000 	c:\Users\sreyn\.vscode\extensions\redhat.java-1.53.0-win32-x64\jre\21.0.10-win32-x86_64\bin\zip.dll
0x00007ffd01f70000 - 0x00007ffd01f80000 	C:\Users\sreyn\.vscode\extensions\redhat.java-1.53.0-win32-x64\jre\21.0.10-win32-x86_64\bin\net.dll
0x00007ffd13210000 - 0x00007ffd13338000 	C:\WINDOWS\SYSTEM32\WINHTTP.dll
0x00007ffd225d0000 - 0x00007ffd2263b000 	C:\WINDOWS\system32\mswsock.dll
0x00007ffcf8d40000 - 0x00007ffcf8d56000 	C:\Users\sreyn\.vscode\extensions\redhat.java-1.53.0-win32-x64\jre\21.0.10-win32-x86_64\bin\nio.dll
0x00007ffcfa690000 - 0x00007ffcfa6a0000 	c:\Users\sreyn\.vscode\extensions\redhat.java-1.53.0-win32-x64\jre\21.0.10-win32-x86_64\bin\verify.dll
0x00007ffceb3e0000 - 0x00007ffceb425000 	C:\Users\sreyn\AppData\Roaming\Code\User\globalStorage\redhat.java\1.53.0\config_ss_win\org.eclipse.equinox.launcher\org.eclipse.equinox.launcher.win32.win32.x86_64_1.3.0.v20260203-2149\eclipse_11919.dll
0x00007ffd25bf0000 - 0x00007ffd25d87000 	C:\WINDOWS\System32\ole32.dll
0x00007ffd22890000 - 0x00007ffd228ab000 	C:\WINDOWS\SYSTEM32\CRYPTSP.dll
0x00007ffd21fc0000 - 0x00007ffd21ffa000 	C:\WINDOWS\system32\rsaenh.dll
0x00007ffd22680000 - 0x00007ffd226ab000 	C:\WINDOWS\SYSTEM32\USERENV.dll
0x00007ffd231a0000 - 0x00007ffd231ca000 	C:\WINDOWS\SYSTEM32\bcrypt.dll
0x00007ffd228b0000 - 0x00007ffd228bc000 	C:\WINDOWS\SYSTEM32\CRYPTBASE.dll
0x00007ffd21b00000 - 0x00007ffd21b34000 	C:\WINDOWS\SYSTEM32\IPHLPAPI.DLL
0x00007ffd25a10000 - 0x00007ffd25a1a000 	C:\WINDOWS\System32\NSI.dll
0x00007ffccd800000 - 0x00007ffccd849000 	C:\Users\sreyn\AppData\Local\Temp\jna-109702011\jna15972744986807813249.dll
0x00007ffd259a0000 - 0x00007ffd259a8000 	C:\WINDOWS\System32\PSAPI.DLL

JVMTI agents:
c:\Users\sreyn\.vscode\extensions\redhat.java-1.53.0-win32-x64\lombok\lombok-1.18.39-4050.jar path:c:\Users\sreyn\.vscode\extensions\redhat.java-1.53.0-win32-x64\jre\21.0.10-win32-x86_64\bin\instrument.dll, loaded, initialized, instrumentlib options:none

dbghelp: loaded successfully - version: 4.0.5 - missing functions: none
symbol engine: initialized successfully - sym options: 0x614 - pdb path: .;c:\Users\sreyn\.vscode\extensions\redhat.java-1.53.0-win32-x64\jre\21.0.10-win32-x86_64\bin;C:\WINDOWS\SYSTEM32;C:\WINDOWS\WinSxS\amd64_microsoft.windows.common-controls_6595b64144ccf1df_6.0.26100.7309_none_3e05feeae336a044;c:\Users\sreyn\.vscode\extensions\redhat.java-1.53.0-win32-x64\jre\21.0.10-win32-x86_64\bin\server;C:\Users\sreyn\AppData\Roaming\Code\User\globalStorage\redhat.java\1.53.0\config_ss_win\org.eclipse.equinox.launcher\org.eclipse.equinox.launcher.win32.win32.x86_64_1.3.0.v20260203-2149;C:\Users\sreyn\AppData\Local\Temp\jna-109702011

VM Arguments:
jvm_args: --add-modules=ALL-SYSTEM --add-opens=java.base/java.util=ALL-UNNAMED --add-opens=java.base/java.lang=ALL-UNNAMED --add-opens=java.base/sun.nio.fs=ALL-UNNAMED -Declipse.application=org.eclipse.jdt.ls.core.id1 -Dosgi.bundles.defaultStartLevel=4 -Declipse.product=org.eclipse.jdt.ls.core.product -Djava.import.generatesMetadataFilesAtProjectRoot=false -DDetectVMInstallationsJob.disabled=true -Dfile.encoding=utf8 -XX:+UseParallelGC -XX:GCTimeRatio=4 -XX:AdaptiveSizePolicyWeight=90 -Dsun.zip.disableMemoryMapping=true -Xmx2G -Xms100m -Xlog:disable -javaagent:c:\Users\sreyn\.vscode\extensions\redhat.java-1.53.0-win32-x64\lombok\lombok-1.18.39-4050.jar 
java_command: c:\Users\sreyn\.vscode\extensions\redhat.java-1.53.0-win32-x64\server\plugins\org.eclipse.equinox.launcher_1.7.100.v20251111-0406.jar -configuration c:\Users\sreyn\AppData\Roaming\Code\User\globalStorage\redhat.java\1.53.0\config_ss_win -data c:\Users\sreyn\AppData\Roaming\Code\User\workspaceStorage\a483725c38a89179fd28c241c5e416ec\redhat.java\ss_ws --pipe=\\.\pipe\lsp-2a3cc15fb6bd6639e9d0319aa70d72d3-sock
java_class_path (initial): c:\Users\sreyn\.vscode\extensions\redhat.java-1.53.0-win32-x64\server\plugins\org.eclipse.equinox.launcher_1.7.100.v20251111-0406.jar
Launcher Type: SUN_STANDARD

[Global flags]
    uintx AdaptiveSizePolicyWeight                 = 90                                        {product} {command line}
     intx CICompilerCount                          = 3                                         {product} {ergonomic}
    uintx GCTimeRatio                              = 4                                         {product} {command line}
   size_t InitialHeapSize                          = 104857600                                 {product} {command line}
   size_t MaxHeapSize                              = 2147483648                                {product} {command line}
   size_t MaxNewSize                               = 715653120                                 {product} {ergonomic}
   size_t MinHeapDeltaBytes                        = 524288                                    {product} {ergonomic}
   size_t MinHeapSize                              = 104857600                                 {product} {command line}
   size_t NewSize                                  = 34603008                                  {product} {ergonomic}
    uintx NonNMethodCodeHeapSize                   = 5832780                                {pd product} {ergonomic}
    uintx NonProfiledCodeHeapSize                  = 122912730                              {pd product} {ergonomic}
   size_t OldSize                                  = 70254592                                  {product} {ergonomic}
    uintx ProfiledCodeHeapSize                     = 122912730                              {pd product} {ergonomic}
    uintx ReservedCodeCacheSize                    = 251658240                              {pd product} {ergonomic}
     bool SegmentedCodeCache                       = true                                      {product} {ergonomic}
   size_t SoftMaxHeapSize                          = 2147483648                             {manageable} {ergonomic}
     bool UseCompressedOops                        = true                           {product lp64_product} {ergonomic}
     bool UseLargePagesIndividualAllocation        = false                                  {pd product} {ergonomic}
     bool UseParallelGC                            = true                                      {product} {command line}

Logging:
Log output configuration:
 #0: stdout all=off uptime,level,tags foldmultilines=false
 #1: stderr all=off uptime,level,tags foldmultilines=false

Release file:
JAVA_VERSION="21.0.10" 
MODULES="java.base java.compiler java.datatransfer java.xml java.prefs java.desktop java.instrument java.logging java.management java.security.sasl java.naming java.rmi java.management.rmi java.net.http java.scripting java.security.jgss java.transaction.xa java.sql java.sql.rowset java.xml.crypto java.se java.smartcardio jdk.accessibility jdk.internal.jvmstat jdk.attach jdk.charsets jdk.internal.opt jdk.zipfs jdk.compiler jdk.crypto.ec jdk.crypto.cryptoki jdk.crypto.mscapi jdk.dynalink jdk.internal.ed jdk.editpad jdk.hotspot.agent jdk.httpserver jdk.internal.le jdk.internal.vm.ci jdk.internal.vm.compiler jdk.internal.vm.compiler.management jdk.jartool jdk.javadoc jdk.jcmd jdk.management jdk.management.agent jdk.jconsole jdk.jdeps jdk.jdwp.agent jdk.jdi jdk.jfr jdk.jshell jdk.jsobject jdk.jstatd jdk.localedata jdk.management.jfr jdk.naming.dns jdk.naming.rmi jdk.net jdk.nio.mapmode jdk.random jdk.sctp jdk.security.auth jdk.security.jgss jdk.unsupported jdk.unsupported.desktop jdk.xml.dom" 

Environment Variables:
JAVA_HOME=C:\Program Files\Amazon Corretto\jdk21.0.9_10
PATH=C:\Users\sreyn\AppData\Local\Programs\Microsoft VS Code;C:\Program Files\Amazon Corretto\jdk21.0.9_10\bin;C:\WINDOWS\system32;C:\WINDOWS;C:\WINDOWS\System32\Wbem;C:\WINDOWS\System32\WindowsPowerShell\v1.0\;C:\WINDOWS\System32\OpenSSH\;C:\Program Files\Git\cmd;C:\Users\sreyn\Downloads\php-8.4.5-nts-Win32-vs17-x64;C:\Program Files\nodejs\;C:\Program Files\PostgreSQL\18\bin;C:\Program Files\Docker\Docker\resources\bin;C:\Program Files\Apache\Maven\apache-maven-3.9.9\bin;C:\Users\sreyn\.local\bin;C:\Users\sreyn\AppData\Local\Microsoft\WindowsApps;C:\Users\sreyn\AppData\Local\Programs\Microsoft VS Code\bin;C:\Users\sreyn\AppData\Roaming\npm;C:\Users\sreyn\AppData\Local\ComposerSetup\bin;C:\Users\sreyn\AppData\Roaming\Composer\vendor\bin;C:\Program Files\JetBrains\DataGrip 2025.3.3\bin;C:\Program Files\JetBrains\IntelliJ IDEA 2025.3.2\bin
USERNAME=sreyn
OS=Windows_NT
PROCESSOR_IDENTIFIER=Intel64 Family 6 Model 140 Stepping 1, GenuineIntel
TMP=C:\Users\sreyn\AppData\Local\Temp
TEMP=C:\Users\sreyn\AppData\Local\Temp




Periodic native trim disabled

---------------  S Y S T E M  ---------------

OS:
 Windows 11 , 64 bit Build 26100 (10.0.26100.7309)
OS uptime: 0 days 22:13 hours
Hyper-V role detected

CPU: total 4 (initial active 4) (2 cores per cpu, 2 threads per core) family 6 model 140 stepping 1 microcode 0xa6, cx8, cmov, fxsr, ht, mmx, 3dnowpref, sse, sse2, sse3, ssse3, sse4.1, sse4.2, popcnt, lzcnt, tsc, tscinvbit, avx, avx2, aes, erms, clmul, bmi1, bmi2, adx, avx512f, avx512dq, avx512cd, avx512bw, avx512vl, sha, fma, vzeroupper, avx512_vpopcntdq, avx512_vpclmulqdq, avx512_vaes, avx512_vnni, clflush, clflushopt, clwb, avx512_vbmi2, avx512_vbmi, hv, rdtscp, rdpid, fsrm, gfni, avx512_bitalg, f16c, cet_ibt, cet_ss, avx512_ifma
Processor Information for processor 0
  Max Mhz: 2995, Current Mhz: 2995, Mhz Limit: 2995
Processor Information for processor 1
  Max Mhz: 2995, Current Mhz: 998, Mhz Limit: 2995
Processor Information for processor 2
  Max Mhz: 2995, Current Mhz: 998, Mhz Limit: 2995
Processor Information for processor 3
  Max Mhz: 2995, Current Mhz: 2995, Mhz Limit: 2995

Memory: 4k page, system-wide physical 11982M (1361M free)
TotalPageFile size 14719M (AvailPageFile size 2M)
current process WorkingSet (physical memory assigned to process): 121M, peak: 121M
current process commit charge ("private bytes"): 249M, peak: 249M

vm_info: OpenJDK 64-Bit Server VM (21.0.10+7-LTS) for windows-amd64 JRE (21.0.10+7-LTS), built on 2026-01-20T00:00:00Z by "admin" with MS VC++ 17.12 (VS2022)

END.
