#
# There is insufficient memory for the Java Runtime Environment to continue.
# Native memory allocation (malloc) failed to allocate 32744 bytes. Error detail: Chunk::new
# Possible reasons:
#   The system is out of physical RAM or swap space
#   This process is running with CompressedOops enabled, and the Java Heap may be blocking the growth of the native heap
# Possible solutions:
#   Reduce memory load on the system
#   Increase physical memory or swap space
#   Check if swap backing store is full
#   Decrease Java heap size (-Xmx/-Xms)
#   Decrease number of Java threads
#   Decrease Java thread stack sizes (-Xss)
#   Set larger code cache with -XX:ReservedCodeCacheSize=
#   JVM is running with Unscaled Compressed Oops mode in which the Java heap is
#     placed in the first 4GB address space. The Java Heap base address is the
#     maximum limit for the native heap growth. Please use -XX:HeapBaseMinAddress
#     to set the Java Heap base and to place the Java Heap above 4GB virtual address.
# This output file may be truncated or incomplete.
#
#  Out of Memory Error (arena.cpp:168), pid=16944, tid=1248
#
# JRE version: OpenJDK Runtime Environment Temurin-21.0.10+7 (21.0.10+7) (build 21.0.10+7-LTS)
# Java VM: OpenJDK 64-Bit Server VM Temurin-21.0.10+7 (21.0.10+7-LTS, mixed mode, sharing, tiered, compressed oops, compressed class ptrs, parallel gc, windows-amd64)
# No core dump will be written. Minidumps are not enabled by default on client versions of Windows
#

---------------  S U M M A R Y ------------

Command Line: --add-modules=ALL-SYSTEM --add-opens=java.base/java.util=ALL-UNNAMED --add-opens=java.base/java.lang=ALL-UNNAMED --add-opens=java.base/sun.nio.fs=ALL-UNNAMED -Declipse.application=org.eclipse.jdt.ls.core.id1 -Dosgi.bundles.defaultStartLevel=4 -Declipse.product=org.eclipse.jdt.ls.core.product -Djava.import.generatesMetadataFilesAtProjectRoot=false -DDetectVMInstallationsJob.disabled=true -Dfile.encoding=utf8 -XX:+UseParallelGC -XX:GCTimeRatio=4 -XX:AdaptiveSizePolicyWeight=90 -Dsun.zip.disableMemoryMapping=true -Xmx2G -Xms100m -Xlog:disable -javaagent:c:\Users\sreyn\.vscode\extensions\redhat.java-1.53.0-win32-x64\lombok\lombok-1.18.39-4050.jar -XX:+HeapDumpOnOutOfMemoryError -XX:HeapDumpPath=c:\Users\sreyn\AppData\Roaming\Code\User\workspaceStorage\a483725c38a89179fd28c241c5e416ec\redhat.java -Daether.dependencyCollector.impl=bf c:\Users\sreyn\.vscode\extensions\redhat.java-1.53.0-win32-x64\server\plugins\org.eclipse.equinox.launcher_1.7.100.v20251111-0406.jar -configuration c:\Users\sreyn\AppData\Roaming\Code\User\globalStorage\redhat.java\1.53.0\config_win -data c:\Users\sreyn\AppData\Roaming\Code\User\workspaceStorage\a483725c38a89179fd28c241c5e416ec\redhat.java\jdt_ws --pipe=\\.\pipe\lsp-487a0f6c576cf1994cb1ebed2c766fc6-sock

Host: 11th Gen Intel(R) Core(TM) i3-1115G4 @ 3.00GHz, 4 cores, 11G,  Windows 11 , 64 bit Build 26100 (10.0.26100.7309)
Time: Tue Mar 31 21:35:28 2026 SE Asia Standard Time elapsed time: 28.261841 seconds (0d 0h 0m 28s)

---------------  T H R E A D  ---------------

Current thread (0x00000240080f0df0):  JavaThread "C2 CompilerThread0" daemon [_thread_in_native, id=1248, stack(0x000000c63bb00000,0x000000c63bc00000) (1024K)]


Current CompileTask:
C2:28261 7991       4       java.lang.invoke.DirectMethodHandle::make (21 bytes)

Stack: [0x000000c63bb00000,0x000000c63bc00000]
Native frames: (J=compiled Java code, j=interpreted, Vv=VM code, C=native code)
V  [jvm.dll+0x6d7a39]
V  [jvm.dll+0x8b4b26]
V  [jvm.dll+0x8b70de]
V  [jvm.dll+0x8b77c3]
V  [jvm.dll+0x284346]
V  [jvm.dll+0xc66ed]
V  [jvm.dll+0xc6c31]
V  [jvm.dll+0xc6815]
V  [jvm.dll+0x6b3d38]
V  [jvm.dll+0x6e9128]
V  [jvm.dll+0x6e74e6]
V  [jvm.dll+0x1ce39c]
V  [jvm.dll+0x1cef3e]
V  [jvm.dll+0x2fa4cc]
V  [jvm.dll+0x6f1ef8]
V  [jvm.dll+0x6e9fa9]
V  [jvm.dll+0x6e96a9]
V  [jvm.dll+0x6e774e]
V  [jvm.dll+0x1ce39c]
V  [jvm.dll+0x2fa4cc]
V  [jvm.dll+0x6f1ef8]
V  [jvm.dll+0x6e9fa9]
V  [jvm.dll+0x6e96a9]
V  [jvm.dll+0x6e774e]
V  [jvm.dll+0x1ce39c]
V  [jvm.dll+0x2fa4cc]
V  [jvm.dll+0x6f1ef8]
V  [jvm.dll+0x6e9fa9]
V  [jvm.dll+0x6e96a9]
V  [jvm.dll+0x6e774e]
V  [jvm.dll+0x1ce39c]
V  [jvm.dll+0x2fa4cc]
V  [jvm.dll+0x6f1ef8]
V  [jvm.dll+0x6e9fa9]
V  [jvm.dll+0x6e96a9]
V  [jvm.dll+0x6e774e]
V  [jvm.dll+0x1ce39c]
V  [jvm.dll+0x24b6e9]
V  [jvm.dll+0x1cb34e]
V  [jvm.dll+0x25b85d]
V  [jvm.dll+0x259dea]
V  [jvm.dll+0x3f857e]
V  [jvm.dll+0x85f59d]
V  [jvm.dll+0x6d626d]
C  [ucrtbase.dll+0x37b0]
C  [KERNEL32.DLL+0x2e8d7]
C  [ntdll.dll+0x8c53c]


---------------  P R O C E S S  ---------------

Threads class SMR info:
_java_thread_list=0x0000024067fed630, length=37, elements={
0x00000240081fcad0, 0x00000240080e2910, 0x00000240080e6190, 0x00000240080e7e00,
0x00000240080e8a60, 0x00000240080ecb30, 0x00000240080ed7f0, 0x00000240080f0df0,
0x0000024008166a30, 0x00000240609ef870, 0x0000024060afe150, 0x0000024065733ba0,
0x0000024065722ee0, 0x0000024065722850, 0x0000024065724290, 0x0000024065721b30,
0x0000024065724920, 0x0000024065723c00, 0x00000240657214a0, 0x00000240657221c0,
0x0000024065723570, 0x00000240666f7e40, 0x00000240666f56e0, 0x00000240666f7120,
0x00000240666f77b0, 0x00000240666f5050, 0x00000240666f5d70, 0x00000240666f49c0,
0x00000240666f6a90, 0x00000240666fb2c0, 0x00000240666f9f10, 0x00000240666f8b60,
0x00000240666fac30, 0x00000240666fb950, 0x00000240666f84d0, 0x00000240666fa5a0,
0x0000024067b6dc30
}

Java Threads: ( => current thread )
  0x00000240081fcad0 JavaThread "main"                              [_thread_blocked, id=3480, stack(0x000000c63b100000,0x000000c63b200000) (1024K)]
  0x00000240080e2910 JavaThread "Reference Handler"          daemon [_thread_blocked, id=9672, stack(0x000000c63b500000,0x000000c63b600000) (1024K)]
  0x00000240080e6190 JavaThread "Finalizer"                  daemon [_thread_blocked, id=1788, stack(0x000000c63b600000,0x000000c63b700000) (1024K)]
  0x00000240080e7e00 JavaThread "Signal Dispatcher"          daemon [_thread_blocked, id=17996, stack(0x000000c63b700000,0x000000c63b800000) (1024K)]
  0x00000240080e8a60 JavaThread "Attach Listener"            daemon [_thread_blocked, id=9292, stack(0x000000c63b800000,0x000000c63b900000) (1024K)]
  0x00000240080ecb30 JavaThread "Service Thread"             daemon [_thread_blocked, id=13172, stack(0x000000c63b900000,0x000000c63ba00000) (1024K)]
  0x00000240080ed7f0 JavaThread "Monitor Deflation Thread"   daemon [_thread_blocked, id=12944, stack(0x000000c63ba00000,0x000000c63bb00000) (1024K)]
=>0x00000240080f0df0 JavaThread "C2 CompilerThread0"         daemon [_thread_in_native, id=1248, stack(0x000000c63bb00000,0x000000c63bc00000) (1024K)]
  0x0000024008166a30 JavaThread "C1 CompilerThread0"         daemon [_thread_blocked, id=12000, stack(0x000000c63bc00000,0x000000c63bd00000) (1024K)]
  0x00000240609ef870 JavaThread "Common-Cleaner"             daemon [_thread_blocked, id=9896, stack(0x000000c63bd00000,0x000000c63be00000) (1024K)]
  0x0000024060afe150 JavaThread "Notification Thread"        daemon [_thread_blocked, id=12872, stack(0x000000c63be00000,0x000000c63bf00000) (1024K)]
  0x0000024065733ba0 JavaThread "Active Thread: Equinox Container: 5a371349-4c05-41f3-ba97-64a37cf1f8a5"        [_thread_blocked, id=2316, stack(0x000000c63c300000,0x000000c63c400000) (1024K)]
  0x0000024065722ee0 JavaThread "Refresh Thread: Equinox Container: 5a371349-4c05-41f3-ba97-64a37cf1f8a5" daemon [_thread_blocked, id=18172, stack(0x000000c63bf00000,0x000000c63c000000) (1024K)]
  0x0000024065722850 JavaThread "Framework Event Dispatcher: Equinox Container: 5a371349-4c05-41f3-ba97-64a37cf1f8a5" daemon [_thread_blocked, id=11200, stack(0x000000c63c400000,0x000000c63c500000) (1024K)]
  0x0000024065724290 JavaThread "Start Level: Equinox Container: 5a371349-4c05-41f3-ba97-64a37cf1f8a5" daemon [_thread_blocked, id=17804, stack(0x000000c63c500000,0x000000c63c600000) (1024K)]
  0x0000024065721b30 JavaThread "Bundle File Closer"         daemon [_thread_blocked, id=18540, stack(0x000000c63c700000,0x000000c63c800000) (1024K)]
  0x0000024065724920 JavaThread "SCR Component Actor"        daemon [_thread_blocked, id=18816, stack(0x000000c63c600000,0x000000c63c700000) (1024K)]
  0x0000024065723c00 JavaThread "Worker-JM"                         [_thread_blocked, id=18936, stack(0x000000c63c800000,0x000000c63c900000) (1024K)]
  0x00000240657214a0 JavaThread "JNA Cleaner"                daemon [_thread_blocked, id=19084, stack(0x000000c63c900000,0x000000c63ca00000) (1024K)]
  0x00000240657221c0 JavaThread "Worker-0"                          [_thread_blocked, id=19092, stack(0x000000c63ca00000,0x000000c63cb00000) (1024K)]
  0x0000024065723570 JavaThread "Worker-1"                          [_thread_blocked, id=19096, stack(0x000000c63cb00000,0x000000c63cc00000) (1024K)]
  0x00000240666f7e40 JavaThread "Worker-2"                          [_thread_blocked, id=18476, stack(0x000000c63cc00000,0x000000c63cd00000) (1024K)]
  0x00000240666f56e0 JavaThread "Java indexing"              daemon [_thread_blocked, id=18648, stack(0x000000c63ce00000,0x000000c63cf00000) (1024K)]
  0x00000240666f7120 JavaThread "Worker-3: Initialize workspace"        [_thread_in_vm, id=18684, stack(0x000000c63d100000,0x000000c63d200000) (1024K)]
  0x00000240666f77b0 JavaThread "Worker-4"                          [_thread_blocked, id=15432, stack(0x000000c63d200000,0x000000c63d300000) (1024K)]
  0x00000240666f5050 JavaThread "Thread-1"                   daemon [_thread_in_native, id=18676, stack(0x000000c63d300000,0x000000c63d400000) (1024K)]
  0x00000240666f5d70 JavaThread "Thread-2"                   daemon [_thread_in_native, id=5696, stack(0x000000c63d400000,0x000000c63d500000) (1024K)]
  0x00000240666f49c0 JavaThread "Thread-3"                   daemon [_thread_in_native, id=13148, stack(0x000000c63d500000,0x000000c63d600000) (1024K)]
  0x00000240666f6a90 JavaThread "Thread-4"                   daemon [_thread_in_native, id=11144, stack(0x000000c63d600000,0x000000c63d700000) (1024K)]
  0x00000240666fb2c0 JavaThread "Thread-5"                   daemon [_thread_in_native, id=17628, stack(0x000000c63d700000,0x000000c63d800000) (1024K)]
  0x00000240666f9f10 JavaThread "pool-2-thread-1"                   [_thread_blocked, id=7912, stack(0x000000c63d800000,0x000000c63d900000) (1024K)]
  0x00000240666f8b60 JavaThread "WorkspaceEventsHandler"            [_thread_blocked, id=18868, stack(0x000000c63d900000,0x000000c63da00000) (1024K)]
  0x00000240666fac30 JavaThread "pool-1-thread-1"                   [_thread_blocked, id=18880, stack(0x000000c63da00000,0x000000c63db00000) (1024K)]
  0x00000240666fb950 JavaThread "ForkJoinPool.commonPool-worker-1" daemon [_thread_in_Java, id=18948, stack(0x000000c63db00000,0x000000c63dc00000) (1024K)]
  0x00000240666f84d0 JavaThread "ForkJoinPool.commonPool-worker-2" daemon [_thread_blocked, id=18956, stack(0x000000c63dc00000,0x000000c63dd00000) (1024K)]
  0x00000240666fa5a0 JavaThread "ForkJoinPool.commonPool-worker-3" daemon [_thread_blocked, id=18960, stack(0x000000c63dd00000,0x000000c63de00000) (1024K)]
  0x0000024067b6dc30 JavaThread "C2 CompilerThread1"         daemon [_thread_in_native, id=18436, stack(0x000000c63cd00000,0x000000c63ce00000) (1024K)]
Total: 37

Other Threads:
  0x00000240082bbcb0 VMThread "VM Thread"                           [id=2772, stack(0x000000c63b400000,0x000000c63b500000) (1024K)]
  0x0000024008269970 WatcherThread "VM Periodic Task Thread"        [id=15540, stack(0x000000c63b300000,0x000000c63b400000) (1024K)]
  0x000002400821c300 WorkerThread "GC Thread#0"                     [id=15744, stack(0x000000c63b200000,0x000000c63b300000) (1024K)]
  0x00000240651312a0 WorkerThread "GC Thread#1"                     [id=14372, stack(0x000000c63c000000,0x000000c63c100000) (1024K)]
  0x000002406547ee00 WorkerThread "GC Thread#2"                     [id=9852, stack(0x000000c63c100000,0x000000c63c200000) (1024K)]
  0x00000240651321c0 WorkerThread "GC Thread#3"                     [id=18324, stack(0x000000c63c200000,0x000000c63c300000) (1024K)]
Total: 6

Threads with active compile tasks:
C2 CompilerThread0  28312 7991       4       java.lang.invoke.DirectMethodHandle::make (21 bytes)
C2 CompilerThread1  28313 7977       4       java.lang.reflect.Field::get (39 bytes)
Total: 2

VM state: not at safepoint (normal execution)

VM Mutex/Monitor currently owned by a thread: None

Heap address: 0x0000000080000000, size: 2048 MB, Compressed Oops mode: 32-bit

CDS archive(s) mapped at: [0x000002401f000000-0x000002401fba0000-0x000002401fba0000), size 12189696, SharedBaseAddress: 0x000002401f000000, ArchiveRelocationMode: 1.
Compressed class space mapped at: 0x0000024020000000-0x0000024060000000, reserved size: 1073741824
Narrow klass base: 0x000002401f000000, Narrow klass shift: 0, Narrow klass range: 0x100000000

GC Precious Log:
 CardTable entry size: 512
 CPUs: 4 total, 4 available
 Memory: 11982M
 Large Page Support: Disabled
 NUMA Support: Disabled
 Compressed Oops: Enabled (32-bit)
 Alignments: Space 512K, Generation 512K, Heap 2M
 Heap Min Capacity: 100M
 Heap Initial Capacity: 100M
 Heap Max Capacity: 2G
 Pre-touch: Disabled
 Parallel Workers: 4

Heap:
 PSYoungGen      total 23040K, used 19699K [0x00000000d5580000, 0x00000000d7100000, 0x0000000100000000)
  eden space 22016K, 85% used [0x00000000d5580000,0x00000000d67e40d8,0x00000000d6b00000)
  from space 1024K, 84% used [0x00000000d6f00000,0x00000000d6fd8de0,0x00000000d7000000)
  to   space 1024K, 0% used [0x00000000d7000000,0x00000000d7000000,0x00000000d7100000)
 ParOldGen       total 68608K, used 49505K [0x0000000080000000, 0x0000000084300000, 0x00000000d5580000)
  object space 68608K, 72% used [0x0000000080000000,0x0000000083058580,0x0000000084300000)
 Metaspace       used 56581K, committed 57920K, reserved 1114112K
  class space    used 6136K, committed 6720K, reserved 1048576K

Card table byte_map: [0x0000024007ba0000,0x0000024007fb0000] _byte_map_base: 0x00000240077a0000

Marking Bits: (ParMarkBitMap*) 0x00007ffc92013450
 Begin Bits: [0x000002401a6b0000, 0x000002401c6b0000)
 End Bits:   [0x000002401c6b0000, 0x000002401e6b0000)

Polling page: 0x0000024005f20000

Metaspace:

Usage:
  Non-class:     49.26 MB used.
      Class:      5.99 MB used.
       Both:     55.26 MB used.

Virtual space:
  Non-class space:       64.00 MB reserved,      50.00 MB ( 78%) committed,  1 nodes.
      Class space:        1.00 GB reserved,       6.56 MB ( <1%) committed,  1 nodes.
             Both:        1.06 GB reserved,      56.56 MB (  5%) committed. 

Chunk freelists:
   Non-Class:  13.33 MB
       Class:  9.48 MB
        Both:  22.81 MB

MaxMetaspaceSize: unlimited
CompressedClassSpaceSize: 1.00 GB
Initial GC threshold: 21.00 MB
Current GC threshold: 58.38 MB
CDS: on
 - commit_granule_bytes: 65536.
 - commit_granule_words: 8192.
 - virtual_space_node_default_size: 8388608.
 - enlarge_chunks_in_place: 1.
 - use_allocation_guard: 0.


Internal statistics:

num_allocs_failed_limit: 6.
num_arena_births: 1092.
num_arena_deaths: 14.
num_vsnodes_births: 2.
num_vsnodes_deaths: 0.
num_space_committed: 905.
num_space_uncommitted: 0.
num_chunks_returned_to_freelist: 20.
num_chunks_taken_from_freelist: 3846.
num_chunk_merges: 7.
num_chunk_splits: 2304.
num_chunks_enlarged: 1176.
num_inconsistent_stats: 0.

CodeHeap 'non-profiled nmethods': size=120000Kb used=4102Kb max_used=4102Kb free=115897Kb
 bounds [0x0000024012ed0000, 0x00000240132e0000, 0x000002401a400000]
CodeHeap 'profiled nmethods': size=120000Kb used=15925Kb max_used=15925Kb free=104074Kb
 bounds [0x000002400b400000, 0x000002400c390000, 0x0000024012930000]
CodeHeap 'non-nmethods': size=5760Kb used=1421Kb max_used=1450Kb free=4338Kb
 bounds [0x0000024012930000, 0x0000024012ba0000, 0x0000024012ed0000]
CodeCache: size=245760Kb, used=21448Kb, max_used=21477Kb, free=224309Kb
 total_blobs=8122, nmethods=7399, adapters=629, full_count=0
Compilation: enabled, stopped_count=0, restarted_count=0

Compilation events (20 events):
Event: 28.156 Thread 0x0000024008166a30 nmethod 7981 0x000002400c389910 code [0x000002400c389ae0, 0x000002400c38a028]
Event: 28.158 Thread 0x00000240080f0df0 7982       4       java.util.concurrent.ConcurrentHashMap$EntryIterator::next (5 bytes)
Event: 28.162 Thread 0x00000240080f0df0 nmethod 7982 0x00000240132cd310 code [0x00000240132cd4c0, 0x00000240132cd7e0]
Event: 28.162 Thread 0x00000240080f0df0 7983       4       java.util.concurrent.ConcurrentHashMap$EntryIterator::next (51 bytes)
Event: 28.169 Thread 0x00000240080f0df0 nmethod 7983 0x00000240132cda10 code [0x00000240132cdbc0, 0x00000240132cdee0]
Event: 28.170 Thread 0x00000240080f0df0 7984       4       java.lang.reflect.AccessibleObject::checkAccess (40 bytes)
Event: 28.183 Thread 0x0000024008166a30 7986       3       java.util.concurrent.ConcurrentHashMap::resizeStamp (9 bytes)
Event: 28.183 Thread 0x0000024008166a30 nmethod 7986 0x000002400c38a190 code [0x000002400c38a340, 0x000002400c38a458]
Event: 28.195 Thread 0x0000024008166a30 7987       3       org.eclipse.jdt.internal.compiler.util.HashtableOfInt::put (95 bytes)
Event: 28.195 Thread 0x0000024008166a30 nmethod 7987 0x000002400c38a510 code [0x000002400c38a700, 0x000002400c38acf0]
Event: 28.224 Thread 0x0000024008166a30 7988       3       org.codehaus.plexus.util.xml.pull.MXParser::getAttributeCount (15 bytes)
Event: 28.225 Thread 0x0000024008166a30 nmethod 7988 0x000002400c38af10 code [0x000002400c38b0c0, 0x000002400c38b230]
Event: 28.237 Thread 0x00000240080f0df0 nmethod 7984 0x00000240132ce110 code [0x00000240132ce3c0, 0x00000240132cfbd0]
Event: 28.237 Thread 0x00000240080f0df0 7985       4       java.lang.invoke.DirectMethodHandle::shouldBeInitialized (117 bytes)
Event: 28.243 Thread 0x0000024008166a30 7990       3       org.apache.maven.model.io.xpp3.MavenXpp3ReaderEx::checkFieldWithDuplicate (75 bytes)
Event: 28.243 Thread 0x0000024008166a30 nmethod 7990 0x000002400c38b310 code [0x000002400c38b5c0, 0x000002400c38bfc0]
Event: 28.244 Thread 0x00000240080f0df0 nmethod 7985 0x00000240132d0f10 code [0x00000240132d1120, 0x00000240132d1408]
Event: 28.244 Thread 0x00000240080f0df0 7989       4       org.codehaus.plexus.util.xml.pull.MXParser::isValidCodePoint (65 bytes)
Event: 28.245 Thread 0x00000240080f0df0 nmethod 7989 0x00000240132d1710 code [0x00000240132d18a0, 0x00000240132d1968]
Event: 28.245 Thread 0x00000240080f0df0 7991       4       java.lang.invoke.DirectMethodHandle::make (21 bytes)

GC Heap History (20 events):
Event: 23.754 GC heap before
{Heap before GC invocations=22 (full 2):
 PSYoungGen      total 27648K, used 22880K [0x00000000d5580000, 0x00000000d7700000, 0x0000000100000000)
  eden space 22016K, 100% used [0x00000000d5580000,0x00000000d6b00000,0x00000000d6b00000)
  from space 5632K, 15% used [0x00000000d6e80000,0x00000000d6f58000,0x00000000d7400000)
  to   space 2560K, 0% used [0x00000000d7480000,0x00000000d7480000,0x00000000d7700000)
 ParOldGen       total 68608K, used 33921K [0x0000000080000000, 0x0000000084300000, 0x00000000d5580000)
  object space 68608K, 49% used [0x0000000080000000,0x0000000082120628,0x0000000084300000)
 Metaspace       used 48635K, committed 49920K, reserved 1114112K
  class space    used 5282K, committed 5824K, reserved 1048576K
}
Event: 23.762 GC heap after
{Heap after GC invocations=22 (full 2):
 PSYoungGen      total 24064K, used 1752K [0x00000000d5580000, 0x00000000d7680000, 0x0000000100000000)
  eden space 22016K, 0% used [0x00000000d5580000,0x00000000d5580000,0x00000000d6b00000)
  from space 2048K, 85% used [0x00000000d7480000,0x00000000d76361d8,0x00000000d7680000)
  to   space 2048K, 0% used [0x00000000d7280000,0x00000000d7280000,0x00000000d7480000)
 ParOldGen       total 68608K, used 34653K [0x0000000080000000, 0x0000000084300000, 0x00000000d5580000)
  object space 68608K, 50% used [0x0000000080000000,0x00000000821d77f8,0x0000000084300000)
 Metaspace       used 48635K, committed 49920K, reserved 1114112K
  class space    used 5282K, committed 5824K, reserved 1048576K
}
Event: 23.912 GC heap before
{Heap before GC invocations=23 (full 2):
 PSYoungGen      total 24064K, used 23768K [0x00000000d5580000, 0x00000000d7680000, 0x0000000100000000)
  eden space 22016K, 100% used [0x00000000d5580000,0x00000000d6b00000,0x00000000d6b00000)
  from space 2048K, 85% used [0x00000000d7480000,0x00000000d76361d8,0x00000000d7680000)
  to   space 2048K, 0% used [0x00000000d7280000,0x00000000d7280000,0x00000000d7480000)
 ParOldGen       total 68608K, used 34653K [0x0000000080000000, 0x0000000084300000, 0x00000000d5580000)
  object space 68608K, 50% used [0x0000000080000000,0x00000000821d77f8,0x0000000084300000)
 Metaspace       used 48637K, committed 49920K, reserved 1114112K
  class space    used 5282K, committed 5824K, reserved 1048576K
}
Event: 23.924 GC heap after
{Heap after GC invocations=23 (full 2):
 PSYoungGen      total 24064K, used 1984K [0x00000000d5580000, 0x00000000d7500000, 0x0000000100000000)
  eden space 22016K, 0% used [0x00000000d5580000,0x00000000d5580000,0x00000000d6b00000)
  from space 2048K, 96% used [0x00000000d7280000,0x00000000d7470010,0x00000000d7480000)
  to   space 512K, 0% used [0x00000000d7480000,0x00000000d7480000,0x00000000d7500000)
 ParOldGen       total 68608K, used 36346K [0x0000000080000000, 0x0000000084300000, 0x00000000d5580000)
  object space 68608K, 52% used [0x0000000080000000,0x000000008237ea28,0x0000000084300000)
 Metaspace       used 48637K, committed 49920K, reserved 1114112K
  class space    used 5282K, committed 5824K, reserved 1048576K
}
Event: 24.166 GC heap before
{Heap before GC invocations=24 (full 2):
 PSYoungGen      total 24064K, used 24000K [0x00000000d5580000, 0x00000000d7500000, 0x0000000100000000)
  eden space 22016K, 100% used [0x00000000d5580000,0x00000000d6b00000,0x00000000d6b00000)
  from space 2048K, 96% used [0x00000000d7280000,0x00000000d7470010,0x00000000d7480000)
  to   space 512K, 0% used [0x00000000d7480000,0x00000000d7480000,0x00000000d7500000)
 ParOldGen       total 68608K, used 36346K [0x0000000080000000, 0x0000000084300000, 0x00000000d5580000)
  object space 68608K, 52% used [0x0000000080000000,0x000000008237ea28,0x0000000084300000)
 Metaspace       used 49003K, committed 50240K, reserved 1114112K
  class space    used 5339K, committed 5888K, reserved 1048576K
}
Event: 24.177 GC heap after
{Heap after GC invocations=24 (full 2):
 PSYoungGen      total 22528K, used 482K [0x00000000d5580000, 0x00000000d7500000, 0x0000000100000000)
  eden space 22016K, 0% used [0x00000000d5580000,0x00000000d5580000,0x00000000d6b00000)
  from space 512K, 94% used [0x00000000d7480000,0x00000000d74f8810,0x00000000d7500000)
  to   space 4608K, 0% used [0x00000000d6c00000,0x00000000d6c00000,0x00000000d7080000)
 ParOldGen       total 68608K, used 40034K [0x0000000080000000, 0x0000000084300000, 0x00000000d5580000)
  object space 68608K, 58% used [0x0000000080000000,0x0000000082718a38,0x0000000084300000)
 Metaspace       used 49003K, committed 50240K, reserved 1114112K
  class space    used 5339K, committed 5888K, reserved 1048576K
}
Event: 24.352 GC heap before
{Heap before GC invocations=25 (full 2):
 PSYoungGen      total 22528K, used 22498K [0x00000000d5580000, 0x00000000d7500000, 0x0000000100000000)
  eden space 22016K, 100% used [0x00000000d5580000,0x00000000d6b00000,0x00000000d6b00000)
  from space 512K, 94% used [0x00000000d7480000,0x00000000d74f8810,0x00000000d7500000)
  to   space 4608K, 0% used [0x00000000d6c00000,0x00000000d6c00000,0x00000000d7080000)
 ParOldGen       total 68608K, used 40034K [0x0000000080000000, 0x0000000084300000, 0x00000000d5580000)
  object space 68608K, 58% used [0x0000000080000000,0x0000000082718a38,0x0000000084300000)
 Metaspace       used 49026K, committed 50304K, reserved 1114112K
  class space    used 5339K, committed 5888K, reserved 1048576K
}
Event: 24.359 GC heap after
{Heap after GC invocations=25 (full 2):
 PSYoungGen      total 26624K, used 2048K [0x00000000d5580000, 0x00000000d7500000, 0x0000000100000000)
  eden space 22016K, 0% used [0x00000000d5580000,0x00000000d5580000,0x00000000d6b00000)
  from space 4608K, 44% used [0x00000000d6c00000,0x00000000d6e00000,0x00000000d7080000)
  to   space 3072K, 0% used [0x00000000d7200000,0x00000000d7200000,0x00000000d7500000)
 ParOldGen       total 68608K, used 40528K [0x0000000080000000, 0x0000000084300000, 0x00000000d5580000)
  object space 68608K, 59% used [0x0000000080000000,0x0000000082794358,0x0000000084300000)
 Metaspace       used 49026K, committed 50304K, reserved 1114112K
  class space    used 5339K, committed 5888K, reserved 1048576K
}
Event: 24.514 GC heap before
{Heap before GC invocations=26 (full 2):
 PSYoungGen      total 26624K, used 24064K [0x00000000d5580000, 0x00000000d7500000, 0x0000000100000000)
  eden space 22016K, 100% used [0x00000000d5580000,0x00000000d6b00000,0x00000000d6b00000)
  from space 4608K, 44% used [0x00000000d6c00000,0x00000000d6e00000,0x00000000d7080000)
  to   space 3072K, 0% used [0x00000000d7200000,0x00000000d7200000,0x00000000d7500000)
 ParOldGen       total 68608K, used 40528K [0x0000000080000000, 0x0000000084300000, 0x00000000d5580000)
  object space 68608K, 59% used [0x0000000080000000,0x0000000082794358,0x0000000084300000)
 Metaspace       used 49030K, committed 50368K, reserved 1114112K
  class space    used 5339K, committed 5888K, reserved 1048576K
}
Event: 24.526 GC heap after
{Heap after GC invocations=26 (full 2):
 PSYoungGen      total 24576K, used 2084K [0x00000000d5580000, 0x00000000d7480000, 0x0000000100000000)
  eden space 22016K, 0% used [0x00000000d5580000,0x00000000d5580000,0x00000000d6b00000)
  from space 2560K, 81% used [0x00000000d7200000,0x00000000d7409000,0x00000000d7480000)
  to   space 2560K, 0% used [0x00000000d6f80000,0x00000000d6f80000,0x00000000d7200000)
 ParOldGen       total 68608K, used 42456K [0x0000000080000000, 0x0000000084300000, 0x00000000d5580000)
  object space 68608K, 61% used [0x0000000080000000,0x0000000082976358,0x0000000084300000)
 Metaspace       used 49030K, committed 50368K, reserved 1114112K
  class space    used 5339K, committed 5888K, reserved 1048576K
}
Event: 24.730 GC heap before
{Heap before GC invocations=27 (full 2):
 PSYoungGen      total 24576K, used 24100K [0x00000000d5580000, 0x00000000d7480000, 0x0000000100000000)
  eden space 22016K, 100% used [0x00000000d5580000,0x00000000d6b00000,0x00000000d6b00000)
  from space 2560K, 81% used [0x00000000d7200000,0x00000000d7409000,0x00000000d7480000)
  to   space 2560K, 0% used [0x00000000d6f80000,0x00000000d6f80000,0x00000000d7200000)
 ParOldGen       total 68608K, used 42456K [0x0000000080000000, 0x0000000084300000, 0x00000000d5580000)
  object space 68608K, 61% used [0x0000000080000000,0x0000000082976358,0x0000000084300000)
 Metaspace       used 49061K, committed 50368K, reserved 1114112K
  class space    used 5340K, committed 5888K, reserved 1048576K
}
Event: 24.742 GC heap after
{Heap after GC invocations=27 (full 2):
 PSYoungGen      total 24576K, used 2080K [0x00000000d5580000, 0x00000000d7280000, 0x0000000100000000)
  eden space 22016K, 0% used [0x00000000d5580000,0x00000000d5580000,0x00000000d6b00000)
  from space 2560K, 81% used [0x00000000d6f80000,0x00000000d7188010,0x00000000d7200000)
  to   space 512K, 0% used [0x00000000d7200000,0x00000000d7200000,0x00000000d7280000)
 ParOldGen       total 68608K, used 44441K [0x0000000080000000, 0x0000000084300000, 0x00000000d5580000)
  object space 68608K, 64% used [0x0000000080000000,0x0000000082b66458,0x0000000084300000)
 Metaspace       used 49061K, committed 50368K, reserved 1114112K
  class space    used 5340K, committed 5888K, reserved 1048576K
}
Event: 24.959 GC heap before
{Heap before GC invocations=28 (full 2):
 PSYoungGen      total 24576K, used 24093K [0x00000000d5580000, 0x00000000d7280000, 0x0000000100000000)
  eden space 22016K, 99% used [0x00000000d5580000,0x00000000d6aff618,0x00000000d6b00000)
  from space 2560K, 81% used [0x00000000d6f80000,0x00000000d7188010,0x00000000d7200000)
  to   space 512K, 0% used [0x00000000d7200000,0x00000000d7200000,0x00000000d7280000)
 ParOldGen       total 68608K, used 44441K [0x0000000080000000, 0x0000000084300000, 0x00000000d5580000)
  object space 68608K, 64% used [0x0000000080000000,0x0000000082b66458,0x0000000084300000)
 Metaspace       used 49145K, committed 50432K, reserved 1114112K
  class space    used 5350K, committed 5888K, reserved 1048576K
}
Event: 24.973 GC heap after
{Heap after GC invocations=28 (full 2):
 PSYoungGen      total 22528K, used 512K [0x00000000d5580000, 0x00000000d7400000, 0x0000000100000000)
  eden space 22016K, 0% used [0x00000000d5580000,0x00000000d5580000,0x00000000d6b00000)
  from space 512K, 100% used [0x00000000d7200000,0x00000000d7280000,0x00000000d7280000)
  to   space 4608K, 0% used [0x00000000d6b00000,0x00000000d6b00000,0x00000000d6f80000)
 ParOldGen       total 68608K, used 47871K [0x0000000080000000, 0x0000000084300000, 0x00000000d5580000)
  object space 68608K, 69% used [0x0000000080000000,0x0000000082ebfcc8,0x0000000084300000)
 Metaspace       used 49145K, committed 50432K, reserved 1114112K
  class space    used 5350K, committed 5888K, reserved 1048576K
}
Event: 25.948 GC heap before
{Heap before GC invocations=29 (full 2):
 PSYoungGen      total 22528K, used 22500K [0x00000000d5580000, 0x00000000d7400000, 0x0000000100000000)
  eden space 22016K, 99% used [0x00000000d5580000,0x00000000d6af9110,0x00000000d6b00000)
  from space 512K, 100% used [0x00000000d7200000,0x00000000d7280000,0x00000000d7280000)
  to   space 4608K, 0% used [0x00000000d6b00000,0x00000000d6b00000,0x00000000d6f80000)
 ParOldGen       total 68608K, used 47871K [0x0000000080000000, 0x0000000084300000, 0x00000000d5580000)
  object space 68608K, 69% used [0x0000000080000000,0x0000000082ebfcc8,0x0000000084300000)
 Metaspace       used 51315K, committed 52608K, reserved 1114112K
  class space    used 5626K, committed 6208K, reserved 1048576K
}
Event: 25.953 GC heap after
{Heap after GC invocations=29 (full 2):
 PSYoungGen      total 26624K, used 866K [0x00000000d5580000, 0x00000000d7280000, 0x0000000100000000)
  eden space 22016K, 0% used [0x00000000d5580000,0x00000000d5580000,0x00000000d6b00000)
  from space 4608K, 18% used [0x00000000d6b00000,0x00000000d6bd8980,0x00000000d6f80000)
  to   space 2048K, 0% used [0x00000000d7080000,0x00000000d7080000,0x00000000d7280000)
 ParOldGen       total 68608K, used 48404K [0x0000000080000000, 0x0000000084300000, 0x00000000d5580000)
  object space 68608K, 70% used [0x0000000080000000,0x0000000082f45020,0x0000000084300000)
 Metaspace       used 51315K, committed 52608K, reserved 1114112K
  class space    used 5626K, committed 6208K, reserved 1048576K
}
Event: 26.770 GC heap before
{Heap before GC invocations=30 (full 2):
 PSYoungGen      total 26624K, used 22821K [0x00000000d5580000, 0x00000000d7280000, 0x0000000100000000)
  eden space 22016K, 99% used [0x00000000d5580000,0x00000000d6af0bd0,0x00000000d6b00000)
  from space 4608K, 18% used [0x00000000d6b00000,0x00000000d6bd8980,0x00000000d6f80000)
  to   space 2048K, 0% used [0x00000000d7080000,0x00000000d7080000,0x00000000d7280000)
 ParOldGen       total 68608K, used 48404K [0x0000000080000000, 0x0000000084300000, 0x00000000d5580000)
  object space 68608K, 70% used [0x0000000080000000,0x0000000082f45020,0x0000000084300000)
 Metaspace       used 52685K, committed 54016K, reserved 1114112K
  class space    used 5749K, committed 6336K, reserved 1048576K
}
Event: 26.773 GC heap after
{Heap after GC invocations=30 (full 2):
 PSYoungGen      total 22528K, used 416K [0x00000000d5580000, 0x00000000d7100000, 0x0000000100000000)
  eden space 22016K, 0% used [0x00000000d5580000,0x00000000d5580000,0x00000000d6b00000)
  from space 512K, 81% used [0x00000000d7080000,0x00000000d70e8000,0x00000000d7100000)
  to   space 1024K, 0% used [0x00000000d6f00000,0x00000000d6f00000,0x00000000d7000000)
 ParOldGen       total 68608K, used 49180K [0x0000000080000000, 0x0000000084300000, 0x00000000d5580000)
  object space 68608K, 71% used [0x0000000080000000,0x0000000083007218,0x0000000084300000)
 Metaspace       used 52685K, committed 54016K, reserved 1114112K
  class space    used 5749K, committed 6336K, reserved 1048576K
}
Event: 27.643 GC heap before
{Heap before GC invocations=31 (full 2):
 PSYoungGen      total 22528K, used 22432K [0x00000000d5580000, 0x00000000d7100000, 0x0000000100000000)
  eden space 22016K, 100% used [0x00000000d5580000,0x00000000d6b00000,0x00000000d6b00000)
  from space 512K, 81% used [0x00000000d7080000,0x00000000d70e8000,0x00000000d7100000)
  to   space 1024K, 0% used [0x00000000d6f00000,0x00000000d6f00000,0x00000000d7000000)
 ParOldGen       total 68608K, used 49185K [0x0000000080000000, 0x0000000084300000, 0x00000000d5580000)
  object space 68608K, 71% used [0x0000000080000000,0x0000000083008580,0x0000000084300000)
 Metaspace       used 54548K, committed 55872K, reserved 1114112K
  class space    used 5950K, committed 6528K, reserved 1048576K
}
Event: 27.647 GC heap after
{Heap after GC invocations=31 (full 2):
 PSYoungGen      total 23040K, used 867K [0x00000000d5580000, 0x00000000d7100000, 0x0000000100000000)
  eden space 22016K, 0% used [0x00000000d5580000,0x00000000d5580000,0x00000000d6b00000)
  from space 1024K, 84% used [0x00000000d6f00000,0x00000000d6fd8de0,0x00000000d7000000)
  to   space 1024K, 0% used [0x00000000d7000000,0x00000000d7000000,0x00000000d7100000)
 ParOldGen       total 68608K, used 49505K [0x0000000080000000, 0x0000000084300000, 0x00000000d5580000)
  object space 68608K, 72% used [0x0000000080000000,0x0000000083058580,0x0000000084300000)
 Metaspace       used 54548K, committed 55872K, reserved 1114112K
  class space    used 5950K, committed 6528K, reserved 1048576K
}

Dll operation events (10 events):
Event: 0.015 Loaded shared library c:\Users\sreyn\.vscode\extensions\redhat.java-1.53.0-win32-x64\jre\21.0.10-win32-x86_64\bin\java.dll
Event: 0.084 Loaded shared library c:\Users\sreyn\.vscode\extensions\redhat.java-1.53.0-win32-x64\jre\21.0.10-win32-x86_64\bin\zip.dll
Event: 0.642 Loaded shared library C:\Users\sreyn\.vscode\extensions\redhat.java-1.53.0-win32-x64\jre\21.0.10-win32-x86_64\bin\instrument.dll
Event: 0.658 Loaded shared library C:\Users\sreyn\.vscode\extensions\redhat.java-1.53.0-win32-x64\jre\21.0.10-win32-x86_64\bin\net.dll
Event: 0.661 Loaded shared library C:\Users\sreyn\.vscode\extensions\redhat.java-1.53.0-win32-x64\jre\21.0.10-win32-x86_64\bin\nio.dll
Event: 0.667 Loaded shared library C:\Users\sreyn\.vscode\extensions\redhat.java-1.53.0-win32-x64\jre\21.0.10-win32-x86_64\bin\zip.dll
Event: 0.688 Loaded shared library C:\Users\sreyn\.vscode\extensions\redhat.java-1.53.0-win32-x64\jre\21.0.10-win32-x86_64\bin\jimage.dll
Event: 0.774 Loaded shared library c:\Users\sreyn\.vscode\extensions\redhat.java-1.53.0-win32-x64\jre\21.0.10-win32-x86_64\bin\verify.dll
Event: 2.565 Loaded shared library C:\Users\sreyn\AppData\Roaming\Code\User\globalStorage\redhat.java\1.53.0\config_win\org.eclipse.equinox.launcher\org.eclipse.equinox.launcher.win32.win32.x86_64_1.3.0.v20260203-2149\eclipse_11919.dll
Event: 8.436 Loaded shared library C:\Users\sreyn\AppData\Local\Temp\jna-109702011\jna9369038598167049910.dll

Deoptimization events (20 events):
Event: 27.861 Thread 0x00000240666f7120 Uncommon trap: trap_request=0xffffffde fr.pc=0x0000024013154fd0 relative=0x0000000000000290
Event: 27.861 Thread 0x00000240666f7120 Uncommon trap: reason=class_check action=maybe_recompile pc=0x0000024013154fd0 method=java.util.Comparator.lambda$comparing$77a9974f$1(Ljava/util/function/Function;Ljava/lang/Object;Ljava/lang/Object;)I @ 7 c2
Event: 27.861 Thread 0x00000240666f7120 DEOPT PACKING pc=0x0000024013154fd0 sp=0x000000c63d1fdc40
Event: 27.861 Thread 0x00000240666f7120 DEOPT UNPACKING pc=0x0000024012986da2 sp=0x000000c63d1fdb70 mode 2
Event: 27.886 Thread 0x00000240666f77b0 Uncommon trap: trap_request=0xffffff45 fr.pc=0x00000240130ea094 relative=0x0000000000000074
Event: 27.886 Thread 0x00000240666f77b0 Uncommon trap: reason=unstable_if action=reinterpret pc=0x00000240130ea094 method=java.lang.StringConcatHelper.mix(JLjava/lang/String;)J @ 13 c2
Event: 27.886 Thread 0x00000240666f77b0 DEOPT PACKING pc=0x00000240130ea094 sp=0x000000c63d2fe160
Event: 27.886 Thread 0x00000240666f77b0 DEOPT UNPACKING pc=0x0000024012986da2 sp=0x000000c63d2fe0e0 mode 2
Event: 27.886 Thread 0x00000240666f77b0 Uncommon trap: trap_request=0xffffff45 fr.pc=0x000002401304bf70 relative=0x0000000000000150
Event: 27.886 Thread 0x00000240666f77b0 Uncommon trap: reason=unstable_if action=reinterpret pc=0x000002401304bf70 method=java.lang.StringConcatHelper.prepend(J[BLjava/lang/String;)J @ 13 c2
Event: 27.886 Thread 0x00000240666f77b0 DEOPT PACKING pc=0x000002401304bf70 sp=0x000000c63d2fe070
Event: 27.886 Thread 0x00000240666f77b0 DEOPT UNPACKING pc=0x0000024012986da2 sp=0x000000c63d2fe020 mode 2
Event: 27.886 Thread 0x00000240666f77b0 Uncommon trap: trap_request=0xffffff45 fr.pc=0x0000024013069160 relative=0x00000000000000c0
Event: 27.886 Thread 0x00000240666f77b0 Uncommon trap: reason=unstable_if action=reinterpret pc=0x0000024013069160 method=java.lang.StringConcatHelper.newString([BJ)Ljava/lang/String; @ 3 c2
Event: 27.886 Thread 0x00000240666f77b0 DEOPT PACKING pc=0x0000024013069160 sp=0x000000c63d2fe1b0
Event: 27.886 Thread 0x00000240666f77b0 DEOPT UNPACKING pc=0x0000024012986da2 sp=0x000000c63d2fe138 mode 2
Event: 27.889 Thread 0x00000240666f77b0 Uncommon trap: trap_request=0xffffff45 fr.pc=0x00000240132a6290 relative=0x00000000000002b0
Event: 27.889 Thread 0x00000240666f77b0 Uncommon trap: reason=unstable_if action=reinterpret pc=0x00000240132a6290 method=java.lang.AbstractStringBuilder.appendChars(Ljava/lang/String;II)V @ 11 c2
Event: 27.889 Thread 0x00000240666f77b0 DEOPT PACKING pc=0x00000240132a6290 sp=0x000000c63d2fd640
Event: 27.890 Thread 0x00000240666f77b0 DEOPT UNPACKING pc=0x0000024012986da2 sp=0x000000c63d2fd5e0 mode 2

Classes loaded (20 events):
Event: 27.233 Loading class java/util/Hashtable$ValueCollection
Event: 27.233 Loading class java/util/Hashtable$ValueCollection done
Event: 27.407 Loading class java/nio/charset/CharacterCodingException
Event: 27.407 Loading class java/nio/charset/CharacterCodingException done
Event: 27.407 Loading class java/io/SequenceInputStream
Event: 27.407 Loading class java/io/SequenceInputStream done
Event: 27.539 Loading class java/util/WeakHashMap$KeyIterator
Event: 27.539 Loading class java/util/WeakHashMap$KeyIterator done
Event: 27.718 Loading class java/util/Hashtable$KeySet
Event: 27.718 Loading class java/util/Hashtable$KeySet done
Event: 27.819 Loading class java/util/concurrent/CompletableFuture$UniApply
Event: 27.819 Loading class java/util/concurrent/CompletableFuture$UniApply done
Event: 27.825 Loading class java/util/concurrent/CompletableFuture$UniExceptionally
Event: 27.826 Loading class java/util/concurrent/CompletableFuture$UniExceptionally done
Event: 27.872 Loading class java/lang/Throwable$WrappedPrintWriter
Event: 27.872 Loading class java/lang/Throwable$PrintStreamOrWriter
Event: 27.872 Loading class java/lang/Throwable$PrintStreamOrWriter done
Event: 27.872 Loading class java/lang/Throwable$WrappedPrintWriter done
Event: 28.118 Loading class java/lang/UnsupportedClassVersionError
Event: 28.119 Loading class java/lang/UnsupportedClassVersionError done

Classes unloaded (7 events):
Event: 12.773 Thread 0x00000240082bbcb0 Unloading class 0x00000240201ab000 'java/lang/invoke/LambdaForm$MH+0x00000240201ab000'
Event: 12.773 Thread 0x00000240082bbcb0 Unloading class 0x00000240201aac00 'java/lang/invoke/LambdaForm$MH+0x00000240201aac00'
Event: 12.773 Thread 0x00000240082bbcb0 Unloading class 0x00000240201aa800 'java/lang/invoke/LambdaForm$MH+0x00000240201aa800'
Event: 12.773 Thread 0x00000240082bbcb0 Unloading class 0x00000240201aa400 'java/lang/invoke/LambdaForm$MH+0x00000240201aa400'
Event: 12.773 Thread 0x00000240082bbcb0 Unloading class 0x00000240201aa000 'java/lang/invoke/LambdaForm$BMH+0x00000240201aa000'
Event: 12.773 Thread 0x00000240082bbcb0 Unloading class 0x00000240201a9c00 'java/lang/invoke/LambdaForm$DMH+0x00000240201a9c00'
Event: 12.773 Thread 0x00000240082bbcb0 Unloading class 0x00000240201a8c00 'java/lang/invoke/LambdaForm$DMH+0x00000240201a8c00'

Classes redefined (0 events):
No events

Internal exceptions (20 events):
Event: 27.794 Thread 0x00000240666f7120 Exception <a 'sun/nio/fs/WindowsException'{0x00000000d5dd2140}> (0x00000000d5dd2140) 
thrown [s\src\hotspot\share\prims\jni.cpp, line 520]
Event: 27.796 Thread 0x00000240666f7120 Exception <a 'sun/nio/fs/WindowsException'{0x00000000d5dd3680}> (0x00000000d5dd3680) 
thrown [s\src\hotspot\share\prims\jni.cpp, line 520]
Event: 27.798 Thread 0x00000240666f7120 Exception <a 'sun/nio/fs/WindowsException'{0x00000000d5dd4188}> (0x00000000d5dd4188) 
thrown [s\src\hotspot\share\prims\jni.cpp, line 520]
Event: 27.798 Thread 0x00000240666f7120 Exception <a 'sun/nio/fs/WindowsException'{0x00000000d5dd55f0}> (0x00000000d5dd55f0) 
thrown [s\src\hotspot\share\prims\jni.cpp, line 520]
Event: 27.798 Thread 0x00000240666f7120 Exception <a 'sun/nio/fs/WindowsException'{0x00000000d5dd5f60}> (0x00000000d5dd5f60) 
thrown [s\src\hotspot\share\prims\jni.cpp, line 520]
Event: 27.799 Thread 0x00000240666f7120 Exception <a 'sun/nio/fs/WindowsException'{0x00000000d5e433a8}> (0x00000000d5e433a8) 
thrown [s\src\hotspot\share\prims\jni.cpp, line 520]
Event: 27.799 Thread 0x00000240666f7120 Exception <a 'sun/nio/fs/WindowsException'{0x00000000d5e43c00}> (0x00000000d5e43c00) 
thrown [s\src\hotspot\share\prims\jni.cpp, line 520]
Event: 27.811 Thread 0x00000240666f7120 Exception <a 'java/io/FileNotFoundException'{0x00000000d5f1d378}> (0x00000000d5f1d378) 
thrown [s\src\hotspot\share\prims\jni.cpp, line 520]
Event: 27.812 Thread 0x00000240666f7120 Exception <a 'java/io/FileNotFoundException'{0x00000000d5f1e0f8}> (0x00000000d5f1e0f8) 
thrown [s\src\hotspot\share\prims\jni.cpp, line 520]
Event: 27.831 Thread 0x00000240666f7120 Exception <a 'sun/nio/fs/WindowsException'{0x00000000d5f5c640}> (0x00000000d5f5c640) 
thrown [s\src\hotspot\share\prims\jni.cpp, line 520]
Event: 27.833 Thread 0x00000240666f7120 Exception <a 'sun/nio/fs/WindowsException'{0x00000000d5f5ce98}> (0x00000000d5f5ce98) 
thrown [s\src\hotspot\share\prims\jni.cpp, line 520]
Event: 27.835 Thread 0x00000240666fac30 Exception <a 'java/lang/IncompatibleClassChangeError'{0x00000000d5f06f68}: Found class java.lang.Object, but interface was expected> (0x00000000d5f06f68) 
thrown [s\src\hotspot\share\interpreter\linkResolver.cpp, line 840]
Event: 27.839 Thread 0x00000240666f7120 Exception <a 'sun/nio/fs/WindowsException'{0x00000000d5f5e2b8}> (0x00000000d5f5e2b8) 
thrown [s\src\hotspot\share\prims\jni.cpp, line 520]
Event: 27.840 Thread 0x00000240666f7120 Exception <a 'sun/nio/fs/WindowsException'{0x00000000d5f5e978}> (0x00000000d5f5e978) 
thrown [s\src\hotspot\share\prims\jni.cpp, line 520]
Event: 27.840 Thread 0x00000240666f7120 Exception <a 'sun/nio/fs/WindowsException'{0x00000000d5f5fb40}> (0x00000000d5f5fb40) 
thrown [s\src\hotspot\share\prims\jni.cpp, line 520]
Event: 27.840 Thread 0x00000240666f7120 Exception <a 'sun/nio/fs/WindowsException'{0x00000000d5f60398}> (0x00000000d5f60398) 
thrown [s\src\hotspot\share\prims\jni.cpp, line 520]
Event: 27.863 Thread 0x00000240666fac30 Exception <a 'java/lang/IncompatibleClassChangeError'{0x00000000d5f9d668}: Found class java.lang.Object, but interface was expected> (0x00000000d5f9d668) 
thrown [s\src\hotspot\share\interpreter\linkResolver.cpp, line 840]
Event: 27.875 Thread 0x00000240666fac30 Exception <a 'java/lang/IncompatibleClassChangeError'{0x00000000d5faeec0}: Found class java.lang.Object, but interface was expected> (0x00000000d5faeec0) 
thrown [s\src\hotspot\share\interpreter\linkResolver.cpp, line 840]
Event: 27.993 Thread 0x0000024065723570 Exception <a 'java/lang/NoSuchMethodError'{0x00000000d6125460}: 'java.lang.Object java.lang.invoke.DirectMethodHandle$Holder.invokeSpecial(java.lang.Object, java.lang.Object, int, long)'> (0x00000000d6125460) 
thrown [s\src\hotspot\share\interpreter\linkResolver.cpp, line 773]
Event: 28.147 Thread 0x00000240666fb950 Exception <a 'java/lang/NoSuchMethodError'{0x00000000d6571eb0}: 'int java.lang.invoke.Invokers$Holder.invokeExact_MT(java.lang.Object, java.lang.Object)'> (0x00000000d6571eb0) 
thrown [s\src\hotspot\share\interpreter\linkResolver.cpp, line 773]

ZGC Phase Switch (0 events):
No events

VM Operations (20 events):
Event: 25.507 Executing non-safepoint VM operation: HandshakeAllThreads (Deoptimize)
Event: 25.507 Executing non-safepoint VM operation: HandshakeAllThreads (Deoptimize) done
Event: 25.948 Executing safepoint VM operation: ParallelGCFailedAllocation (Allocation Failure)
Event: 25.953 Executing safepoint VM operation: ParallelGCFailedAllocation (Allocation Failure) done
Event: 26.770 Executing safepoint VM operation: ParallelGCFailedAllocation (Allocation Failure)
Event: 26.773 Executing safepoint VM operation: ParallelGCFailedAllocation (Allocation Failure) done
Event: 26.930 Executing non-safepoint VM operation: HandshakeAllThreads (Deoptimize)
Event: 26.930 Executing non-safepoint VM operation: HandshakeAllThreads (Deoptimize) done
Event: 27.546 Executing safepoint VM operation: ICBufferFull
Event: 27.546 Executing safepoint VM operation: ICBufferFull done
Event: 27.643 Executing safepoint VM operation: ParallelGCFailedAllocation (Allocation Failure)
Event: 27.643 Executing safepoint VM operation: ParallelGCFailedAllocation (Allocation Failure) done
Event: 27.643 Executing safepoint VM operation: ParallelGCSystemGC (GCLocker Initiated GC)
Event: 27.647 Executing safepoint VM operation: ParallelGCSystemGC (GCLocker Initiated GC) done
Event: 27.876 Executing non-safepoint VM operation: HandshakeAllThreads (Deoptimize)
Event: 27.876 Executing non-safepoint VM operation: HandshakeAllThreads (Deoptimize) done
Event: 28.136 Executing non-safepoint VM operation: HandshakeAllThreads (Deoptimize)
Event: 28.136 Executing non-safepoint VM operation: HandshakeAllThreads (Deoptimize) done
Event: 28.146 Executing safepoint VM operation: ICBufferFull
Event: 28.147 Executing safepoint VM operation: ICBufferFull done

Memory protections (0 events):
No events

Nmethod flushes (20 events):
Event: 18.594 Thread 0x00000240082bbcb0 flushing  nmethod 0x000002400ba66f10
Event: 18.594 Thread 0x00000240082bbcb0 flushing  nmethod 0x000002400ba67810
Event: 18.594 Thread 0x00000240082bbcb0 flushing  nmethod 0x000002400ba68a10
Event: 18.594 Thread 0x00000240082bbcb0 flushing  nmethod 0x000002400ba69210
Event: 18.594 Thread 0x00000240082bbcb0 flushing  nmethod 0x000002400ba6af10
Event: 18.594 Thread 0x00000240082bbcb0 flushing  nmethod 0x000002400ba6b410
Event: 18.594 Thread 0x00000240082bbcb0 flushing  nmethod 0x000002400ba6cc90
Event: 18.594 Thread 0x00000240082bbcb0 flushing  nmethod 0x000002400ba6d990
Event: 18.594 Thread 0x00000240082bbcb0 flushing  nmethod 0x000002400ba6f590
Event: 18.594 Thread 0x00000240082bbcb0 flushing  nmethod 0x000002400ba70410
Event: 18.594 Thread 0x00000240082bbcb0 flushing  nmethod 0x000002400bac1d10
Event: 18.594 Thread 0x00000240082bbcb0 flushing  nmethod 0x000002400bac8510
Event: 18.594 Thread 0x00000240082bbcb0 flushing  nmethod 0x000002400bad5190
Event: 18.594 Thread 0x00000240082bbcb0 flushing  nmethod 0x000002400bb21590
Event: 18.594 Thread 0x00000240082bbcb0 flushing  nmethod 0x000002400bb40410
Event: 18.594 Thread 0x00000240082bbcb0 flushing  nmethod 0x000002400bb55d90
Event: 18.594 Thread 0x00000240082bbcb0 flushing  nmethod 0x000002400bb56790
Event: 18.594 Thread 0x00000240082bbcb0 flushing  nmethod 0x000002400bb7ec10
Event: 18.594 Thread 0x00000240082bbcb0 flushing  nmethod 0x000002400bbbda10
Event: 18.594 Thread 0x00000240082bbcb0 flushing  nmethod 0x000002400bbbde90

Events (20 events):
Event: 15.957 Thread 0x00000240657221c0 Thread added: 0x00000240666f7e40
Event: 16.212 Thread 0x0000024008166a30 Thread added: 0x000002406670c9c0
Event: 17.847 Thread 0x0000024065724290 Thread added: 0x00000240666f56e0
Event: 18.935 Thread 0x00000240666f7e40 Thread added: 0x00000240666f7120
Event: 19.233 Thread 0x00000240666f7120 Thread added: 0x00000240666f77b0
Event: 19.506 Thread 0x00000240081fcad0 Thread added: 0x00000240666f5050
Event: 19.506 Thread 0x00000240081fcad0 Thread added: 0x00000240666f5d70
Event: 19.506 Thread 0x00000240081fcad0 Thread added: 0x00000240666f49c0
Event: 19.509 Thread 0x00000240081fcad0 Thread added: 0x00000240666f6a90
Event: 19.509 Thread 0x00000240081fcad0 Thread added: 0x00000240666fb2c0
Event: 19.682 Thread 0x00000240081fcad0 Thread added: 0x00000240666f9f10
Event: 20.289 Thread 0x00000240081fcad0 Thread added: 0x00000240666f8b60
Event: 20.291 Thread 0x00000240081fcad0 Thread added: 0x00000240666fac30
Event: 21.253 Thread 0x00000240657221c0 Thread added: 0x00000240666fb950
Event: 21.254 Thread 0x00000240666fb950 Thread added: 0x00000240666f84d0
Event: 21.255 Thread 0x00000240657221c0 Thread added: 0x00000240666fa5a0
Event: 25.867 Thread 0x000002406670c9c0 Thread exited: 0x000002406670c9c0
Event: 27.049 Thread 0x0000024008166a30 Thread added: 0x0000024067b6b350
Event: 27.338 Thread 0x0000024067b6b350 Thread exited: 0x0000024067b6b350
Event: 27.479 Thread 0x0000024008166a30 Thread added: 0x0000024067b6dc30


Dynamic libraries:
0x00007ff696fa0000 - 0x00007ff696fae000 	c:\Users\sreyn\.vscode\extensions\redhat.java-1.53.0-win32-x64\jre\21.0.10-win32-x86_64\bin\java.exe
0x00007ffd26160000 - 0x00007ffd263c7000 	C:\WINDOWS\SYSTEM32\ntdll.dll
0x00007ffd245a0000 - 0x00007ffd24669000 	C:\WINDOWS\System32\KERNEL32.DLL
0x00007ffd23b00000 - 0x00007ffd23eef000 	C:\WINDOWS\System32\KERNELBASE.dll
0x00007ffd232b0000 - 0x00007ffd233fb000 	C:\WINDOWS\System32\ucrtbase.dll
0x00007ffd110e0000 - 0x00007ffd110f8000 	c:\Users\sreyn\.vscode\extensions\redhat.java-1.53.0-win32-x64\jre\21.0.10-win32-x86_64\bin\jli.dll
0x00007ffd25a20000 - 0x00007ffd25be5000 	C:\WINDOWS\System32\USER32.dll
0x00007ffd23ad0000 - 0x00007ffd23af7000 	C:\WINDOWS\System32\win32u.dll
0x00007ffd25790000 - 0x00007ffd257bb000 	C:\WINDOWS\System32\GDI32.dll
0x00007ffd236f0000 - 0x00007ffd2381c000 	C:\WINDOWS\System32\gdi32full.dll
0x00007ffd11020000 - 0x00007ffd1103e000 	c:\Users\sreyn\.vscode\extensions\redhat.java-1.53.0-win32-x64\jre\21.0.10-win32-x86_64\bin\VCRUNTIME140.dll
0x00007ffd23970000 - 0x00007ffd23a13000 	C:\WINDOWS\System32\msvcp_win.dll
0x00007ffd08f80000 - 0x00007ffd09213000 	C:\WINDOWS\WinSxS\amd64_microsoft.windows.common-controls_6595b64144ccf1df_6.0.26100.7309_none_3e05feeae336a044\COMCTL32.dll
0x00007ffd25020000 - 0x00007ffd250c9000 	C:\WINDOWS\System32\msvcrt.dll
0x00007ffd247c0000 - 0x00007ffd247f1000 	C:\WINDOWS\System32\IMM32.DLL
0x00007ffd11680000 - 0x00007ffd1168c000 	c:\Users\sreyn\.vscode\extensions\redhat.java-1.53.0-win32-x64\jre\21.0.10-win32-x86_64\bin\vcruntime140_1.dll
0x00007ffceab60000 - 0x00007ffceabed000 	c:\Users\sreyn\.vscode\extensions\redhat.java-1.53.0-win32-x64\jre\21.0.10-win32-x86_64\bin\msvcp140.dll
0x00007ffc91350000 - 0x00007ffc920f1000 	c:\Users\sreyn\.vscode\extensions\redhat.java-1.53.0-win32-x64\jre\21.0.10-win32-x86_64\bin\server\jvm.dll
0x00007ffd24070000 - 0x00007ffd24124000 	C:\WINDOWS\System32\ADVAPI32.dll
0x00007ffd24670000 - 0x00007ffd24716000 	C:\WINDOWS\System32\sechost.dll
0x00007ffd250d0000 - 0x00007ffd251e8000 	C:\WINDOWS\System32\RPCRT4.dll
0x00007ffd24520000 - 0x00007ffd24594000 	C:\WINDOWS\System32\WS2_32.dll
0x00007ffd23110000 - 0x00007ffd2316e000 	C:\WINDOWS\SYSTEM32\POWRPROF.dll
0x00007ffd18550000 - 0x00007ffd18585000 	C:\WINDOWS\SYSTEM32\WINMM.dll
0x00007ffd0f250000 - 0x00007ffd0f25b000 	C:\WINDOWS\SYSTEM32\VERSION.dll
0x00007ffd230f0000 - 0x00007ffd23104000 	C:\WINDOWS\SYSTEM32\UMPDC.dll
0x00007ffd22060000 - 0x00007ffd2207b000 	C:\WINDOWS\SYSTEM32\kernel.appcore.dll
0x00007ffd11610000 - 0x00007ffd1161a000 	c:\Users\sreyn\.vscode\extensions\redhat.java-1.53.0-win32-x64\jre\21.0.10-win32-x86_64\bin\jimage.dll
0x00007ffd20b40000 - 0x00007ffd20d82000 	C:\WINDOWS\SYSTEM32\DBGHELP.DLL
0x00007ffd25d90000 - 0x00007ffd26115000 	C:\WINDOWS\System32\combase.dll
0x00007ffd258c0000 - 0x00007ffd25996000 	C:\WINDOWS\System32\OLEAUT32.dll
0x00007ffd03260000 - 0x00007ffd0329c000 	C:\WINDOWS\SYSTEM32\dbgcore.DLL
0x00007ffd23a20000 - 0x00007ffd23ac5000 	C:\WINDOWS\System32\bcryptPrimitives.dll
0x00007ffd10f70000 - 0x00007ffd10f7f000 	c:\Users\sreyn\.vscode\extensions\redhat.java-1.53.0-win32-x64\jre\21.0.10-win32-x86_64\bin\instrument.dll
0x00007ffd10f50000 - 0x00007ffd10f70000 	c:\Users\sreyn\.vscode\extensions\redhat.java-1.53.0-win32-x64\jre\21.0.10-win32-x86_64\bin\java.dll
0x00007ffd248c0000 - 0x00007ffd25013000 	C:\WINDOWS\System32\SHELL32.dll
0x00007ffd23580000 - 0x00007ffd236ea000 	C:\WINDOWS\System32\wintypes.dll
0x00007ffd20eb0000 - 0x00007ffd2170e000 	C:\WINDOWS\SYSTEM32\windows.storage.dll
0x00007ffd257c0000 - 0x00007ffd258b5000 	C:\WINDOWS\System32\SHCORE.dll
0x00007ffd24410000 - 0x00007ffd24476000 	C:\WINDOWS\System32\shlwapi.dll
0x00007ffd231d0000 - 0x00007ffd231f9000 	C:\WINDOWS\SYSTEM32\profapi.dll
0x00007ffd0da30000 - 0x00007ffd0da48000 	c:\Users\sreyn\.vscode\extensions\redhat.java-1.53.0-win32-x64\jre\21.0.10-win32-x86_64\bin\zip.dll
0x00007ffd10f40000 - 0x00007ffd10f50000 	C:\Users\sreyn\.vscode\extensions\redhat.java-1.53.0-win32-x64\jre\21.0.10-win32-x86_64\bin\net.dll
0x00007ffd13210000 - 0x00007ffd13338000 	C:\WINDOWS\SYSTEM32\WINHTTP.dll
0x00007ffd225d0000 - 0x00007ffd2263b000 	C:\WINDOWS\system32\mswsock.dll
0x00007ffd0da90000 - 0x00007ffd0daa6000 	C:\Users\sreyn\.vscode\extensions\redhat.java-1.53.0-win32-x64\jre\21.0.10-win32-x86_64\bin\nio.dll
0x00007ffd10110000 - 0x00007ffd10120000 	c:\Users\sreyn\.vscode\extensions\redhat.java-1.53.0-win32-x64\jre\21.0.10-win32-x86_64\bin\verify.dll
0x00007ffce8de0000 - 0x00007ffce8e25000 	C:\Users\sreyn\AppData\Roaming\Code\User\globalStorage\redhat.java\1.53.0\config_win\org.eclipse.equinox.launcher\org.eclipse.equinox.launcher.win32.win32.x86_64_1.3.0.v20260203-2149\eclipse_11919.dll
0x00007ffd25bf0000 - 0x00007ffd25d87000 	C:\WINDOWS\System32\ole32.dll
0x00007ffd22890000 - 0x00007ffd228ab000 	C:\WINDOWS\SYSTEM32\CRYPTSP.dll
0x00007ffd21fc0000 - 0x00007ffd21ffa000 	C:\WINDOWS\system32\rsaenh.dll
0x00007ffd22680000 - 0x00007ffd226ab000 	C:\WINDOWS\SYSTEM32\USERENV.dll
0x00007ffd231a0000 - 0x00007ffd231ca000 	C:\WINDOWS\SYSTEM32\bcrypt.dll
0x00007ffd228b0000 - 0x00007ffd228bc000 	C:\WINDOWS\SYSTEM32\CRYPTBASE.dll
0x00007ffd21b00000 - 0x00007ffd21b34000 	C:\WINDOWS\SYSTEM32\IPHLPAPI.DLL
0x00007ffd25a10000 - 0x00007ffd25a1a000 	C:\WINDOWS\System32\NSI.dll
0x00007ffce8d90000 - 0x00007ffce8dd9000 	C:\Users\sreyn\AppData\Local\Temp\jna-109702011\jna9369038598167049910.dll
0x00007ffd259a0000 - 0x00007ffd259a8000 	C:\WINDOWS\System32\PSAPI.DLL
0x00007ffd13370000 - 0x00007ffd1338e000 	C:\WINDOWS\SYSTEM32\dhcpcsvc6.DLL
0x00007ffd13340000 - 0x00007ffd13363000 	C:\WINDOWS\SYSTEM32\dhcpcsvc.DLL

JVMTI agents:
c:\Users\sreyn\.vscode\extensions\redhat.java-1.53.0-win32-x64\lombok\lombok-1.18.39-4050.jar path:c:\Users\sreyn\.vscode\extensions\redhat.java-1.53.0-win32-x64\jre\21.0.10-win32-x86_64\bin\instrument.dll, loaded, initialized, instrumentlib options:none

dbghelp: loaded successfully - version: 4.0.5 - missing functions: none
symbol engine: initialized successfully - sym options: 0x614 - pdb path: .;c:\Users\sreyn\.vscode\extensions\redhat.java-1.53.0-win32-x64\jre\21.0.10-win32-x86_64\bin;C:\WINDOWS\SYSTEM32;C:\WINDOWS\WinSxS\amd64_microsoft.windows.common-controls_6595b64144ccf1df_6.0.26100.7309_none_3e05feeae336a044;c:\Users\sreyn\.vscode\extensions\redhat.java-1.53.0-win32-x64\jre\21.0.10-win32-x86_64\bin\server;C:\Users\sreyn\AppData\Roaming\Code\User\globalStorage\redhat.java\1.53.0\config_win\org.eclipse.equinox.launcher\org.eclipse.equinox.launcher.win32.win32.x86_64_1.3.0.v20260203-2149;C:\Users\sreyn\AppData\Local\Temp\jna-109702011

VM Arguments:
jvm_args: --add-modules=ALL-SYSTEM --add-opens=java.base/java.util=ALL-UNNAMED --add-opens=java.base/java.lang=ALL-UNNAMED --add-opens=java.base/sun.nio.fs=ALL-UNNAMED -Declipse.application=org.eclipse.jdt.ls.core.id1 -Dosgi.bundles.defaultStartLevel=4 -Declipse.product=org.eclipse.jdt.ls.core.product -Djava.import.generatesMetadataFilesAtProjectRoot=false -DDetectVMInstallationsJob.disabled=true -Dfile.encoding=utf8 -XX:+UseParallelGC -XX:GCTimeRatio=4 -XX:AdaptiveSizePolicyWeight=90 -Dsun.zip.disableMemoryMapping=true -Xmx2G -Xms100m -Xlog:disable -javaagent:c:\Users\sreyn\.vscode\extensions\redhat.java-1.53.0-win32-x64\lombok\lombok-1.18.39-4050.jar -XX:+HeapDumpOnOutOfMemoryError -XX:HeapDumpPath=c:\Users\sreyn\AppData\Roaming\Code\User\workspaceStorage\a483725c38a89179fd28c241c5e416ec\redhat.java -Daether.dependencyCollector.impl=bf 
java_command: c:\Users\sreyn\.vscode\extensions\redhat.java-1.53.0-win32-x64\server\plugins\org.eclipse.equinox.launcher_1.7.100.v20251111-0406.jar -configuration c:\Users\sreyn\AppData\Roaming\Code\User\globalStorage\redhat.java\1.53.0\config_win -data c:\Users\sreyn\AppData\Roaming\Code\User\workspaceStorage\a483725c38a89179fd28c241c5e416ec\redhat.java\jdt_ws --pipe=\\.\pipe\lsp-487a0f6c576cf1994cb1ebed2c766fc6-sock
java_class_path (initial): c:\Users\sreyn\.vscode\extensions\redhat.java-1.53.0-win32-x64\server\plugins\org.eclipse.equinox.launcher_1.7.100.v20251111-0406.jar
Launcher Type: SUN_STANDARD

[Global flags]
    uintx AdaptiveSizePolicyWeight                 = 90                                        {product} {command line}
     intx CICompilerCount                          = 3                                         {product} {ergonomic}
    uintx GCTimeRatio                              = 4                                         {product} {command line}
     bool HeapDumpOnOutOfMemoryError               = true                                   {manageable} {command line}
    ccstr HeapDumpPath                             = c:\Users\sreyn\AppData\Roaming\Code\User\workspaceStorage\a483725c38a89179fd28c241c5e416ec\redhat.java         {manageable} {command line}
   size_t InitialHeapSize                          = 104857600                                 {product} {command line}
   size_t MaxHeapSize                              = 2147483648                                {product} {command line}
   size_t MaxNewSize                               = 715653120                                 {product} {ergonomic}
   size_t MinHeapDeltaBytes                        = 524288                                    {product} {ergonomic}
   size_t MinHeapSize                              = 104857600                                 {product} {command line}
   size_t NewSize                                  = 34603008                                  {product} {ergonomic}
    uintx NonNMethodCodeHeapSize                   = 5832780                                {pd product} {ergonomic}
    uintx NonProfiledCodeHeapSize                  = 122912730                              {pd product} {ergonomic}
   size_t OldSize                                  = 70254592                                  {product} {ergonomic}
    uintx ProfiledCodeHeapSize                     = 122912730                              {pd product} {ergonomic}
    uintx ReservedCodeCacheSize                    = 251658240                              {pd product} {ergonomic}
     bool SegmentedCodeCache                       = true                                      {product} {ergonomic}
   size_t SoftMaxHeapSize                          = 2147483648                             {manageable} {ergonomic}
     bool UseCompressedOops                        = true                           {product lp64_product} {ergonomic}
     bool UseLargePagesIndividualAllocation        = false                                  {pd product} {ergonomic}
     bool UseParallelGC                            = true                                      {product} {command line}

Logging:
Log output configuration:
 #0: stdout all=off uptime,level,tags foldmultilines=false
 #1: stderr all=off uptime,level,tags foldmultilines=false

Release file:
JAVA_VERSION="21.0.10" 
MODULES="java.base java.compiler java.datatransfer java.xml java.prefs java.desktop java.instrument java.logging java.management java.security.sasl java.naming java.rmi java.management.rmi java.net.http java.scripting java.security.jgss java.transaction.xa java.sql java.sql.rowset java.xml.crypto java.se java.smartcardio jdk.accessibility jdk.internal.jvmstat jdk.attach jdk.charsets jdk.internal.opt jdk.zipfs jdk.compiler jdk.crypto.ec jdk.crypto.cryptoki jdk.crypto.mscapi jdk.dynalink jdk.internal.ed jdk.editpad jdk.hotspot.agent jdk.httpserver jdk.internal.le jdk.internal.vm.ci jdk.internal.vm.compiler jdk.internal.vm.compiler.management jdk.jartool jdk.javadoc jdk.jcmd jdk.management jdk.management.agent jdk.jconsole jdk.jdeps jdk.jdwp.agent jdk.jdi jdk.jfr jdk.jshell jdk.jsobject jdk.jstatd jdk.localedata jdk.management.jfr jdk.naming.dns jdk.naming.rmi jdk.net jdk.nio.mapmode jdk.random jdk.sctp jdk.security.auth jdk.security.jgss jdk.unsupported jdk.unsupported.desktop jdk.xml.dom" 

Environment Variables:
JAVA_HOME=C:\Program Files\Amazon Corretto\jdk21.0.9_10
PATH=C:\Users\sreyn\AppData\Local\Programs\Microsoft VS Code;C:\Program Files\Amazon Corretto\jdk21.0.9_10\bin;C:\WINDOWS\system32;C:\WINDOWS;C:\WINDOWS\System32\Wbem;C:\WINDOWS\System32\WindowsPowerShell\v1.0\;C:\WINDOWS\System32\OpenSSH\;C:\Program Files\Git\cmd;C:\Users\sreyn\Downloads\php-8.4.5-nts-Win32-vs17-x64;C:\Program Files\nodejs\;C:\Program Files\PostgreSQL\18\bin;C:\Program Files\Docker\Docker\resources\bin;C:\Program Files\Apache\Maven\apache-maven-3.9.9\bin;C:\Users\sreyn\.local\bin;C:\Users\sreyn\AppData\Local\Microsoft\WindowsApps;C:\Users\sreyn\AppData\Local\Programs\Microsoft VS Code\bin;C:\Users\sreyn\AppData\Roaming\npm;C:\Users\sreyn\AppData\Local\ComposerSetup\bin;C:\Users\sreyn\AppData\Roaming\Composer\vendor\bin;C:\Program Files\JetBrains\DataGrip 2025.3.3\bin;C:\Program Files\JetBrains\IntelliJ IDEA 2025.3.2\bin
USERNAME=sreyn
OS=Windows_NT
PROCESSOR_IDENTIFIER=Intel64 Family 6 Model 140 Stepping 1, GenuineIntel
TMP=C:\Users\sreyn\AppData\Local\Temp
TEMP=C:\Users\sreyn\AppData\Local\Temp




Periodic native trim disabled

---------------  S Y S T E M  ---------------

OS:
 Windows 11 , 64 bit Build 26100 (10.0.26100.7309)
OS uptime: 0 days 22:34 hours
Hyper-V role detected

CPU: total 4 (initial active 4) (2 cores per cpu, 2 threads per core) family 6 model 140 stepping 1 microcode 0xa6, cx8, cmov, fxsr, ht, mmx, 3dnowpref, sse, sse2, sse3, ssse3, sse4.1, sse4.2, popcnt, lzcnt, tsc, tscinvbit, avx, avx2, aes, erms, clmul, bmi1, bmi2, adx, avx512f, avx512dq, avx512cd, avx512bw, avx512vl, sha, fma, vzeroupper, avx512_vpopcntdq, avx512_vpclmulqdq, avx512_vaes, avx512_vnni, clflush, clflushopt, clwb, avx512_vbmi2, avx512_vbmi, hv, rdtscp, rdpid, fsrm, gfni, avx512_bitalg, f16c, cet_ibt, cet_ss, avx512_ifma
Processor Information for the first 4 processors :
  Max Mhz: 2995, Current Mhz: 998, Mhz Limit: 2995

Memory: 4k page, system-wide physical 11982M (1428M free)
TotalPageFile size 14719M (AvailPageFile size 77M)
current process WorkingSet (physical memory assigned to process): 254M, peak: 255M
current process commit charge ("private bytes"): 334M, peak: 340M

vm_info: OpenJDK 64-Bit Server VM (21.0.10+7-LTS) for windows-amd64 JRE (21.0.10+7-LTS), built on 2026-01-20T00:00:00Z by "admin" with MS VC++ 17.12 (VS2022)

END.
